#
# There is insufficient memory for the Java Runtime Environment to continue.
# Native memory allocation (malloc) failed to allocate 975376 bytes. Error detail: Chunk::new
# Possible reasons:
#   The system is out of physical RAM or swap space
#   This process is running with CompressedOops enabled, and the Java Heap may be blocking the growth of the native heap
# Possible solutions:
#   Reduce memory load on the system
#   Increase physical memory or swap space
#   Check if swap backing store is full
#   Decrease Java heap size (-Xmx/-Xms)
#   Decrease number of Java threads
#   Decrease Java thread stack sizes (-Xss)
#   Set larger code cache with -XX:ReservedCodeCacheSize=
#   JVM is running with Unscaled Compressed Oops mode in which the Java heap is
#     placed in the first 4GB address space. The Java Heap base address is the
#     maximum limit for the native heap growth. Please use -XX:HeapBaseMinAddress
#     to set the Java Heap base and to place the Java Heap above 4GB virtual address.
# This output file may be truncated or incomplete.
#
#  Out of Memory Error (arena.cpp:168), pid=5580, tid=21348
#
# JRE version: OpenJDK Runtime Environment Temurin-21.0.8+9 (21.0.8+9) (build 21.0.8+9-LTS)
# Java VM: OpenJDK 64-Bit Server VM Temurin-21.0.8+9 (21.0.8+9-LTS, mixed mode, sharing, tiered, compressed oops, compressed class ptrs, parallel gc, windows-amd64)
# No core dump will be written. Minidumps are not enabled by default on client versions of Windows
#

---------------  S U M M A R Y ------------

Command Line: --add-modules=ALL-SYSTEM --add-opens=java.base/java.util=ALL-UNNAMED --add-opens=java.base/java.lang=ALL-UNNAMED --add-opens=java.base/sun.nio.fs=ALL-UNNAMED -Declipse.application=org.eclipse.jdt.ls.core.id1 -Dosgi.bundles.defaultStartLevel=4 -Declipse.product=org.eclipse.jdt.ls.core.product -Djava.import.generatesMetadataFilesAtProjectRoot=false -DDetectVMInstallationsJob.disabled=true -Dfile.encoding=utf8 -XX:+UseParallelGC -XX:GCTimeRatio=4 -XX:AdaptiveSizePolicyWeight=90 -Dsun.zip.disableMemoryMapping=true -Xmx2G -Xms100m -Xlog:disable -javaagent:c:\Users\maelp\.vscode\extensions\redhat.java-1.45.0-win32-x64\lombok\lombok-1.18.39-4050.jar -XX:+HeapDumpOnOutOfMemoryError -XX:HeapDumpPath=c:\Users\maelp\AppData\Roaming\Code\User\workspaceStorage\67cc0a9cd1d299d073085c9cd47edfa7\redhat.java -Daether.dependencyCollector.impl=bf c:\Users\maelp\.vscode\extensions\redhat.java-1.45.0-win32-x64\server\plugins\org.eclipse.equinox.launcher_1.7.0.v20250519-0528.jar -configuration c:\Users\maelp\AppData\Roaming\Code\User\globalStorage\redhat.java\1.45.0\config_win -data c:\Users\maelp\AppData\Roaming\Code\User\workspaceStorage\67cc0a9cd1d299d073085c9cd47edfa7\redhat.java\jdt_ws --pipe=\\.\pipe\lsp-9682b3ac671a42433c0a17b16f8496e7-sock

Host: Intel(R) Core(TM) i7-10750H CPU @ 2.60GHz, 12 cores, 15G,  Windows 11 , 64 bit Build 22621 (10.0.22621.5415)
Time: Wed Sep 24 02:06:41 2025 Mitteleuropäische Sommerzeit elapsed time: 8.066869 seconds (0d 0h 0m 8s)

---------------  T H R E A D  ---------------

Current thread (0x0000013fd75306c0):  JavaThread "C2 CompilerThread2" daemon [_thread_in_native, id=21348, stack(0x0000003740900000,0x0000003740a00000) (1024K)]


Current CompileTask:
C2:8066 7934       4       org.eclipse.jdt.internal.compiler.lookup.LookupEnvironment::getTypeFromConstantPoolName (111 bytes)

Stack: [0x0000003740900000,0x0000003740a00000]
Native frames: (J=compiled Java code, j=interpreted, Vv=VM code, C=native code)
V  [jvm.dll+0x6d2449]
V  [jvm.dll+0x8ae341]
V  [jvm.dll+0x8b08be]
V  [jvm.dll+0x8b0fa3]
V  [jvm.dll+0x280c96]
V  [jvm.dll+0xc581d]
V  [jvm.dll+0xc5d53]
V  [jvm.dll+0x3b9162]
V  [jvm.dll+0x385315]
V  [jvm.dll+0x38477a]
V  [jvm.dll+0x248ed0]
V  [jvm.dll+0x2484af]
V  [jvm.dll+0x1c89ee]
V  [jvm.dll+0x257d4d]
V  [jvm.dll+0x2562ea]
V  [jvm.dll+0x3f2d16]
V  [jvm.dll+0x857e6b]
V  [jvm.dll+0x6d0b0d]
C  [ucrtbase.dll+0x29333]
C  [KERNEL32.DLL+0x1259d]
C  [ntdll.dll+0x5af78]


---------------  P R O C E S S  ---------------

Threads class SMR info:
_java_thread_list=0x0000013fd9ef1a50, length=82, elements={
0x0000013ff8602450, 0x0000013ff86a5400, 0x0000013fd01fd600, 0x0000013ff86a71e0,
0x0000013ff86a8090, 0x0000013ff86aff80, 0x0000013ff86ad190, 0x0000013ff86b61e0,
0x0000013ff86b74b0, 0x0000013ff86b0610, 0x0000013ff86ad820, 0x0000013ff86af260,
0x0000013ff86adeb0, 0x0000013ff86aebd0, 0x0000013ff86af8f0, 0x0000013fd78e3c50,
0x0000013fd78dfab0, 0x0000013fd78e42e0, 0x0000013fd78e1b80, 0x0000013fd78dd9e0,
0x0000013fd78e4970, 0x0000013fd78de070, 0x0000013fd78de700, 0x0000013fd76cf540,
0x0000013fd75306c0, 0x0000013fd78e14f0, 0x0000013fd78ded90, 0x0000013fd78e07d0,
0x0000013fd78e0140, 0x0000013fd78df420, 0x0000013fd78e0e60, 0x0000013fd78e2f30,
0x0000013fd78e35c0, 0x0000013fd9cae660, 0x0000013fd9cb4f60, 0x0000013fd9cb2170,
0x0000013fd9cb00a0, 0x0000013fd9cb0730, 0x0000013fd9cb3bb0, 0x0000013fd9caecf0,
0x0000013fd9cb48d0, 0x0000013fd9caf380, 0x0000013fd9cb1450, 0x0000013fd9cb2800,
0x0000013fd9cb3520, 0x0000013fd9cafa10, 0x0000013fd9cadfd0, 0x0000013fd9cb2e90,
0x0000013fd9cb4240, 0x0000013fd9cb55f0, 0x0000013fd9cb0dc0, 0x0000013fd9cb1ae0,
0x0000013fd92f9df0, 0x0000013fd92f7000, 0x0000013fd92fab10, 0x0000013fd92f83b0,
0x0000013fd92fbec0, 0x0000013fd92fcbe0, 0x0000013fd92fc550, 0x0000013fd92f8a40,
0x0000013fd92fd270, 0x0000013fd92fa480, 0x0000013fd92fb830, 0x0000013fd92f7d20,
0x0000013fd92fb1a0, 0x0000013fd92fdf90, 0x0000013fd92fd900, 0x0000013fd92fe620,
0x0000013fd92f90d0, 0x0000013fd92f9760, 0x0000013fd9893ff0, 0x0000013fd9894680,
0x0000013fd98960c0, 0x0000013fd9898190, 0x0000013fd989a8f0, 0x0000013fd9899bd0,
0x0000013fd9897470, 0x0000013fd9897b00, 0x0000013fd989a260, 0x0000013fd9898eb0,
0x0000013fd9894d10, 0x0000013fd9896750
}

Java Threads: ( => current thread )
  0x0000013ff8602450 JavaThread "main"                              [_thread_blocked, id=10608, stack(0x000000373e500000,0x000000373e600000) (1024K)]
  0x0000013ff86a5400 JavaThread "Reference Handler"          daemon [_thread_blocked, id=5596, stack(0x000000373e900000,0x000000373ea00000) (1024K)]
  0x0000013fd01fd600 JavaThread "Finalizer"                  daemon [_thread_blocked, id=16260, stack(0x000000373ea00000,0x000000373eb00000) (1024K)]
  0x0000013ff86a71e0 JavaThread "Signal Dispatcher"          daemon [_thread_blocked, id=25240, stack(0x000000373eb00000,0x000000373ec00000) (1024K)]
  0x0000013ff86a8090 JavaThread "Attach Listener"            daemon [_thread_blocked, id=14444, stack(0x000000373ec00000,0x000000373ed00000) (1024K)]
  0x0000013ff86aff80 JavaThread "Service Thread"             daemon [_thread_blocked, id=31300, stack(0x000000373ed00000,0x000000373ee00000) (1024K)]
  0x0000013ff86ad190 JavaThread "Monitor Deflation Thread"   daemon [_thread_blocked, id=22556, stack(0x000000373ee00000,0x000000373ef00000) (1024K)]
  0x0000013ff86b61e0 JavaThread "C2 CompilerThread0"         daemon [_thread_in_native, id=8224, stack(0x000000373ef00000,0x000000373f000000) (1024K)]
  0x0000013ff86b74b0 JavaThread "C1 CompilerThread0"         daemon [_thread_blocked, id=8032, stack(0x000000373f000000,0x000000373f100000) (1024K)]
  0x0000013ff86b0610 JavaThread "Common-Cleaner"             daemon [_thread_blocked, id=29972, stack(0x000000373f100000,0x000000373f200000) (1024K)]
  0x0000013ff86ad820 JavaThread "Notification Thread"        daemon [_thread_blocked, id=28456, stack(0x000000373f400000,0x000000373f500000) (1024K)]
  0x0000013ff86af260 JavaThread "Active Thread: Equinox Container: 4f2c8c51-8980-4586-8381-0ce6082694d7"        [_thread_blocked, id=18708, stack(0x000000373fb00000,0x000000373fc00000) (1024K)]
  0x0000013ff86adeb0 JavaThread "Refresh Thread: Equinox Container: 4f2c8c51-8980-4586-8381-0ce6082694d7" daemon [_thread_blocked, id=3832, stack(0x000000373fc00000,0x000000373fd00000) (1024K)]
  0x0000013ff86aebd0 JavaThread "Framework Event Dispatcher: Equinox Container: 4f2c8c51-8980-4586-8381-0ce6082694d7" daemon [_thread_blocked, id=22420, stack(0x000000373fe00000,0x000000373ff00000) (1024K)]
  0x0000013ff86af8f0 JavaThread "Start Level: Equinox Container: 4f2c8c51-8980-4586-8381-0ce6082694d7" daemon [_thread_blocked, id=30976, stack(0x000000373ff00000,0x0000003740000000) (1024K)]
  0x0000013fd78e3c50 JavaThread "Bundle File Closer"         daemon [_thread_blocked, id=11404, stack(0x0000003740200000,0x0000003740300000) (1024K)]
  0x0000013fd78dfab0 JavaThread "SCR Component Actor"        daemon [_thread_blocked, id=31144, stack(0x0000003740300000,0x0000003740400000) (1024K)]
  0x0000013fd78e42e0 JavaThread "SCR Component Registry"     daemon [_thread_blocked, id=5800, stack(0x0000003740400000,0x0000003740500000) (1024K)]
  0x0000013fd78e1b80 JavaThread "Worker-JM"                         [_thread_blocked, id=5720, stack(0x000000373f300000,0x000000373f400000) (1024K)]
  0x0000013fd78dd9e0 JavaThread "JNA Cleaner"                daemon [_thread_blocked, id=5492, stack(0x0000003740500000,0x0000003740600000) (1024K)]
  0x0000013fd78e4970 JavaThread "Worker-0"                          [_thread_blocked, id=8060, stack(0x0000003740600000,0x0000003740700000) (1024K)]
  0x0000013fd78de070 JavaThread "Worker-1: Building"                [_thread_blocked, id=6268, stack(0x0000003740700000,0x0000003740800000) (1024K)]
  0x0000013fd78de700 JavaThread "Worker-2"                          [_thread_blocked, id=3256, stack(0x0000003740800000,0x0000003740900000) (1024K)]
  0x0000013fd76cf540 JavaThread "C2 CompilerThread1"         daemon [_thread_in_native, id=21364, stack(0x000000373f200000,0x000000373f300000) (1024K)]
=>0x0000013fd75306c0 JavaThread "C2 CompilerThread2"         daemon [_thread_in_native, id=21348, stack(0x0000003740900000,0x0000003740a00000) (1024K)]
  0x0000013fd78e14f0 JavaThread "Java indexing"              daemon [_thread_blocked, id=11020, stack(0x0000003740a00000,0x0000003740b00000) (1024K)]
  0x0000013fd78ded90 JavaThread "Worker-3"                          [_thread_blocked, id=11344, stack(0x0000003740b00000,0x0000003740c00000) (1024K)]
  0x0000013fd78e07d0 JavaThread "Worker-4"                          [_thread_blocked, id=10604, stack(0x0000003740c00000,0x0000003740d00000) (1024K)]
  0x0000013fd78e0140 JavaThread "Worker-5"                          [_thread_blocked, id=5872, stack(0x0000003740d00000,0x0000003740e00000) (1024K)]
  0x0000013fd78df420 JavaThread "Thread-2"                   daemon [_thread_in_native, id=12508, stack(0x0000003740e00000,0x0000003740f00000) (1024K)]
  0x0000013fd78e0e60 JavaThread "Thread-3"                   daemon [_thread_in_native, id=6012, stack(0x0000003740f00000,0x0000003741000000) (1024K)]
  0x0000013fd78e2f30 JavaThread "Thread-4"                   daemon [_thread_in_native, id=1476, stack(0x0000003741000000,0x0000003741100000) (1024K)]
  0x0000013fd78e35c0 JavaThread "Thread-5"                   daemon [_thread_in_native, id=18844, stack(0x0000003741100000,0x0000003741200000) (1024K)]
  0x0000013fd9cae660 JavaThread "Thread-6"                   daemon [_thread_in_native, id=18860, stack(0x0000003741200000,0x0000003741300000) (1024K)]
  0x0000013fd9cb4f60 JavaThread "Thread-7"                   daemon [_thread_in_native, id=21324, stack(0x0000003741300000,0x0000003741400000) (1024K)]
  0x0000013fd9cb2170 JavaThread "Thread-8"                   daemon [_thread_in_native, id=21368, stack(0x0000003741400000,0x0000003741500000) (1024K)]
  0x0000013fd9cb00a0 JavaThread "Thread-9"                   daemon [_thread_in_native, id=21360, stack(0x0000003741500000,0x0000003741600000) (1024K)]
  0x0000013fd9cb0730 JavaThread "Thread-10"                  daemon [_thread_in_native, id=18576, stack(0x0000003741600000,0x0000003741700000) (1024K)]
  0x0000013fd9cb3bb0 JavaThread "Thread-11"                  daemon [_thread_in_native, id=18572, stack(0x0000003741700000,0x0000003741800000) (1024K)]
  0x0000013fd9caecf0 JavaThread "Thread-12"                  daemon [_thread_in_native, id=18568, stack(0x0000003741800000,0x0000003741900000) (1024K)]
  0x0000013fd9cb48d0 JavaThread "Thread-13"                  daemon [_thread_in_native, id=5064, stack(0x0000003741900000,0x0000003741a00000) (1024K)]
  0x0000013fd9caf380 JavaThread "Thread-14"                  daemon [_thread_in_native, id=26876, stack(0x0000003741a00000,0x0000003741b00000) (1024K)]
  0x0000013fd9cb1450 JavaThread "pool-2-thread-1"                   [_thread_blocked, id=15688, stack(0x0000003741b00000,0x0000003741c00000) (1024K)]
  0x0000013fd9cb2800 JavaThread "ForkJoinPool.commonPool-worker-1" daemon [_thread_blocked, id=15352, stack(0x0000003741c00000,0x0000003741d00000) (1024K)]
  0x0000013fd9cb3520 JavaThread "ForkJoinPool.commonPool-worker-2" daemon [_thread_blocked, id=21328, stack(0x0000003741d00000,0x0000003741e00000) (1024K)]
  0x0000013fd9cafa10 JavaThread "ForkJoinPool.commonPool-worker-3" daemon [_thread_blocked, id=1316, stack(0x0000003741e00000,0x0000003741f00000) (1024K)]
  0x0000013fd9cadfd0 JavaThread "ForkJoinPool.commonPool-worker-4" daemon [_thread_blocked, id=12112, stack(0x0000003741f00000,0x0000003742000000) (1024K)]
  0x0000013fd9cb2e90 JavaThread "ForkJoinPool.commonPool-worker-5" daemon [_thread_blocked, id=21332, stack(0x0000003742000000,0x0000003742100000) (1024K)]
  0x0000013fd9cb4240 JavaThread "ForkJoinPool.commonPool-worker-6" daemon [_thread_blocked, id=9468, stack(0x0000003742100000,0x0000003742200000) (1024K)]
  0x0000013fd9cb55f0 JavaThread "ForkJoinPool.commonPool-worker-7" daemon [_thread_blocked, id=21312, stack(0x0000003742200000,0x0000003742300000) (1024K)]
  0x0000013fd9cb0dc0 JavaThread "ForkJoinPool.commonPool-worker-8" daemon [_thread_blocked, id=16628, stack(0x0000003742300000,0x0000003742400000) (1024K)]
  0x0000013fd9cb1ae0 JavaThread "ForkJoinPool.commonPool-worker-9" daemon [_thread_blocked, id=18852, stack(0x0000003742400000,0x0000003742500000) (1024K)]
  0x0000013fd92f9df0 JavaThread "ForkJoinPool.commonPool-worker-10" daemon [_thread_blocked, id=18556, stack(0x0000003742500000,0x0000003742600000) (1024K)]
  0x0000013fd92f7000 JavaThread "WorkspaceEventsHandler"            [_thread_blocked, id=18592, stack(0x0000003742600000,0x0000003742700000) (1024K)]
  0x0000013fd92fab10 JavaThread "pool-1-thread-1"                   [_thread_blocked, id=29420, stack(0x0000003742700000,0x0000003742800000) (1024K)]
  0x0000013fd92f83b0 JavaThread "LocalFile Deleter"          daemon [_thread_blocked, id=10588, stack(0x0000003742800000,0x0000003742900000) (1024K)]
  0x0000013fd92fbec0 JavaThread "LocalFile Deleter"          daemon [_thread_blocked, id=15340, stack(0x0000003742900000,0x0000003742a00000) (1024K)]
  0x0000013fd92fcbe0 JavaThread "LocalFile Deleter"          daemon [_thread_blocked, id=20308, stack(0x0000003742a00000,0x0000003742b00000) (1024K)]
  0x0000013fd92fc550 JavaThread "LocalFile Deleter"          daemon [_thread_blocked, id=21352, stack(0x0000003742b00000,0x0000003742c00000) (1024K)]
  0x0000013fd92f8a40 JavaThread "LocalFile Deleter"          daemon [_thread_blocked, id=11708, stack(0x0000003742c00000,0x0000003742d00000) (1024K)]
  0x0000013fd92fd270 JavaThread "LocalFile Deleter"          daemon [_thread_blocked, id=18856, stack(0x0000003742d00000,0x0000003742e00000) (1024K)]
  0x0000013fd92fa480 JavaThread "LocalFile Deleter"          daemon [_thread_blocked, id=9760, stack(0x0000003742e00000,0x0000003742f00000) (1024K)]
  0x0000013fd92fb830 JavaThread "LocalFile Deleter"          daemon [_thread_blocked, id=23960, stack(0x0000003742f00000,0x0000003743000000) (1024K)]
  0x0000013fd92f7d20 JavaThread "LocalFile Deleter"          daemon [_thread_blocked, id=11444, stack(0x0000003743000000,0x0000003743100000) (1024K)]
  0x0000013fd92fb1a0 JavaThread "LocalFile Deleter"          daemon [_thread_blocked, id=21032, stack(0x0000003743100000,0x0000003743200000) (1024K)]
  0x0000013fd92fdf90 JavaThread "LocalFile Deleter"          daemon [_thread_blocked, id=28232, stack(0x0000003743200000,0x0000003743300000) (1024K)]
  0x0000013fd92fd900 JavaThread "LocalFile Deleter"          daemon [_thread_blocked, id=7460, stack(0x0000003743300000,0x0000003743400000) (1024K)]
  0x0000013fd92fe620 JavaThread "Compiler Source File Reader" daemon [_thread_blocked, id=31676, stack(0x0000003743400000,0x0000003743500000) (1024K)]
  0x0000013fd92f90d0 JavaThread "Compiler Source File Reader" daemon [_thread_blocked, id=30896, stack(0x0000003743500000,0x0000003743600000) (1024K)]
  0x0000013fd92f9760 JavaThread "Compiler Source File Reader" daemon [_thread_blocked, id=27252, stack(0x0000003743600000,0x0000003743700000) (1024K)]
  0x0000013fd9893ff0 JavaThread "Compiler Source File Reader" daemon [_thread_blocked, id=12976, stack(0x0000003743700000,0x0000003743800000) (1024K)]
  0x0000013fd9894680 JavaThread "Compiler Source File Reader" daemon [_thread_blocked, id=29728, stack(0x0000003743800000,0x0000003743900000) (1024K)]
  0x0000013fd98960c0 JavaThread "Compiler Source File Reader" daemon [_thread_blocked, id=17908, stack(0x0000003743900000,0x0000003743a00000) (1024K)]
  0x0000013fd9898190 JavaThread "Compiler Source File Reader" daemon [_thread_blocked, id=17748, stack(0x0000003743a00000,0x0000003743b00000) (1024K)]
  0x0000013fd989a8f0 JavaThread "Compiler Source File Reader" daemon [_thread_blocked, id=22948, stack(0x0000003743b00000,0x0000003743c00000) (1024K)]
  0x0000013fd9899bd0 JavaThread "Compiler Source File Reader" daemon [_thread_blocked, id=6812, stack(0x0000003743c00000,0x0000003743d00000) (1024K)]
  0x0000013fd9897470 JavaThread "Compiler Source File Reader" daemon [_thread_blocked, id=31104, stack(0x0000003743d00000,0x0000003743e00000) (1024K)]
  0x0000013fd9897b00 JavaThread "Compiler Processing Task"   daemon [_thread_in_Java, id=29600, stack(0x0000003743e00000,0x0000003743f00000) (1024K)]
  0x0000013fd989a260 JavaThread "Compiler Class File Writer" daemon [_thread_blocked, id=10300, stack(0x0000003743f00000,0x0000003744000000) (1024K)]
  0x0000013fd9898eb0 JavaThread "Compiler Class File Writer" daemon [_thread_blocked, id=18888, stack(0x0000003744000000,0x0000003744100000) (1024K)]
  0x0000013fd9894d10 JavaThread "Compiler Class File Writer" daemon [_thread_blocked, id=4812, stack(0x0000003744100000,0x0000003744200000) (1024K)]
  0x0000013fd9896750 JavaThread "Compiler Class File Writer" daemon [_thread_blocked, id=27092, stack(0x0000003744200000,0x0000003744300000) (1024K)]
Total: 82

Other Threads:
  0x0000013fd01e4bd0 VMThread "VM Thread"                           [id=21896, stack(0x000000373e800000,0x000000373e900000) (1024K)]
  0x0000013fd00dca10 WatcherThread "VM Periodic Task Thread"        [id=11928, stack(0x000000373e700000,0x000000373e800000) (1024K)]
  0x0000013ff86208b0 WorkerThread "GC Thread#0"                     [id=13692, stack(0x000000373e600000,0x000000373e700000) (1024K)]
  0x0000013fd294a820 WorkerThread "GC Thread#1"                     [id=23120, stack(0x000000373f500000,0x000000373f600000) (1024K)]
  0x0000013fd7120b60 WorkerThread "GC Thread#2"                     [id=14732, stack(0x000000373f600000,0x000000373f700000) (1024K)]
  0x0000013fd2bacfc0 WorkerThread "GC Thread#3"                     [id=28220, stack(0x000000373f700000,0x000000373f800000) (1024K)]
  0x0000013fd2bad360 WorkerThread "GC Thread#4"                     [id=31700, stack(0x000000373f800000,0x000000373f900000) (1024K)]
  0x0000013fd2bad700 WorkerThread "GC Thread#5"                     [id=14656, stack(0x000000373f900000,0x000000373fa00000) (1024K)]
  0x0000013fd2a17780 WorkerThread "GC Thread#6"                     [id=28920, stack(0x000000373fa00000,0x000000373fb00000) (1024K)]
  0x0000013fd738baf0 WorkerThread "GC Thread#7"                     [id=30268, stack(0x000000373fd00000,0x000000373fe00000) (1024K)]
  0x0000013fd79146e0 WorkerThread "GC Thread#8"                     [id=20228, stack(0x0000003740000000,0x0000003740100000) (1024K)]
  0x0000013fd7914a80 WorkerThread "GC Thread#9"                     [id=31268, stack(0x0000003740100000,0x0000003740200000) (1024K)]
Total: 12

Threads with active compile tasks:
C2 CompilerThread0  8100 7742       4       org.eclipse.jdt.internal.compiler.lookup.BinaryTypeBinding::createMethod (1666 bytes)
C1 CompilerThread0  8101 8214       3       org.eclipse.jdt.internal.compiler.ast.Expression::computeConversion (372 bytes)
C2 CompilerThread1  8101 8186   !   4       org.eclipse.jdt.internal.compiler.lookup.TypeSystem::getUnannotatedType (267 bytes)
C2 CompilerThread2  8101 7934       4       org.eclipse.jdt.internal.compiler.lookup.LookupEnvironment::getTypeFromConstantPoolName (111 bytes)
Total: 4

VM state: not at safepoint (normal execution)

VM Mutex/Monitor currently owned by a thread: None

Heap address: 0x0000000080000000, size: 2048 MB, Compressed Oops mode: 32-bit

CDS archive(s) mapped at: [0x0000013f8f000000-0x0000013f8fba0000-0x0000013f8fba0000), size 12189696, SharedBaseAddress: 0x0000013f8f000000, ArchiveRelocationMode: 1.
Compressed class space mapped at: 0x0000013f90000000-0x0000013fd0000000, reserved size: 1073741824
Narrow klass base: 0x0000013f8f000000, Narrow klass shift: 0, Narrow klass range: 0x100000000

GC Precious Log:
 CardTable entry size: 512
 CPUs: 12 total, 12 available
 Memory: 16222M
 Large Page Support: Disabled
 NUMA Support: Disabled
 Compressed Oops: Enabled (32-bit)
 Alignments: Space 512K, Generation 512K, Heap 2M
 Heap Min Capacity: 100M
 Heap Initial Capacity: 100M
 Heap Max Capacity: 2G
 Pre-touch: Disabled
 Parallel Workers: 10

Heap:
 PSYoungGen      total 23552K, used 19249K [0x00000000d5580000, 0x00000000d7380000, 0x0000000100000000)
  eden space 21504K, 80% used [0x00000000d5580000,0x00000000d6652c50,0x00000000d6a80000)
  from space 2048K, 98% used [0x00000000d6a80000,0x00000000d6c79960,0x00000000d6c80000)
  to   space 4608K, 0% used [0x00000000d6f00000,0x00000000d6f00000,0x00000000d7380000)
 ParOldGen       total 68608K, used 48830K [0x0000000080000000, 0x0000000084300000, 0x00000000d5580000)
  object space 68608K, 71% used [0x0000000080000000,0x0000000082fafa10,0x0000000084300000)
 Metaspace       used 56845K, committed 58176K, reserved 1114112K
  class space    used 6094K, committed 6656K, reserved 1048576K

Card table byte_map: [0x0000013ff7fd0000,0x0000013ff83e0000] _byte_map_base: 0x0000013ff7bd0000

Marking Bits: (ParMarkBitMap*) 0x00007ffe16b7a340
 Begin Bits: [0x0000013ffbaa0000, 0x0000013ffdaa0000)
 End Bits:   [0x0000013ffdaa0000, 0x0000013fffaa0000)

Polling page: 0x0000013ff7dc0000

Metaspace:

Usage:
  Non-class:     49.56 MB used.
      Class:      5.95 MB used.
       Both:     55.51 MB used.

Virtual space:
  Non-class space:       64.00 MB reserved,      50.31 MB ( 79%) committed,  1 nodes.
      Class space:        1.00 GB reserved,       6.50 MB ( <1%) committed,  1 nodes.
             Both:        1.06 GB reserved,      56.81 MB (  5%) committed. 

Chunk freelists:
   Non-Class:  13.56 MB
       Class:  9.46 MB
        Both:  23.03 MB

MaxMetaspaceSize: unlimited
CompressedClassSpaceSize: 1.00 GB
Initial GC threshold: 21.00 MB
Current GC threshold: 58.88 MB
CDS: on
 - commit_granule_bytes: 65536.
 - commit_granule_words: 8192.
 - virtual_space_node_default_size: 8388608.
 - enlarge_chunks_in_place: 1.
 - use_allocation_guard: 0.


Internal statistics:

num_allocs_failed_limit: 10.
num_arena_births: 1086.
num_arena_deaths: 14.
num_vsnodes_births: 2.
num_vsnodes_deaths: 0.
num_space_committed: 909.
num_space_uncommitted: 0.
num_chunks_returned_to_freelist: 24.
num_chunks_taken_from_freelist: 3708.
num_chunk_merges: 14.
num_chunk_splits: 2296.
num_chunks_enlarged: 1288.
num_inconsistent_stats: 0.

CodeHeap 'non-profiled nmethods': size=120000Kb used=4302Kb max_used=4302Kb free=115698Kb
 bounds [0x0000013f87ad0000, 0x0000013f87f10000, 0x0000013f8f000000]
CodeHeap 'profiled nmethods': size=120000Kb used=16337Kb max_used=16337Kb free=103662Kb
 bounds [0x0000013f80000000, 0x0000013f81000000, 0x0000013f87530000]
CodeHeap 'non-nmethods': size=5760Kb used=1402Kb max_used=1490Kb free=4357Kb
 bounds [0x0000013f87530000, 0x0000013f877a0000, 0x0000013f87ad0000]
CodeCache: size=245760Kb, used=22041Kb, max_used=22129Kb, free=223717Kb
 total_blobs=8293, nmethods=7580, adapters=616, full_count=0
Compilation: enabled, stopped_count=0, restarted_count=0

Compilation events (20 events):
Event: 8.051 Thread 0x0000013ff86b74b0 nmethod 8149 0x0000013f80fc1d90 code [0x0000013f80fc1fc0, 0x0000013f80fc2698]
Event: 8.051 Thread 0x0000013ff86b74b0 8150   !   3       org.eclipse.jdt.internal.core.builder.BuildNotifier::checkCancelWithinCompiler (41 bytes)
Event: 8.051 Thread 0x0000013ff86b74b0 nmethod 8150 0x0000013f80fc2890 code [0x0000013f80fc2a80, 0x0000013f80fc2e50]
Event: 8.051 Thread 0x0000013ff86b74b0 8151       3       org.eclipse.jdt.internal.compiler.lookup.WildcardBinding::initialize (101 bytes)
Event: 8.051 Thread 0x0000013ff86b74b0 nmethod 8151 0x0000013f80fc3010 code [0x0000013f80fc31e0, 0x0000013f80fc35c8]
Event: 8.052 Thread 0x0000013ff86b74b0 8152       3       org.eclipse.jdt.internal.compiler.lookup.BinaryTypeBinding$ExternalAnnotationStatus::isPotentiallyUnannotatedLib (44 bytes)
Event: 8.052 Thread 0x0000013ff86b74b0 nmethod 8152 0x0000013f80fc3790 code [0x0000013f80fc3940, 0x0000013f80fc3b70]
Event: 8.054 Thread 0x0000013ff86b74b0 8153       3       org.eclipse.jdt.internal.compiler.classfmt.ClassFileReader::getConstantClassNameAt (33 bytes)
Event: 8.054 Thread 0x0000013ff86b74b0 nmethod 8153 0x0000013f80fc3c90 code [0x0000013f80fc3e60, 0x0000013f80fc42f8]
Event: 8.054 Thread 0x0000013ff86b74b0 8154       3       org.eclipse.jdt.internal.core.builder.NameEnvironment::findClass (486 bytes)
Event: 8.060 Thread 0x0000013fd76cf540 nmethod 8053 0x0000013f87ef8a90 code [0x0000013f87ef8e40, 0x0000013f87efb278]
Event: 8.061 Thread 0x0000013fd76cf540 8077       4       org.eclipse.jdt.internal.compiler.lookup.ReferenceBinding::compare (53 bytes)
Event: 8.063 Thread 0x0000013ff86b74b0 nmethod 8154 0x0000013f80fc4510 code [0x0000013f80fc4dc0, 0x0000013f80fca4a8]
Event: 8.063 Thread 0x0000013fd76cf540 nmethod 8077 0x0000013f87efc490 code [0x0000013f87efc620, 0x0000013f87efc790]
Event: 8.063 Thread 0x0000013ff86b74b0 8155       3       org.eclipse.jdt.internal.compiler.util.SimpleSet::includes (54 bytes)
Event: 8.063 Thread 0x0000013fd76cf540 8055       4       java.util.HashMap::get (19 bytes)
Event: 8.064 Thread 0x0000013ff86b74b0 nmethod 8155 0x0000013f80fcc310 code [0x0000013f80fcc500, 0x0000013f80fcc978]
Event: 8.064 Thread 0x0000013ff86b74b0 8160       3       org.eclipse.jdt.internal.compiler.lookup.LookupEnvironment::usesNullTypeAnnotations (152 bytes)
Event: 8.065 Thread 0x0000013ff86b74b0 nmethod 8160 0x0000013f80fccb90 code [0x0000013f80fcce20, 0x0000013f80fcd858]
Event: 8.065 Thread 0x0000013ff86b74b0 8156       3       org.eclipse.jdt.internal.core.builder.ClasspathJrt::findClass (25 bytes)

GC Heap History (20 events):
Event: 5.301 GC heap before
{Heap before GC invocations=24 (full 2):
 PSYoungGen      total 24064K, used 23556K [0x00000000d5580000, 0x00000000d7080000, 0x0000000100000000)
  eden space 21504K, 100% used [0x00000000d5580000,0x00000000d6a80000,0x00000000d6a80000)
  from space 2560K, 80% used [0x00000000d6a80000,0x00000000d6c81000,0x00000000d6d00000)
  to   space 3072K, 0% used [0x00000000d6d80000,0x00000000d6d80000,0x00000000d7080000)
 ParOldGen       total 68608K, used 35096K [0x0000000080000000, 0x0000000084300000, 0x00000000d5580000)
  object space 68608K, 51% used [0x0000000080000000,0x00000000822463d8,0x0000000084300000)
 Metaspace       used 41774K, committed 43072K, reserved 1114112K
  class space    used 4449K, committed 5056K, reserved 1048576K
}
Event: 5.305 GC heap after
{Heap after GC invocations=24 (full 2):
 PSYoungGen      total 24064K, used 2144K [0x00000000d5580000, 0x00000000d7000000, 0x0000000100000000)
  eden space 21504K, 0% used [0x00000000d5580000,0x00000000d5580000,0x00000000d6a80000)
  from space 2560K, 83% used [0x00000000d6d80000,0x00000000d6f98010,0x00000000d7000000)
  to   space 2560K, 0% used [0x00000000d6a80000,0x00000000d6a80000,0x00000000d6d00000)
 ParOldGen       total 68608K, used 36990K [0x0000000080000000, 0x0000000084300000, 0x00000000d5580000)
  object space 68608K, 53% used [0x0000000080000000,0x000000008241fa00,0x0000000084300000)
 Metaspace       used 41774K, committed 43072K, reserved 1114112K
  class space    used 4449K, committed 5056K, reserved 1048576K
}
Event: 5.377 GC heap before
{Heap before GC invocations=25 (full 2):
 PSYoungGen      total 24064K, used 23648K [0x00000000d5580000, 0x00000000d7000000, 0x0000000100000000)
  eden space 21504K, 100% used [0x00000000d5580000,0x00000000d6a80000,0x00000000d6a80000)
  from space 2560K, 83% used [0x00000000d6d80000,0x00000000d6f98010,0x00000000d7000000)
  to   space 2560K, 0% used [0x00000000d6a80000,0x00000000d6a80000,0x00000000d6d00000)
 ParOldGen       total 68608K, used 36990K [0x0000000080000000, 0x0000000084300000, 0x00000000d5580000)
  object space 68608K, 53% used [0x0000000080000000,0x000000008241fa00,0x0000000084300000)
 Metaspace       used 42310K, committed 43584K, reserved 1114112K
  class space    used 4512K, committed 5120K, reserved 1048576K
}
Event: 5.380 GC heap after
{Heap after GC invocations=25 (full 2):
 PSYoungGen      total 23552K, used 1944K [0x00000000d5580000, 0x00000000d6e80000, 0x0000000100000000)
  eden space 21504K, 0% used [0x00000000d5580000,0x00000000d5580000,0x00000000d6a80000)
  from space 2048K, 94% used [0x00000000d6a80000,0x00000000d6c66200,0x00000000d6c80000)
  to   space 2048K, 0% used [0x00000000d6c80000,0x00000000d6c80000,0x00000000d6e80000)
 ParOldGen       total 68608K, used 39019K [0x0000000080000000, 0x0000000084300000, 0x00000000d5580000)
  object space 68608K, 56% used [0x0000000080000000,0x000000008261ad68,0x0000000084300000)
 Metaspace       used 42310K, committed 43584K, reserved 1114112K
  class space    used 4512K, committed 5120K, reserved 1048576K
}
Event: 5.559 GC heap before
{Heap before GC invocations=26 (full 2):
 PSYoungGen      total 23552K, used 23448K [0x00000000d5580000, 0x00000000d6e80000, 0x0000000100000000)
  eden space 21504K, 100% used [0x00000000d5580000,0x00000000d6a80000,0x00000000d6a80000)
  from space 2048K, 94% used [0x00000000d6a80000,0x00000000d6c66200,0x00000000d6c80000)
  to   space 2048K, 0% used [0x00000000d6c80000,0x00000000d6c80000,0x00000000d6e80000)
 ParOldGen       total 68608K, used 39019K [0x0000000080000000, 0x0000000084300000, 0x00000000d5580000)
  object space 68608K, 56% used [0x0000000080000000,0x000000008261ad68,0x0000000084300000)
 Metaspace       used 44171K, committed 45440K, reserved 1114112K
  class space    used 4725K, committed 5312K, reserved 1048576K
}
Event: 5.562 GC heap after
{Heap after GC invocations=26 (full 2):
 PSYoungGen      total 23552K, used 1440K [0x00000000d5580000, 0x00000000d6e80000, 0x0000000100000000)
  eden space 21504K, 0% used [0x00000000d5580000,0x00000000d5580000,0x00000000d6a80000)
  from space 2048K, 70% used [0x00000000d6c80000,0x00000000d6de8000,0x00000000d6e80000)
  to   space 2048K, 0% used [0x00000000d6a80000,0x00000000d6a80000,0x00000000d6c80000)
 ParOldGen       total 68608K, used 40795K [0x0000000080000000, 0x0000000084300000, 0x00000000d5580000)
  object space 68608K, 59% used [0x0000000080000000,0x00000000827d6f68,0x0000000084300000)
 Metaspace       used 44171K, committed 45440K, reserved 1114112K
  class space    used 4725K, committed 5312K, reserved 1048576K
}
Event: 5.973 GC heap before
{Heap before GC invocations=27 (full 2):
 PSYoungGen      total 23552K, used 22944K [0x00000000d5580000, 0x00000000d6e80000, 0x0000000100000000)
  eden space 21504K, 100% used [0x00000000d5580000,0x00000000d6a80000,0x00000000d6a80000)
  from space 2048K, 70% used [0x00000000d6c80000,0x00000000d6de8000,0x00000000d6e80000)
  to   space 2048K, 0% used [0x00000000d6a80000,0x00000000d6a80000,0x00000000d6c80000)
 ParOldGen       total 68608K, used 40795K [0x0000000080000000, 0x0000000084300000, 0x00000000d5580000)
  object space 68608K, 59% used [0x0000000080000000,0x00000000827d6f68,0x0000000084300000)
 Metaspace       used 46754K, committed 48064K, reserved 1114112K
  class space    used 5084K, committed 5632K, reserved 1048576K
}
Event: 5.975 GC heap after
{Heap after GC invocations=27 (full 2):
 PSYoungGen      total 23040K, used 1440K [0x00000000d5580000, 0x00000000d6d80000, 0x0000000100000000)
  eden space 21504K, 0% used [0x00000000d5580000,0x00000000d5580000,0x00000000d6a80000)
  from space 1536K, 93% used [0x00000000d6a80000,0x00000000d6be8000,0x00000000d6c00000)
  to   space 1536K, 0% used [0x00000000d6c00000,0x00000000d6c00000,0x00000000d6d80000)
 ParOldGen       total 68608K, used 42127K [0x0000000080000000, 0x0000000084300000, 0x00000000d5580000)
  object space 68608K, 61% used [0x0000000080000000,0x0000000082923ee8,0x0000000084300000)
 Metaspace       used 46754K, committed 48064K, reserved 1114112K
  class space    used 5084K, committed 5632K, reserved 1048576K
}
Event: 6.171 GC heap before
{Heap before GC invocations=28 (full 2):
 PSYoungGen      total 23040K, used 22944K [0x00000000d5580000, 0x00000000d6d80000, 0x0000000100000000)
  eden space 21504K, 100% used [0x00000000d5580000,0x00000000d6a80000,0x00000000d6a80000)
  from space 1536K, 93% used [0x00000000d6a80000,0x00000000d6be8000,0x00000000d6c00000)
  to   space 1536K, 0% used [0x00000000d6c00000,0x00000000d6c00000,0x00000000d6d80000)
 ParOldGen       total 68608K, used 42127K [0x0000000080000000, 0x0000000084300000, 0x00000000d5580000)
  object space 68608K, 61% used [0x0000000080000000,0x0000000082923ee8,0x0000000084300000)
 Metaspace       used 49609K, committed 50880K, reserved 1114112K
  class space    used 5395K, committed 5952K, reserved 1048576K
}
Event: 6.173 GC heap after
{Heap after GC invocations=28 (full 2):
 PSYoungGen      total 23040K, used 1321K [0x00000000d5580000, 0x00000000d6d80000, 0x0000000100000000)
  eden space 21504K, 0% used [0x00000000d5580000,0x00000000d5580000,0x00000000d6a80000)
  from space 1536K, 86% used [0x00000000d6c00000,0x00000000d6d4a600,0x00000000d6d80000)
  to   space 1536K, 0% used [0x00000000d6a80000,0x00000000d6a80000,0x00000000d6c00000)
 ParOldGen       total 68608K, used 43379K [0x0000000080000000, 0x0000000084300000, 0x00000000d5580000)
  object space 68608K, 63% used [0x0000000080000000,0x0000000082a5cf18,0x0000000084300000)
 Metaspace       used 49609K, committed 50880K, reserved 1114112K
  class space    used 5395K, committed 5952K, reserved 1048576K
}
Event: 6.449 GC heap before
{Heap before GC invocations=29 (full 2):
 PSYoungGen      total 23040K, used 22820K [0x00000000d5580000, 0x00000000d6d80000, 0x0000000100000000)
  eden space 21504K, 99% used [0x00000000d5580000,0x00000000d6a7ea28,0x00000000d6a80000)
  from space 1536K, 86% used [0x00000000d6c00000,0x00000000d6d4a600,0x00000000d6d80000)
  to   space 1536K, 0% used [0x00000000d6a80000,0x00000000d6a80000,0x00000000d6c00000)
 ParOldGen       total 68608K, used 43379K [0x0000000080000000, 0x0000000084300000, 0x00000000d5580000)
  object space 68608K, 63% used [0x0000000080000000,0x0000000082a5cf18,0x0000000084300000)
 Metaspace       used 51111K, committed 52416K, reserved 1114112K
  class space    used 5558K, committed 6144K, reserved 1048576K
}
Event: 6.452 GC heap after
{Heap after GC invocations=29 (full 2):
 PSYoungGen      total 23040K, used 1520K [0x00000000d5580000, 0x00000000d7180000, 0x0000000100000000)
  eden space 21504K, 0% used [0x00000000d5580000,0x00000000d5580000,0x00000000d6a80000)
  from space 1536K, 98% used [0x00000000d6a80000,0x00000000d6bfc048,0x00000000d6c00000)
  to   space 3584K, 0% used [0x00000000d6e00000,0x00000000d6e00000,0x00000000d7180000)
 ParOldGen       total 68608K, used 44768K [0x0000000080000000, 0x0000000084300000, 0x00000000d5580000)
  object space 68608K, 65% used [0x0000000080000000,0x0000000082bb8150,0x0000000084300000)
 Metaspace       used 51111K, committed 52416K, reserved 1114112K
  class space    used 5558K, committed 6144K, reserved 1048576K
}
Event: 6.545 GC heap before
{Heap before GC invocations=30 (full 2):
 PSYoungGen      total 23040K, used 22949K [0x00000000d5580000, 0x00000000d7180000, 0x0000000100000000)
  eden space 21504K, 99% used [0x00000000d5580000,0x00000000d6a6d5d8,0x00000000d6a80000)
  from space 1536K, 98% used [0x00000000d6a80000,0x00000000d6bfc048,0x00000000d6c00000)
  to   space 3584K, 0% used [0x00000000d6e00000,0x00000000d6e00000,0x00000000d7180000)
 ParOldGen       total 68608K, used 44768K [0x0000000080000000, 0x0000000084300000, 0x00000000d5580000)
  object space 68608K, 65% used [0x0000000080000000,0x0000000082bb8150,0x0000000084300000)
 Metaspace       used 51138K, committed 52480K, reserved 1114112K
  class space    used 5558K, committed 6144K, reserved 1048576K
}
Event: 6.546 GC heap after
{Heap after GC invocations=30 (full 2):
 PSYoungGen      total 23040K, used 1193K [0x00000000d5580000, 0x00000000d6f80000, 0x0000000100000000)
  eden space 21504K, 0% used [0x00000000d5580000,0x00000000d5580000,0x00000000d6a80000)
  from space 1536K, 77% used [0x00000000d6e00000,0x00000000d6f2a580,0x00000000d6f80000)
  to   space 2048K, 0% used [0x00000000d6b80000,0x00000000d6b80000,0x00000000d6d80000)
 ParOldGen       total 68608K, used 46012K [0x0000000080000000, 0x0000000084300000, 0x00000000d5580000)
  object space 68608K, 67% used [0x0000000080000000,0x0000000082cef020,0x0000000084300000)
 Metaspace       used 51138K, committed 52480K, reserved 1114112K
  class space    used 5558K, committed 6144K, reserved 1048576K
}
Event: 6.835 GC heap before
{Heap before GC invocations=31 (full 2):
 PSYoungGen      total 23040K, used 22697K [0x00000000d5580000, 0x00000000d6f80000, 0x0000000100000000)
  eden space 21504K, 100% used [0x00000000d5580000,0x00000000d6a80000,0x00000000d6a80000)
  from space 1536K, 77% used [0x00000000d6e00000,0x00000000d6f2a580,0x00000000d6f80000)
  to   space 2048K, 0% used [0x00000000d6b80000,0x00000000d6b80000,0x00000000d6d80000)
 ParOldGen       total 68608K, used 46012K [0x0000000080000000, 0x0000000084300000, 0x00000000d5580000)
  object space 68608K, 67% used [0x0000000080000000,0x0000000082cef020,0x0000000084300000)
 Metaspace       used 52654K, committed 53952K, reserved 1114112K
  class space    used 5731K, committed 6336K, reserved 1048576K
}
Event: 6.837 GC heap after
{Heap after GC invocations=31 (full 2):
 PSYoungGen      total 23552K, used 384K [0x00000000d5580000, 0x00000000d6e80000, 0x0000000100000000)
  eden space 21504K, 0% used [0x00000000d5580000,0x00000000d5580000,0x00000000d6a80000)
  from space 2048K, 18% used [0x00000000d6b80000,0x00000000d6be0000,0x00000000d6d80000)
  to   space 1024K, 0% used [0x00000000d6d80000,0x00000000d6d80000,0x00000000d6e80000)
 ParOldGen       total 68608K, used 46196K [0x0000000080000000, 0x0000000084300000, 0x00000000d5580000)
  object space 68608K, 67% used [0x0000000080000000,0x0000000082d1d020,0x0000000084300000)
 Metaspace       used 52654K, committed 53952K, reserved 1114112K
  class space    used 5731K, committed 6336K, reserved 1048576K
}
Event: 7.229 GC heap before
{Heap before GC invocations=32 (full 2):
 PSYoungGen      total 23552K, used 21888K [0x00000000d5580000, 0x00000000d6e80000, 0x0000000100000000)
  eden space 21504K, 100% used [0x00000000d5580000,0x00000000d6a80000,0x00000000d6a80000)
  from space 2048K, 18% used [0x00000000d6b80000,0x00000000d6be0000,0x00000000d6d80000)
  to   space 1024K, 0% used [0x00000000d6d80000,0x00000000d6d80000,0x00000000d6e80000)
 ParOldGen       total 68608K, used 46196K [0x0000000080000000, 0x0000000084300000, 0x00000000d5580000)
  object space 68608K, 67% used [0x0000000080000000,0x0000000082d1d020,0x0000000084300000)
 Metaspace       used 53998K, committed 55360K, reserved 1114112K
  class space    used 5856K, committed 6464K, reserved 1048576K
}
Event: 7.231 GC heap after
{Heap after GC invocations=32 (full 2):
 PSYoungGen      total 22528K, used 1019K [0x00000000d5580000, 0x00000000d6e80000, 0x0000000100000000)
  eden space 21504K, 0% used [0x00000000d5580000,0x00000000d5580000,0x00000000d6a80000)
  from space 1024K, 99% used [0x00000000d6d80000,0x00000000d6e7ec18,0x00000000d6e80000)
  to   space 2048K, 0% used [0x00000000d6a80000,0x00000000d6a80000,0x00000000d6c80000)
 ParOldGen       total 68608K, used 46736K [0x0000000080000000, 0x0000000084300000, 0x00000000d5580000)
  object space 68608K, 68% used [0x0000000080000000,0x0000000082da4080,0x0000000084300000)
 Metaspace       used 53998K, committed 55360K, reserved 1114112K
  class space    used 5856K, committed 6464K, reserved 1048576K
}
Event: 7.629 GC heap before
{Heap before GC invocations=33 (full 2):
 PSYoungGen      total 22528K, used 22523K [0x00000000d5580000, 0x00000000d6e80000, 0x0000000100000000)
  eden space 21504K, 100% used [0x00000000d5580000,0x00000000d6a80000,0x00000000d6a80000)
  from space 1024K, 99% used [0x00000000d6d80000,0x00000000d6e7ec18,0x00000000d6e80000)
  to   space 2048K, 0% used [0x00000000d6a80000,0x00000000d6a80000,0x00000000d6c80000)
 ParOldGen       total 68608K, used 46736K [0x0000000080000000, 0x0000000084300000, 0x00000000d5580000)
  object space 68608K, 68% used [0x0000000080000000,0x0000000082da4080,0x0000000084300000)
 Metaspace       used 55731K, committed 57024K, reserved 1114112K
  class space    used 5986K, committed 6528K, reserved 1048576K
}
Event: 7.632 GC heap after
{Heap after GC invocations=33 (full 2):
 PSYoungGen      total 23552K, used 2022K [0x00000000d5580000, 0x00000000d7380000, 0x0000000100000000)
  eden space 21504K, 0% used [0x00000000d5580000,0x00000000d5580000,0x00000000d6a80000)
  from space 2048K, 98% used [0x00000000d6a80000,0x00000000d6c79960,0x00000000d6c80000)
  to   space 4608K, 0% used [0x00000000d6f00000,0x00000000d6f00000,0x00000000d7380000)
 ParOldGen       total 68608K, used 48830K [0x0000000080000000, 0x0000000084300000, 0x00000000d5580000)
  object space 68608K, 71% used [0x0000000080000000,0x0000000082fafa10,0x0000000084300000)
 Metaspace       used 55731K, committed 57024K, reserved 1114112K
  class space    used 5986K, committed 6528K, reserved 1048576K
}

Dll operation events (10 events):
Event: 0.009 Loaded shared library c:\Users\maelp\.vscode\extensions\redhat.java-1.45.0-win32-x64\jre\21.0.8-win32-x86_64\bin\java.dll
Event: 0.073 Loaded shared library c:\Users\maelp\.vscode\extensions\redhat.java-1.45.0-win32-x64\jre\21.0.8-win32-x86_64\bin\zip.dll
Event: 0.097 Loaded shared library C:\Users\maelp\.vscode\extensions\redhat.java-1.45.0-win32-x64\jre\21.0.8-win32-x86_64\bin\instrument.dll
Event: 0.103 Loaded shared library C:\Users\maelp\.vscode\extensions\redhat.java-1.45.0-win32-x64\jre\21.0.8-win32-x86_64\bin\net.dll
Event: 0.105 Loaded shared library C:\Users\maelp\.vscode\extensions\redhat.java-1.45.0-win32-x64\jre\21.0.8-win32-x86_64\bin\nio.dll
Event: 0.109 Loaded shared library C:\Users\maelp\.vscode\extensions\redhat.java-1.45.0-win32-x64\jre\21.0.8-win32-x86_64\bin\zip.dll
Event: 0.126 Loaded shared library C:\Users\maelp\.vscode\extensions\redhat.java-1.45.0-win32-x64\jre\21.0.8-win32-x86_64\bin\jimage.dll
Event: 0.194 Loaded shared library c:\Users\maelp\.vscode\extensions\redhat.java-1.45.0-win32-x64\jre\21.0.8-win32-x86_64\bin\verify.dll
Event: 1.299 Loaded shared library C:\Users\maelp\AppData\Roaming\Code\User\globalStorage\redhat.java\1.45.0\config_win\org.eclipse.equinox.launcher\org.eclipse.equinox.launcher.win32.win32.x86_64_1.2.1400.v20250801-0854\eclipse_11916.dll
Event: 2.820 Loaded shared library C:\Users\maelp\AppData\Local\Temp\jna-103654037\jna3607437123377005625.dll

Deoptimization events (20 events):
Event: 7.981 Thread 0x0000013fd9897b00 Uncommon trap: trap_request=0xffffffde fr.pc=0x0000013f87ef1068 relative=0x0000000000000228
Event: 7.981 Thread 0x0000013fd9897b00 Uncommon trap: reason=class_check action=maybe_recompile pc=0x0000013f87ef1068 method=org.eclipse.jdt.internal.compiler.lookup.ReferenceBinding$3.compare(Ljava/lang/Object;Ljava/lang/Object;)I @ 2 c2
Event: 7.981 Thread 0x0000013fd9897b00 DEOPT PACKING pc=0x0000013f87ef1068 sp=0x0000003743efe070
Event: 7.981 Thread 0x0000013fd9897b00 DEOPT UNPACKING pc=0x0000013f87583aa2 sp=0x0000003743efe010 mode 2
Event: 7.981 Thread 0x0000013fd9897b00 Uncommon trap: trap_request=0xffffffde fr.pc=0x0000013f87ef1068 relative=0x0000000000000228
Event: 7.981 Thread 0x0000013fd9897b00 Uncommon trap: reason=class_check action=maybe_recompile pc=0x0000013f87ef1068 method=org.eclipse.jdt.internal.compiler.lookup.ReferenceBinding$3.compare(Ljava/lang/Object;Ljava/lang/Object;)I @ 2 c2
Event: 7.981 Thread 0x0000013fd9897b00 DEOPT PACKING pc=0x0000013f87ef1068 sp=0x0000003743efe070
Event: 7.981 Thread 0x0000013fd9897b00 DEOPT UNPACKING pc=0x0000013f87583aa2 sp=0x0000003743efe010 mode 2
Event: 7.981 Thread 0x0000013fd9897b00 Uncommon trap: trap_request=0xffffffde fr.pc=0x0000013f87ef1068 relative=0x0000000000000228
Event: 7.981 Thread 0x0000013fd9897b00 Uncommon trap: reason=class_check action=maybe_recompile pc=0x0000013f87ef1068 method=org.eclipse.jdt.internal.compiler.lookup.ReferenceBinding$3.compare(Ljava/lang/Object;Ljava/lang/Object;)I @ 2 c2
Event: 7.981 Thread 0x0000013fd9897b00 DEOPT PACKING pc=0x0000013f87ef1068 sp=0x0000003743efe050
Event: 7.981 Thread 0x0000013fd9897b00 DEOPT UNPACKING pc=0x0000013f87583aa2 sp=0x0000003743efdff0 mode 2
Event: 8.017 Thread 0x0000013fd9897b00 Uncommon trap: trap_request=0xffffffde fr.pc=0x0000013f87db97b8 relative=0x00000000000005d8
Event: 8.017 Thread 0x0000013fd9897b00 Uncommon trap: reason=class_check action=maybe_recompile pc=0x0000013f87db97b8 method=java.util.HashMap.removeNode(ILjava/lang/Object;Ljava/lang/Object;ZZ)Ljava/util/HashMap$Node; @ 143 c2
Event: 8.017 Thread 0x0000013fd9897b00 DEOPT PACKING pc=0x0000013f87db97b8 sp=0x0000003743efe7a0
Event: 8.017 Thread 0x0000013fd9897b00 DEOPT UNPACKING pc=0x0000013f87583aa2 sp=0x0000003743efe6a8 mode 2
Event: 8.019 Thread 0x0000013fd9897b00 Uncommon trap: trap_request=0xffffffde fr.pc=0x0000013f87db97b8 relative=0x00000000000005d8
Event: 8.019 Thread 0x0000013fd9897b00 Uncommon trap: reason=class_check action=maybe_recompile pc=0x0000013f87db97b8 method=java.util.HashMap.removeNode(ILjava/lang/Object;Ljava/lang/Object;ZZ)Ljava/util/HashMap$Node; @ 143 c2
Event: 8.019 Thread 0x0000013fd9897b00 DEOPT PACKING pc=0x0000013f87db97b8 sp=0x0000003743efe570
Event: 8.020 Thread 0x0000013fd9897b00 DEOPT UNPACKING pc=0x0000013f87583aa2 sp=0x0000003743efe468 mode 2

Classes loaded (20 events):
Event: 7.575 Loading class java/util/concurrent/ArrayBlockingQueue
Event: 7.575 Loading class java/util/concurrent/ArrayBlockingQueue done
Event: 7.582 Loading class java/util/WeakHashMap$KeyIterator
Event: 7.582 Loading class java/util/WeakHashMap$KeyIterator done
Event: 7.701 Loading class java/util/Hashtable$ValueCollection
Event: 7.701 Loading class java/util/Hashtable$ValueCollection done
Event: 7.704 Loading class java/util/concurrent/ConcurrentHashMap$KeySpliterator
Event: 7.704 Loading class java/util/concurrent/ConcurrentHashMap$KeySpliterator done
Event: 7.709 Loading class sun/nio/ch/ChannelOutputStream
Event: 7.709 Loading class sun/nio/ch/ChannelOutputStream done
Event: 7.723 Loading class java/util/stream/ReferencePipeline$4
Event: 7.723 Loading class java/util/stream/ReferencePipeline$4 done
Event: 7.724 Loading class java/util/stream/Nodes$IntFixedNodeBuilder
Event: 7.724 Loading class java/util/stream/Node$Builder$OfInt
Event: 7.724 Loading class java/util/stream/Node$Builder$OfInt done
Event: 7.724 Loading class java/util/stream/Nodes$IntArrayNode
Event: 7.724 Loading class java/util/stream/Nodes$IntArrayNode done
Event: 7.724 Loading class java/util/stream/Nodes$IntFixedNodeBuilder done
Event: 7.724 Loading class java/util/stream/ReferencePipeline$4$1
Event: 7.724 Loading class java/util/stream/ReferencePipeline$4$1 done

Classes unloaded (7 events):
Event: 3.304 Thread 0x0000013fd01e4bd0 Unloading class 0x0000013f901ac800 'java/lang/invoke/LambdaForm$MH+0x0000013f901ac800'
Event: 3.304 Thread 0x0000013fd01e4bd0 Unloading class 0x0000013f901ac400 'java/lang/invoke/LambdaForm$MH+0x0000013f901ac400'
Event: 3.304 Thread 0x0000013fd01e4bd0 Unloading class 0x0000013f901ac000 'java/lang/invoke/LambdaForm$MH+0x0000013f901ac000'
Event: 3.304 Thread 0x0000013fd01e4bd0 Unloading class 0x0000013f901abc00 'java/lang/invoke/LambdaForm$MH+0x0000013f901abc00'
Event: 3.304 Thread 0x0000013fd01e4bd0 Unloading class 0x0000013f901ab800 'java/lang/invoke/LambdaForm$BMH+0x0000013f901ab800'
Event: 3.304 Thread 0x0000013fd01e4bd0 Unloading class 0x0000013f901ab400 'java/lang/invoke/LambdaForm$DMH+0x0000013f901ab400'
Event: 3.304 Thread 0x0000013fd01e4bd0 Unloading class 0x0000013f901aa000 'java/lang/invoke/LambdaForm$DMH+0x0000013f901aa000'

Classes redefined (0 events):
No events

Internal exceptions (20 events):
Event: 5.673 Thread 0x0000013fd78de700 Exception <a 'java/lang/ExceptionInInitializerError'{0x00000000d5cbae70}> (0x00000000d5cbae70) 
thrown [s\src\hotspot\share\oops\instanceKlass.cpp, line 1220]
Event: 5.700 Thread 0x0000013fd78de700 Implicit null exception at 0x0000013f87c28e00 to 0x0000013f87c29084
Event: 5.701 Thread 0x0000013fd78de700 Implicit null exception at 0x0000013f87b7ef20 to 0x0000013f87b7fe90
Event: 5.703 Thread 0x0000013fd78de700 Exception <a 'java/lang/NoSuchMethodError'{0x00000000d5e6d7f8}: 'java.lang.Object java.lang.invoke.Invokers$Holder.invokeExact_MT(java.lang.Object, int, java.lang.Object)'> (0x00000000d5e6d7f8) 
thrown [s\src\hotspot\share\interpreter\linkResolver.cpp, line 773]
Event: 5.977 Thread 0x0000013fd78de700 Exception <a 'java/lang/NoClassDefFoundError'{0x00000000d55a7198}: com/google/inject/servlet/ServletModuleTargetVisitor> (0x00000000d55a7198) 
thrown [s\src\hotspot\share\classfile\systemDictionary.cpp, line 301]
Event: 6.100 Thread 0x0000013fd92fab10 Exception <a 'java/lang/IncompatibleClassChangeError'{0x00000000d601bab8}: Found class java.lang.Object, but interface was expected> (0x00000000d601bab8) 
thrown [s\src\hotspot\share\interpreter\linkResolver.cpp, line 840]
Event: 6.302 Thread 0x0000013fd78de070 Exception <a 'sun/nio/fs/WindowsException'{0x00000000d5b48d90}> (0x00000000d5b48d90) 
thrown [s\src\hotspot\share\prims\jni.cpp, line 520]
Event: 6.307 Thread 0x0000013fd78de070 Exception <a 'sun/nio/fs/WindowsException'{0x00000000d5b5d0a8}> (0x00000000d5b5d0a8) 
thrown [s\src\hotspot\share\prims\jni.cpp, line 520]
Event: 6.312 Thread 0x0000013fd78de070 Exception <a 'sun/nio/fs/WindowsException'{0x00000000d5b6bb58}> (0x00000000d5b6bb58) 
thrown [s\src\hotspot\share\prims\jni.cpp, line 520]
Event: 6.315 Thread 0x0000013fd78de070 Exception <a 'sun/nio/fs/WindowsException'{0x00000000d5b72068}> (0x00000000d5b72068) 
thrown [s\src\hotspot\share\prims\jni.cpp, line 520]
Event: 6.315 Thread 0x0000013fd92fcbe0 Exception <a 'sun/nio/fs/WindowsException'{0x00000000d5ba1040}> (0x00000000d5ba1040) 
thrown [s\src\hotspot\share\prims\jni.cpp, line 520]
Event: 6.315 Thread 0x0000013fd92fbec0 Exception <a 'sun/nio/fs/WindowsException'{0x00000000d5b91e78}> (0x00000000d5b91e78) 
thrown [s\src\hotspot\share\prims\jni.cpp, line 520]
Event: 6.315 Thread 0x0000013fd92f8a40 Exception <a 'sun/nio/fs/WindowsException'{0x00000000d5bbf8c0}> (0x00000000d5bbf8c0) 
thrown [s\src\hotspot\share\prims\jni.cpp, line 520]
Event: 7.314 Thread 0x0000013fd78de070 Exception <a 'java/lang/NoSuchMethodError'{0x00000000d5a5fdc8}: 'int java.lang.invoke.DirectMethodHandle$Holder.invokeSpecialIFC(java.lang.Object, java.lang.Object, java.lang.Object)'> (0x00000000d5a5fdc8) 
thrown [s\src\hotspot\share\interpreter\linkResolver.cpp, line 773]
Event: 7.579 Thread 0x0000013fd78e0140 Exception <a 'sun/nio/fs/WindowsException'{0x00000000d67500c8}> (0x00000000d67500c8) 
thrown [s\src\hotspot\share\prims\jni.cpp, line 520]
Event: 7.580 Thread 0x0000013fd78e0140 Exception <a 'sun/nio/fs/WindowsException'{0x00000000d6750aa8}> (0x00000000d6750aa8) 
thrown [s\src\hotspot\share\prims\jni.cpp, line 520]
Event: 7.584 Thread 0x0000013fd78e0140 Exception <a 'java/io/FileNotFoundException'{0x00000000d67c51d8}> (0x00000000d67c51d8) 
thrown [s\src\hotspot\share\prims\jni.cpp, line 520]
Event: 7.584 Thread 0x0000013fd78e0140 Exception <a 'java/io/FileNotFoundException'{0x00000000d67c62d8}> (0x00000000d67c62d8) 
thrown [s\src\hotspot\share\prims\jni.cpp, line 520]
Event: 7.585 Thread 0x0000013fd78e0140 Exception <a 'java/io/FileNotFoundException'{0x00000000d67c7060}> (0x00000000d67c7060) 
thrown [s\src\hotspot\share\prims\jni.cpp, line 520]
Event: 7.706 Thread 0x0000013fd78de070 Exception <a 'java/lang/NoSuchMethodError'{0x00000000d578fd68}: 'java.lang.Object java.lang.invoke.DirectMethodHandle$Holder.newInvokeSpecial(java.lang.Object, java.lang.Object, int, int, java.lang.Object)'> (0x00000000d578fd68) 
thrown [s\src\hotspot\share\interpreter\linkResolver.cpp, line 773]

ZGC Phase Switch (0 events):
No events

VM Operations (20 events):
Event: 6.252 Executing VM operation: HandshakeAllThreads (Deoptimize)
Event: 6.252 Executing VM operation: HandshakeAllThreads (Deoptimize) done
Event: 6.449 Executing VM operation: ParallelGCFailedAllocation (Allocation Failure)
Event: 6.452 Executing VM operation: ParallelGCFailedAllocation (Allocation Failure) done
Event: 6.545 Executing VM operation: ParallelGCFailedAllocation (Allocation Failure)
Event: 6.546 Executing VM operation: ParallelGCFailedAllocation (Allocation Failure) done
Event: 6.835 Executing VM operation: ParallelGCFailedAllocation (Allocation Failure)
Event: 6.837 Executing VM operation: ParallelGCFailedAllocation (Allocation Failure) done
Event: 7.229 Executing VM operation: ParallelGCFailedAllocation (Allocation Failure)
Event: 7.231 Executing VM operation: ParallelGCFailedAllocation (Allocation Failure) done
Event: 7.629 Executing VM operation: ParallelGCFailedAllocation (Allocation Failure)
Event: 7.632 Executing VM operation: ParallelGCFailedAllocation (Allocation Failure) done
Event: 7.719 Executing VM operation: HandshakeAllThreads (Deoptimize)
Event: 7.719 Executing VM operation: HandshakeAllThreads (Deoptimize) done
Event: 7.763 Executing VM operation: HandshakeAllThreads (Deoptimize)
Event: 7.764 Executing VM operation: HandshakeAllThreads (Deoptimize) done
Event: 7.773 Executing VM operation: HandshakeAllThreads (Deoptimize)
Event: 7.773 Executing VM operation: HandshakeAllThreads (Deoptimize) done
Event: 7.983 Executing VM operation: ICBufferFull
Event: 7.983 Executing VM operation: ICBufferFull done

Memory protections (0 events):
No events

Nmethod flushes (20 events):
Event: 4.571 Thread 0x0000013fd01e4bd0 flushing  nmethod 0x0000013f80694e10
Event: 4.571 Thread 0x0000013fd01e4bd0 flushing  nmethod 0x0000013f80695710
Event: 4.571 Thread 0x0000013fd01e4bd0 flushing  nmethod 0x0000013f80696910
Event: 4.571 Thread 0x0000013fd01e4bd0 flushing  nmethod 0x0000013f80697110
Event: 4.571 Thread 0x0000013fd01e4bd0 flushing  nmethod 0x0000013f80697890
Event: 4.571 Thread 0x0000013fd01e4bd0 flushing  nmethod 0x0000013f80698e10
Event: 4.571 Thread 0x0000013fd01e4bd0 flushing  nmethod 0x0000013f80699310
Event: 4.571 Thread 0x0000013fd01e4bd0 flushing  nmethod 0x0000013f8069a810
Event: 4.571 Thread 0x0000013fd01e4bd0 flushing  nmethod 0x0000013f8069b490
Event: 4.571 Thread 0x0000013fd01e4bd0 flushing  nmethod 0x0000013f8069c010
Event: 4.571 Thread 0x0000013fd01e4bd0 flushing  nmethod 0x0000013f8069dd10
Event: 4.571 Thread 0x0000013fd01e4bd0 flushing  nmethod 0x0000013f806b7f90
Event: 4.571 Thread 0x0000013fd01e4bd0 flushing  nmethod 0x0000013f806cc790
Event: 4.571 Thread 0x0000013fd01e4bd0 flushing  nmethod 0x0000013f806cdc10
Event: 4.571 Thread 0x0000013fd01e4bd0 flushing  nmethod 0x0000013f806d2d90
Event: 4.571 Thread 0x0000013fd01e4bd0 flushing  nmethod 0x0000013f806d9590
Event: 4.571 Thread 0x0000013fd01e4bd0 flushing  nmethod 0x0000013f806ec490
Event: 4.571 Thread 0x0000013fd01e4bd0 flushing  nmethod 0x0000013f80755c10
Event: 4.571 Thread 0x0000013fd01e4bd0 flushing  nmethod 0x0000013f8077f290
Event: 4.571 Thread 0x0000013fd01e4bd0 flushing  nmethod 0x0000013f8077f710

Events (20 events):
Event: 6.316 Thread 0x0000013fd92fc550 Thread added: 0x0000013fd92fb830
Event: 6.316 Thread 0x0000013fd92fcbe0 Thread added: 0x0000013fd92f7d20
Event: 6.316 Thread 0x0000013fd92f8a40 Thread added: 0x0000013fd92fb1a0
Event: 6.316 Thread 0x0000013fd92fbec0 Thread added: 0x0000013fd92fdf90
Event: 6.316 Thread 0x0000013fd92fcbe0 Thread added: 0x0000013fd92fd900
Event: 6.339 Thread 0x0000013fd78de070 Thread added: 0x0000013fd92fe620
Event: 6.340 Thread 0x0000013fd78de070 Thread added: 0x0000013fd92f90d0
Event: 6.340 Thread 0x0000013fd78de070 Thread added: 0x0000013fd92f9760
Event: 6.340 Thread 0x0000013fd92fe620 Thread added: 0x0000013fd9893ff0
Event: 6.340 Thread 0x0000013fd92f90d0 Thread added: 0x0000013fd9894680
Event: 6.340 Thread 0x0000013fd9893ff0 Thread added: 0x0000013fd98960c0
Event: 6.340 Thread 0x0000013fd78de070 Thread added: 0x0000013fd9898190
Event: 6.340 Thread 0x0000013fd98960c0 Thread added: 0x0000013fd989a8f0
Event: 6.341 Thread 0x0000013fd9898190 Thread added: 0x0000013fd9899bd0
Event: 6.341 Thread 0x0000013fd78de070 Thread added: 0x0000013fd9897470
Event: 7.576 Thread 0x0000013fd78de070 Thread added: 0x0000013fd9897b00
Event: 7.707 Thread 0x0000013fd78de070 Thread added: 0x0000013fd989a260
Event: 7.830 Thread 0x0000013fd78de070 Thread added: 0x0000013fd9898eb0
Event: 7.926 Thread 0x0000013fd78de070 Thread added: 0x0000013fd9894d10
Event: 8.023 Thread 0x0000013fd78de070 Thread added: 0x0000013fd9896750


Dynamic libraries:
0x00007ff702e80000 - 0x00007ff702e8e000 	c:\Users\maelp\.vscode\extensions\redhat.java-1.45.0-win32-x64\jre\21.0.8-win32-x86_64\bin\java.exe
0x00007fff10d70000 - 0x00007fff10f87000 	C:\WINDOWS\SYSTEM32\ntdll.dll
0x00007fff102b0000 - 0x00007fff10374000 	C:\WINDOWS\System32\KERNEL32.DLL
0x00007fff0e4b0000 - 0x00007fff0e880000 	C:\WINDOWS\System32\KERNELBASE.dll
0x00007fff0de70000 - 0x00007fff0df81000 	C:\WINDOWS\System32\ucrtbase.dll
0x00007ffedb770000 - 0x00007ffedb78e000 	c:\Users\maelp\.vscode\extensions\redhat.java-1.45.0-win32-x64\jre\21.0.8-win32-x86_64\bin\VCRUNTIME140.dll
0x00007ffed04c0000 - 0x00007ffed04d8000 	c:\Users\maelp\.vscode\extensions\redhat.java-1.45.0-win32-x64\jre\21.0.8-win32-x86_64\bin\jli.dll
0x00007fff10720000 - 0x00007fff108d1000 	C:\WINDOWS\System32\USER32.dll
0x00007fff0e880000 - 0x00007fff0e8a6000 	C:\WINDOWS\System32\win32u.dll
0x00007ffee9720000 - 0x00007ffee99bc000 	C:\WINDOWS\WinSxS\amd64_microsoft.windows.common-controls_6595b64144ccf1df_6.0.22621.5840_none_2710ea077384a4fe\COMCTL32.dll
0x00007fff10640000 - 0x00007fff106e7000 	C:\WINDOWS\System32\msvcrt.dll
0x00007fff0eac0000 - 0x00007fff0eae9000 	C:\WINDOWS\System32\GDI32.dll
0x00007fff0e180000 - 0x00007fff0e2a3000 	C:\WINDOWS\System32\gdi32full.dll
0x00007fff0e8b0000 - 0x00007fff0e94a000 	C:\WINDOWS\System32\msvcp_win.dll
0x00007fff10cf0000 - 0x00007fff10d21000 	C:\WINDOWS\System32\IMM32.DLL
0x00007ffef4630000 - 0x00007ffef463c000 	c:\Users\maelp\.vscode\extensions\redhat.java-1.45.0-win32-x64\jre\21.0.8-win32-x86_64\bin\vcruntime140_1.dll
0x00007ffea3ab0000 - 0x00007ffea3b3d000 	c:\Users\maelp\.vscode\extensions\redhat.java-1.45.0-win32-x64\jre\21.0.8-win32-x86_64\bin\msvcp140.dll
0x00007ffe15ec0000 - 0x00007ffe16c57000 	c:\Users\maelp\.vscode\extensions\redhat.java-1.45.0-win32-x64\jre\21.0.8-win32-x86_64\bin\server\jvm.dll
0x00007fff0ea00000 - 0x00007fff0eab1000 	C:\WINDOWS\System32\ADVAPI32.dll
0x00007fff10ae0000 - 0x00007fff10b88000 	C:\WINDOWS\System32\sechost.dll
0x00007fff0e950000 - 0x00007fff0e978000 	C:\WINDOWS\System32\bcrypt.dll
0x00007fff108e0000 - 0x00007fff109f8000 	C:\WINDOWS\System32\RPCRT4.dll
0x00007fff10510000 - 0x00007fff10581000 	C:\WINDOWS\System32\WS2_32.dll
0x00007fff0d6e0000 - 0x00007fff0d72d000 	C:\WINDOWS\SYSTEM32\POWRPROF.dll
0x00007fff02e00000 - 0x00007fff02e34000 	C:\WINDOWS\SYSTEM32\WINMM.dll
0x00007fff02160000 - 0x00007fff0216a000 	C:\WINDOWS\SYSTEM32\VERSION.dll
0x00007fff0d6c0000 - 0x00007fff0d6d3000 	C:\WINDOWS\SYSTEM32\UMPDC.dll
0x00007fff0ce40000 - 0x00007fff0ce58000 	C:\WINDOWS\SYSTEM32\kernel.appcore.dll
0x00007ffedd810000 - 0x00007ffedd81a000 	c:\Users\maelp\.vscode\extensions\redhat.java-1.45.0-win32-x64\jre\21.0.8-win32-x86_64\bin\jimage.dll
0x00007fff0b1f0000 - 0x00007fff0b423000 	C:\WINDOWS\SYSTEM32\DBGHELP.DLL
0x00007fff0f290000 - 0x00007fff0f621000 	C:\WINDOWS\System32\combase.dll
0x00007fff10a00000 - 0x00007fff10ad8000 	C:\WINDOWS\System32\OLEAUT32.dll
0x00007ffefcce0000 - 0x00007ffefcd12000 	C:\WINDOWS\SYSTEM32\dbgcore.DLL
0x00007fff0e980000 - 0x00007fff0e9fb000 	C:\WINDOWS\System32\bcryptPrimitives.dll
0x00007fff06180000 - 0x00007fff0618f000 	c:\Users\maelp\.vscode\extensions\redhat.java-1.45.0-win32-x64\jre\21.0.8-win32-x86_64\bin\instrument.dll
0x00007fff0a6a0000 - 0x00007fff0a6bf000 	c:\Users\maelp\.vscode\extensions\redhat.java-1.45.0-win32-x64\jre\21.0.8-win32-x86_64\bin\java.dll
0x00007fff0f8e0000 - 0x00007fff10181000 	C:\WINDOWS\System32\SHELL32.dll
0x00007fff0e370000 - 0x00007fff0e4af000 	C:\WINDOWS\System32\wintypes.dll
0x00007fff0bd40000 - 0x00007fff0c65a000 	C:\WINDOWS\SYSTEM32\windows.storage.dll
0x00007fff10190000 - 0x00007fff1029a000 	C:\WINDOWS\System32\SHCORE.dll
0x00007fff0ebe0000 - 0x00007fff0ec49000 	C:\WINDOWS\System32\shlwapi.dll
0x00007fff0dda0000 - 0x00007fff0ddc5000 	C:\WINDOWS\SYSTEM32\profapi.dll
0x00007ffefb8c0000 - 0x00007ffefb8d8000 	c:\Users\maelp\.vscode\extensions\redhat.java-1.45.0-win32-x64\jre\21.0.8-win32-x86_64\bin\zip.dll
0x00007ffefc560000 - 0x00007ffefc570000 	C:\Users\maelp\.vscode\extensions\redhat.java-1.45.0-win32-x64\jre\21.0.8-win32-x86_64\bin\net.dll
0x00007fff01f50000 - 0x00007fff0207c000 	C:\WINDOWS\SYSTEM32\WINHTTP.dll
0x00007fff0d390000 - 0x00007fff0d3f9000 	C:\WINDOWS\system32\mswsock.dll
0x00007ffefb5c0000 - 0x00007ffefb5d6000 	C:\Users\maelp\.vscode\extensions\redhat.java-1.45.0-win32-x64\jre\21.0.8-win32-x86_64\bin\nio.dll
0x00007ffefb990000 - 0x00007ffefb9a0000 	c:\Users\maelp\.vscode\extensions\redhat.java-1.45.0-win32-x64\jre\21.0.8-win32-x86_64\bin\verify.dll
0x00007ffedb7e0000 - 0x00007ffedb824000 	C:\Users\maelp\AppData\Roaming\Code\User\globalStorage\redhat.java\1.45.0\config_win\org.eclipse.equinox.launcher\org.eclipse.equinox.launcher.win32.win32.x86_64_1.2.1400.v20250801-0854\eclipse_11916.dll
0x00007fff0ec70000 - 0x00007fff0ee10000 	C:\WINDOWS\System32\ole32.dll
0x00007fff0d5f0000 - 0x00007fff0d60b000 	C:\WINDOWS\SYSTEM32\CRYPTSP.dll
0x00007fff0cda0000 - 0x00007fff0cdd7000 	C:\WINDOWS\system32\rsaenh.dll
0x00007fff0d480000 - 0x00007fff0d4a8000 	C:\WINDOWS\SYSTEM32\USERENV.dll
0x00007fff0d610000 - 0x00007fff0d61c000 	C:\WINDOWS\SYSTEM32\CRYPTBASE.dll
0x00007fff0c8c0000 - 0x00007fff0c8ed000 	C:\WINDOWS\SYSTEM32\IPHLPAPI.DLL
0x00007fff10500000 - 0x00007fff10509000 	C:\WINDOWS\System32\NSI.dll
0x00007ffec2590000 - 0x00007ffec25d9000 	C:\Users\maelp\AppData\Local\Temp\jna-103654037\jna3607437123377005625.dll
0x00007fff102a0000 - 0x00007fff102a8000 	C:\WINDOWS\System32\PSAPI.DLL
0x00007fff016f0000 - 0x00007fff01709000 	C:\WINDOWS\SYSTEM32\dhcpcsvc6.DLL
0x00007fff01680000 - 0x00007fff0169f000 	C:\WINDOWS\SYSTEM32\dhcpcsvc.DLL

JVMTI agents:
c:\Users\maelp\.vscode\extensions\redhat.java-1.45.0-win32-x64\lombok\lombok-1.18.39-4050.jar path:c:\Users\maelp\.vscode\extensions\redhat.java-1.45.0-win32-x64\jre\21.0.8-win32-x86_64\bin\instrument.dll, loaded, initialized, instrumentlib options:none

dbghelp: loaded successfully - version: 4.0.5 - missing functions: none
symbol engine: initialized successfully - sym options: 0x614 - pdb path: .;c:\Users\maelp\.vscode\extensions\redhat.java-1.45.0-win32-x64\jre\21.0.8-win32-x86_64\bin;C:\WINDOWS\SYSTEM32;C:\WINDOWS\WinSxS\amd64_microsoft.windows.common-controls_6595b64144ccf1df_6.0.22621.5840_none_2710ea077384a4fe;c:\Users\maelp\.vscode\extensions\redhat.java-1.45.0-win32-x64\jre\21.0.8-win32-x86_64\bin\server;C:\Users\maelp\AppData\Roaming\Code\User\globalStorage\redhat.java\1.45.0\config_win\org.eclipse.equinox.launcher\org.eclipse.equinox.launcher.win32.win32.x86_64_1.2.1400.v20250801-0854;C:\Users\maelp\AppData\Local\Temp\jna-103654037

VM Arguments:
jvm_args: --add-modules=ALL-SYSTEM --add-opens=java.base/java.util=ALL-UNNAMED --add-opens=java.base/java.lang=ALL-UNNAMED --add-opens=java.base/sun.nio.fs=ALL-UNNAMED -Declipse.application=org.eclipse.jdt.ls.core.id1 -Dosgi.bundles.defaultStartLevel=4 -Declipse.product=org.eclipse.jdt.ls.core.product -Djava.import.generatesMetadataFilesAtProjectRoot=false -DDetectVMInstallationsJob.disabled=true -Dfile.encoding=utf8 -XX:+UseParallelGC -XX:GCTimeRatio=4 -XX:AdaptiveSizePolicyWeight=90 -Dsun.zip.disableMemoryMapping=true -Xmx2G -Xms100m -Xlog:disable -javaagent:c:\Users\maelp\.vscode\extensions\redhat.java-1.45.0-win32-x64\lombok\lombok-1.18.39-4050.jar -XX:+HeapDumpOnOutOfMemoryError -XX:HeapDumpPath=c:\Users\maelp\AppData\Roaming\Code\User\workspaceStorage\67cc0a9cd1d299d073085c9cd47edfa7\redhat.java -Daether.dependencyCollector.impl=bf 
java_command: c:\Users\maelp\.vscode\extensions\redhat.java-1.45.0-win32-x64\server\plugins\org.eclipse.equinox.launcher_1.7.0.v20250519-0528.jar -configuration c:\Users\maelp\AppData\Roaming\Code\User\globalStorage\redhat.java\1.45.0\config_win -data c:\Users\maelp\AppData\Roaming\Code\User\workspaceStorage\67cc0a9cd1d299d073085c9cd47edfa7\redhat.java\jdt_ws --pipe=\\.\pipe\lsp-9682b3ac671a42433c0a17b16f8496e7-sock
java_class_path (initial): c:\Users\maelp\.vscode\extensions\redhat.java-1.45.0-win32-x64\server\plugins\org.eclipse.equinox.launcher_1.7.0.v20250519-0528.jar
Launcher Type: SUN_STANDARD

[Global flags]
    uintx AdaptiveSizePolicyWeight                 = 90                                        {product} {command line}
     intx CICompilerCount                          = 4                                         {product} {ergonomic}
    uintx GCTimeRatio                              = 4                                         {product} {command line}
     bool HeapDumpOnOutOfMemoryError               = true                                   {manageable} {command line}
    ccstr HeapDumpPath                             = c:\Users\maelp\AppData\Roaming\Code\User\workspaceStorage\67cc0a9cd1d299d073085c9cd47edfa7\redhat.java         {manageable} {command line}
   size_t InitialHeapSize                          = 104857600                                 {product} {command line}
   size_t MaxHeapSize                              = 2147483648                                {product} {command line}
   size_t MaxNewSize                               = 715653120                                 {product} {ergonomic}
   size_t MinHeapDeltaBytes                        = 524288                                    {product} {ergonomic}
   size_t MinHeapSize                              = 104857600                                 {product} {command line}
   size_t NewSize                                  = 34603008                                  {product} {ergonomic}
    uintx NonNMethodCodeHeapSize                   = 5839372                                {pd product} {ergonomic}
    uintx NonProfiledCodeHeapSize                  = 122909434                              {pd product} {ergonomic}
   size_t OldSize                                  = 70254592                                  {product} {ergonomic}
    uintx ProfiledCodeHeapSize                     = 122909434                              {pd product} {ergonomic}
    uintx ReservedCodeCacheSize                    = 251658240                              {pd product} {ergonomic}
     bool SegmentedCodeCache                       = true                                      {product} {ergonomic}
   size_t SoftMaxHeapSize                          = 2147483648                             {manageable} {ergonomic}
     bool UseCompressedOops                        = true                           {product lp64_product} {ergonomic}
     bool UseLargePagesIndividualAllocation        = false                                  {pd product} {ergonomic}
     bool UseParallelGC                            = true                                      {product} {command line}

Logging:
Log output configuration:
 #0: stdout all=off uptime,level,tags foldmultilines=false
 #1: stderr all=off uptime,level,tags foldmultilines=false

Environment Variables:
JAVA_HOME=C:\Program Files\BellSoft\LibericaJDK-22-Full\
PATH=C:\Program Files\BellSoft\LibericaJDK-22-Full\bin\;C:\Program Files\BellSoft\LibericaJDK-22\bin\;C:\Program Files\Common Files\Oracle\Java\javapath;C:\Program Files (x86)\Common Files\Oracle\Java\java8path;C:\Program Files (x86)\Common Files\Oracle\Java\javapath;C:\Program Files\Eclipse Adoptium\jdk-17.0.5.8-hotspot\bin;C:\Program Files (x86)\Common Files\Intel\Shared Libraries\redist\intel64\compiler;C:\Program Files\Oculus\Support\oculus-runtime;C:\windows\system32;C:\windows;C:\windows\System32\Wbem;C:\windows\System32\WindowsPowerShell\v1.0\;C:\windows\System32\OpenSSH\;C:\Program Files (x86)\NVIDIA Corporation\PhysX\Common;C:\WINDOWS\system32;C:\WINDOWS;C:\WINDOWS\System32\Wbem;C:\WINDOWS\System32\WindowsPowerShell\v1.0\;C:\WINDOWS\System32\OpenSSH\;C:\Program Files\dotnet\;C:\WINDOWS\system32;C:\WINDOWS;C:\WINDOWS\System32\Wbem;C:\WINDOWS\System32\WindowsPowerShell\v1.0\;C:\WINDOWS\System32\OpenSSH\;C:\Program Files\Git\cmd;C:\Users\maelp\Documents\Jugger\FFMPEG_FOR_REAL\bin;C:\Program Files\nodejs\;C:\Program Files\NVIDIA Corporation\NVIDIA App\NvDLISR;C:\Users\maelp\AppData\Local\Microsoft\WindowsApps;C:\Users\maelp\AppData\Local\Programs\Microsoft VS Code\bin;C:\Users\maelp\AppData\Local\Microsoft\WinGet\Links;C:\Users\maelp\Downloads\cmake-3.29.0-rc2-windows-x86_64\cmake-3.29.0-rc2-windows-x86_64\bin;C:\Users\maelp\AppData\Local\GitHubDesktop\bin;C:\Users\maelp\AppData\Local\Programs\MiKTeX\miktex\bin\x64\;C:\Users\maelp\.dotnet\tools;C:\Users\maelp\AppData\Roaming\npm;C:\Maven\apache-maven-3.9.11-bin\apache-maven-3.9.11\bin;
USERNAME=maelp
OS=Windows_NT
PROCESSOR_IDENTIFIER=Intel64 Family 6 Model 165 Stepping 2, GenuineIntel
TMP=C:\Users\maelp\AppData\Local\Temp
TEMP=C:\Users\maelp\AppData\Local\Temp




Periodic native trim disabled

---------------  S Y S T E M  ---------------

OS:
 Windows 11 , 64 bit Build 22621 (10.0.22621.5415)
OS uptime: 0 days 8:21 hours

CPU: total 12 (initial active 12) (6 cores per cpu, 2 threads per core) family 6 model 165 stepping 2 microcode 0xf0, cx8, cmov, fxsr, ht, mmx, 3dnowpref, sse, sse2, sse3, ssse3, sse4.1, sse4.2, popcnt, lzcnt, tsc, tscinvbit, avx, avx2, aes, erms, clmul, bmi1, bmi2, adx, fma, vzeroupper, clflush, clflushopt, rdtscp, f16c, pku
Processor Information for the first 12 processors :
  Max Mhz: 2592, Current Mhz: 2592, Mhz Limit: 2592

Memory: 4k page, system-wide physical 16222M (1036M free)
TotalPageFile size 65374M (AvailPageFile size 4M)
current process WorkingSet (physical memory assigned to process): 278M, peak: 278M
current process commit charge ("private bytes"): 382M, peak: 383M

vm_info: OpenJDK 64-Bit Server VM (21.0.8+9-LTS) for windows-amd64 JRE (21.0.8+9-LTS), built on 2025-07-15T00:00:00Z by "admin" with MS VC++ 17.7 (VS2022)

END.
