#
# There is insufficient memory for the Java Runtime Environment to continue.
# Native memory allocation (malloc) failed to allocate 1633136 bytes. Error detail: Chunk::new
# Possible reasons:
#   The system is out of physical RAM or swap space
#   This process is running with CompressedOops enabled, and the Java Heap may be blocking the growth of the native heap
# Possible solutions:
#   Reduce memory load on the system
#   Increase physical memory or swap space
#   Check if swap backing store is full
#   Decrease Java heap size (-Xmx/-Xms)
#   Decrease number of Java threads
#   Decrease Java thread stack sizes (-Xss)
#   Set larger code cache with -XX:ReservedCodeCacheSize=
#   JVM is running with Unscaled Compressed Oops mode in which the Java heap is
#     placed in the first 4GB address space. The Java Heap base address is the
#     maximum limit for the native heap growth. Please use -XX:HeapBaseMinAddress
#     to set the Java Heap base and to place the Java Heap above 4GB virtual address.
# This output file may be truncated or incomplete.
#
#  Out of Memory Error (arena.cpp:168), pid=8248, tid=2912
#
# JRE version: OpenJDK Runtime Environment Temurin-21.0.8+9 (21.0.8+9) (build 21.0.8+9-LTS)
# Java VM: OpenJDK 64-Bit Server VM Temurin-21.0.8+9 (21.0.8+9-LTS, mixed mode, sharing, tiered, compressed oops, compressed class ptrs, parallel gc, windows-amd64)
# No core dump will be written. Minidumps are not enabled by default on client versions of Windows
#

---------------  S U M M A R Y ------------

Command Line: --add-modules=ALL-SYSTEM --add-opens=java.base/java.util=ALL-UNNAMED --add-opens=java.base/java.lang=ALL-UNNAMED --add-opens=java.base/sun.nio.fs=ALL-UNNAMED -Declipse.application=org.eclipse.jdt.ls.core.id1 -Dosgi.bundles.defaultStartLevel=4 -Declipse.product=org.eclipse.jdt.ls.core.product -Djava.import.generatesMetadataFilesAtProjectRoot=false -DDetectVMInstallationsJob.disabled=true -Dfile.encoding=utf8 -XX:+UseParallelGC -XX:GCTimeRatio=4 -XX:AdaptiveSizePolicyWeight=90 -Dsun.zip.disableMemoryMapping=true -Xmx2G -Xms100m -Xlog:disable -javaagent:c:\Users\maelp\.vscode\extensions\redhat.java-1.45.0-win32-x64\lombok\lombok-1.18.39-4050.jar -XX:+HeapDumpOnOutOfMemoryError -XX:HeapDumpPath=c:\Users\maelp\AppData\Roaming\Code\User\workspaceStorage\67cc0a9cd1d299d073085c9cd47edfa7\redhat.java -Daether.dependencyCollector.impl=bf c:\Users\maelp\.vscode\extensions\redhat.java-1.45.0-win32-x64\server\plugins\org.eclipse.equinox.launcher_1.7.0.v20250519-0528.jar -configuration c:\Users\maelp\AppData\Roaming\Code\User\globalStorage\redhat.java\1.45.0\config_win -data c:\Users\maelp\AppData\Roaming\Code\User\workspaceStorage\67cc0a9cd1d299d073085c9cd47edfa7\redhat.java\jdt_ws --pipe=\\.\pipe\lsp-ed8ea50d0885e7163befcc86a175e6df-sock

Host: Intel(R) Core(TM) i7-10750H CPU @ 2.60GHz, 12 cores, 15G,  Windows 11 , 64 bit Build 22621 (10.0.22621.5415)
Time: Wed Sep 24 02:06:33 2025 Mitteleuropäische Sommerzeit elapsed time: 6.173057 seconds (0d 0h 0m 6s)

---------------  T H R E A D  ---------------

Current thread (0x000002d938b4c510):  JavaThread "C2 CompilerThread0" daemon [_thread_in_native, id=2912, stack(0x000000fb10e00000,0x000000fb10f00000) (1024K)]


Current CompileTask:
C2:6173 6241   !   4       org.eclipse.osgi.internal.loader.classpath.ClasspathManager::findClassImpl (343 bytes)

Stack: [0x000000fb10e00000,0x000000fb10f00000]
Native frames: (J=compiled Java code, j=interpreted, Vv=VM code, C=native code)
V  [jvm.dll+0x6d2449]
V  [jvm.dll+0x8ae341]
V  [jvm.dll+0x8b08be]
V  [jvm.dll+0x8b0fa3]
V  [jvm.dll+0x280c96]
V  [jvm.dll+0xc581d]
V  [jvm.dll+0xc5d53]
V  [jvm.dll+0x3b9162]
V  [jvm.dll+0x385315]
V  [jvm.dll+0x38477a]
V  [jvm.dll+0x248ed0]
V  [jvm.dll+0x2484af]
V  [jvm.dll+0x1c89ee]
V  [jvm.dll+0x257d4d]
V  [jvm.dll+0x2562ea]
V  [jvm.dll+0x3f2d16]
V  [jvm.dll+0x857e6b]
V  [jvm.dll+0x6d0b0d]
C  [ucrtbase.dll+0x29333]
C  [KERNEL32.DLL+0x1259d]
C  [ntdll.dll+0x5af78]


---------------  P R O C E S S  ---------------

Threads class SMR info:
_java_thread_list=0x000002d997c3f2b0, length=53, elements={
0x000002d938a90b70, 0x000002d938a3db90, 0x000002d938b31fa0, 0x000002d938b34680,
0x000002d938b35590, 0x000002d938b370e0, 0x000002d938b45460, 0x000002d938b4c510,
0x000002d991791fb0, 0x000002d99189bb40, 0x000002d991a03c00, 0x000002d99189e930,
0x000002d99189efc0, 0x000002d99189dc10, 0x000002d99189c860, 0x000002d99189e2a0,
0x000002d99189cef0, 0x000002d99189d580, 0x000002d9976e7990, 0x000002d9976e5230,
0x000002d9976e3e80, 0x000002d9976e86b0, 0x000002d9976e1db0, 0x000002d9976e8d40,
0x000002d9976e5f50, 0x000002d997b349c0, 0x000002d9976e7300, 0x000002d9976e6c70,
0x000002d9976e8020, 0x000002d9976e93d0, 0x000002d9976e2440, 0x000002d9976e2ad0,
0x000002d9976e37f0, 0x000002d9976e65e0, 0x000002d9976e3160, 0x000002d9976e4510,
0x000002d9976e4ba0, 0x000002d9985fc230, 0x000002d9985f8db0, 0x000002d9985f9440,
0x000002d9985fc8c0, 0x000002d9985f5fc0, 0x000002d9985f9ad0, 0x000002d9985f7a00,
0x000002d9985fa160, 0x000002d9985fae80, 0x000002d9985f6650, 0x000002d9985fbba0,
0x000002d9985f8720, 0x000002d9985f6ce0, 0x000002d9985fb510, 0x000002d9985fa7f0,
0x000002d9985f7370
}

Java Threads: ( => current thread )
  0x000002d938a90b70 JavaThread "main"                              [_thread_blocked, id=28708, stack(0x000000fb10400000,0x000000fb10500000) (1024K)]
  0x000002d938a3db90 JavaThread "Reference Handler"          daemon [_thread_blocked, id=31724, stack(0x000000fb10800000,0x000000fb10900000) (1024K)]
  0x000002d938b31fa0 JavaThread "Finalizer"                  daemon [_thread_blocked, id=2200, stack(0x000000fb10900000,0x000000fb10a00000) (1024K)]
  0x000002d938b34680 JavaThread "Signal Dispatcher"          daemon [_thread_blocked, id=9108, stack(0x000000fb10a00000,0x000000fb10b00000) (1024K)]
  0x000002d938b35590 JavaThread "Attach Listener"            daemon [_thread_blocked, id=15192, stack(0x000000fb10b00000,0x000000fb10c00000) (1024K)]
  0x000002d938b370e0 JavaThread "Service Thread"             daemon [_thread_blocked, id=28684, stack(0x000000fb10c00000,0x000000fb10d00000) (1024K)]
  0x000002d938b45460 JavaThread "Monitor Deflation Thread"   daemon [_thread_blocked, id=29644, stack(0x000000fb10d00000,0x000000fb10e00000) (1024K)]
=>0x000002d938b4c510 JavaThread "C2 CompilerThread0"         daemon [_thread_in_native, id=2912, stack(0x000000fb10e00000,0x000000fb10f00000) (1024K)]
  0x000002d991791fb0 JavaThread "C1 CompilerThread0"         daemon [_thread_blocked, id=23568, stack(0x000000fb10f00000,0x000000fb11000000) (1024K)]
  0x000002d99189bb40 JavaThread "Common-Cleaner"             daemon [_thread_blocked, id=30084, stack(0x000000fb11000000,0x000000fb11100000) (1024K)]
  0x000002d991a03c00 JavaThread "C2 CompilerThread1"         daemon [_thread_in_native, id=24044, stack(0x000000fb11100000,0x000000fb11200000) (1024K)]
  0x000002d99189e930 JavaThread "Notification Thread"        daemon [_thread_blocked, id=15348, stack(0x000000fb11200000,0x000000fb11300000) (1024K)]
  0x000002d99189efc0 JavaThread "Active Thread: Equinox Container: 2b4b5c77-a213-4a8e-9614-59e267d9aac6"        [_thread_blocked, id=13060, stack(0x000000fb11a00000,0x000000fb11b00000) (1024K)]
  0x000002d99189dc10 JavaThread "Refresh Thread: Equinox Container: 2b4b5c77-a213-4a8e-9614-59e267d9aac6" daemon [_thread_blocked, id=31528, stack(0x000000fb11b00000,0x000000fb11c00000) (1024K)]
  0x000002d99189c860 JavaThread "Framework Event Dispatcher: Equinox Container: 2b4b5c77-a213-4a8e-9614-59e267d9aac6" daemon [_thread_blocked, id=31096, stack(0x000000fb11d00000,0x000000fb11e00000) (1024K)]
  0x000002d99189e2a0 JavaThread "Start Level: Equinox Container: 2b4b5c77-a213-4a8e-9614-59e267d9aac6" daemon [_thread_blocked, id=10704, stack(0x000000fb11e00000,0x000000fb11f00000) (1024K)]
  0x000002d99189cef0 JavaThread "Bundle File Closer"         daemon [_thread_blocked, id=28412, stack(0x000000fb12100000,0x000000fb12200000) (1024K)]
  0x000002d99189d580 JavaThread "SCR Component Actor"        daemon [_thread_blocked, id=14640, stack(0x000000fb12200000,0x000000fb12300000) (1024K)]
  0x000002d9976e7990 JavaThread "SCR Component Registry"     daemon [_thread_blocked, id=19588, stack(0x000000fb12300000,0x000000fb12400000) (1024K)]
  0x000002d9976e5230 JavaThread "Worker-JM"                         [_thread_blocked, id=31028, stack(0x000000fb12400000,0x000000fb12500000) (1024K)]
  0x000002d9976e3e80 JavaThread "JNA Cleaner"                daemon [_thread_blocked, id=4508, stack(0x000000fb12500000,0x000000fb12600000) (1024K)]
  0x000002d9976e86b0 JavaThread "Worker-0"                          [_thread_blocked, id=17120, stack(0x000000fb12600000,0x000000fb12700000) (1024K)]
  0x000002d9976e1db0 JavaThread "Worker-1: Building"                [_thread_in_vm, id=13680, stack(0x000000fb12700000,0x000000fb12800000) (1024K)]
  0x000002d9976e8d40 JavaThread "Worker-2"                          [_thread_blocked, id=31224, stack(0x000000fb12800000,0x000000fb12900000) (1024K)]
  0x000002d9976e5f50 JavaThread "Java indexing"              daemon [_thread_blocked, id=30988, stack(0x000000fb11300000,0x000000fb11400000) (1024K)]
  0x000002d997b349c0 JavaThread "C2 CompilerThread2"         daemon [_thread_in_native, id=20948, stack(0x000000fb12900000,0x000000fb12a00000) (1024K)]
  0x000002d9976e7300 JavaThread "Worker-3"                          [_thread_blocked, id=19344, stack(0x000000fb12a00000,0x000000fb12b00000) (1024K)]
  0x000002d9976e6c70 JavaThread "Thread-2"                   daemon [_thread_in_native, id=13436, stack(0x000000fb12b00000,0x000000fb12c00000) (1024K)]
  0x000002d9976e8020 JavaThread "Worker-4: Repository registry initialization"        [_thread_in_Java, id=9412, stack(0x000000fb12c00000,0x000000fb12d00000) (1024K)]
  0x000002d9976e93d0 JavaThread "Thread-3"                   daemon [_thread_in_native, id=24696, stack(0x000000fb12d00000,0x000000fb12e00000) (1024K)]
  0x000002d9976e2440 JavaThread "Thread-4"                   daemon [_thread_in_native, id=30416, stack(0x000000fb12e00000,0x000000fb12f00000) (1024K)]
  0x000002d9976e2ad0 JavaThread "Thread-5"                   daemon [_thread_in_native, id=30080, stack(0x000000fb12f00000,0x000000fb13000000) (1024K)]
  0x000002d9976e37f0 JavaThread "Thread-6"                   daemon [_thread_in_native, id=364, stack(0x000000fb13000000,0x000000fb13100000) (1024K)]
  0x000002d9976e65e0 JavaThread "Thread-7"                   daemon [_thread_in_native, id=30576, stack(0x000000fb13100000,0x000000fb13200000) (1024K)]
  0x000002d9976e3160 JavaThread "Thread-8"                   daemon [_thread_in_native, id=26136, stack(0x000000fb13200000,0x000000fb13300000) (1024K)]
  0x000002d9976e4510 JavaThread "Thread-9"                   daemon [_thread_in_native, id=14752, stack(0x000000fb13300000,0x000000fb13400000) (1024K)]
  0x000002d9976e4ba0 JavaThread "Thread-10"                  daemon [_thread_in_native, id=30352, stack(0x000000fb13400000,0x000000fb13500000) (1024K)]
  0x000002d9985fc230 JavaThread "Thread-11"                  daemon [_thread_in_native, id=13792, stack(0x000000fb13500000,0x000000fb13600000) (1024K)]
  0x000002d9985f8db0 JavaThread "Thread-12"                  daemon [_thread_in_native, id=31560, stack(0x000000fb13600000,0x000000fb13700000) (1024K)]
  0x000002d9985f9440 JavaThread "Thread-13"                  daemon [_thread_in_native, id=8548, stack(0x000000fb13700000,0x000000fb13800000) (1024K)]
  0x000002d9985fc8c0 JavaThread "Thread-14"                  daemon [_thread_in_native, id=2180, stack(0x000000fb13800000,0x000000fb13900000) (1024K)]
  0x000002d9985f5fc0 JavaThread "pool-2-thread-1"                   [_thread_blocked, id=30344, stack(0x000000fb13900000,0x000000fb13a00000) (1024K)]
  0x000002d9985f9ad0 JavaThread "ForkJoinPool.commonPool-worker-1" daemon [_thread_blocked, id=7180, stack(0x000000fb13a00000,0x000000fb13b00000) (1024K)]
  0x000002d9985f7a00 JavaThread "ForkJoinPool.commonPool-worker-2" daemon [_thread_blocked, id=25148, stack(0x000000fb13b00000,0x000000fb13c00000) (1024K)]
  0x000002d9985fa160 JavaThread "ForkJoinPool.commonPool-worker-3" daemon [_thread_blocked, id=31532, stack(0x000000fb13c00000,0x000000fb13d00000) (1024K)]
  0x000002d9985fae80 JavaThread "ForkJoinPool.commonPool-worker-4" daemon [_thread_blocked, id=29296, stack(0x000000fb13d00000,0x000000fb13e00000) (1024K)]
  0x000002d9985f6650 JavaThread "ForkJoinPool.commonPool-worker-5" daemon [_thread_blocked, id=29140, stack(0x000000fb13e00000,0x000000fb13f00000) (1024K)]
  0x000002d9985fbba0 JavaThread "ForkJoinPool.commonPool-worker-6" daemon [_thread_blocked, id=28764, stack(0x000000fb13f00000,0x000000fb14000000) (1024K)]
  0x000002d9985f8720 JavaThread "ForkJoinPool.commonPool-worker-7" daemon [_thread_blocked, id=10408, stack(0x000000fb14000000,0x000000fb14100000) (1024K)]
  0x000002d9985f6ce0 JavaThread "ForkJoinPool.commonPool-worker-8" daemon [_thread_blocked, id=10380, stack(0x000000fb14100000,0x000000fb14200000) (1024K)]
  0x000002d9985fb510 JavaThread "ForkJoinPool.commonPool-worker-9" daemon [_thread_blocked, id=27892, stack(0x000000fb14200000,0x000000fb14300000) (1024K)]
  0x000002d9985fa7f0 JavaThread "WorkspaceEventsHandler"            [_thread_blocked, id=4876, stack(0x000000fb14300000,0x000000fb14400000) (1024K)]
  0x000002d9985f7370 JavaThread "pool-1-thread-1"                   [_thread_blocked, id=28820, stack(0x000000fb14400000,0x000000fb14500000) (1024K)]
Total: 53

Other Threads:
  0x000002d938b31b50 VMThread "VM Thread"                           [id=13924, stack(0x000000fb10700000,0x000000fb10800000) (1024K)]
  0x000002d93891ca00 WatcherThread "VM Periodic Task Thread"        [id=2472, stack(0x000000fb10600000,0x000000fb10700000) (1024K)]
  0x000002d938aae150 WorkerThread "GC Thread#0"                     [id=17652, stack(0x000000fb10500000,0x000000fb10600000) (1024K)]
  0x000002d992864140 WorkerThread "GC Thread#1"                     [id=30568, stack(0x000000fb11400000,0x000000fb11500000) (1024K)]
  0x000002d9971ad050 WorkerThread "GC Thread#2"                     [id=29344, stack(0x000000fb11500000,0x000000fb11600000) (1024K)]
  0x000002d9971ad3f0 WorkerThread "GC Thread#3"                     [id=25708, stack(0x000000fb11600000,0x000000fb11700000) (1024K)]
  0x000002d9971f3700 WorkerThread "GC Thread#4"                     [id=30312, stack(0x000000fb11700000,0x000000fb11800000) (1024K)]
  0x000002d9971f3aa0 WorkerThread "GC Thread#5"                     [id=29200, stack(0x000000fb11800000,0x000000fb11900000) (1024K)]
  0x000002d992c00490 WorkerThread "GC Thread#6"                     [id=24184, stack(0x000000fb11900000,0x000000fb11a00000) (1024K)]
  0x000002d992d98f70 WorkerThread "GC Thread#7"                     [id=10092, stack(0x000000fb11c00000,0x000000fb11d00000) (1024K)]
  0x000002d9976cf530 WorkerThread "GC Thread#8"                     [id=29236, stack(0x000000fb11f00000,0x000000fb12000000) (1024K)]
  0x000002d997518df0 WorkerThread "GC Thread#9"                     [id=19436, stack(0x000000fb12000000,0x000000fb12100000) (1024K)]
Total: 12

Threads with active compile tasks:
C2 CompilerThread0  6203 6241   !   4       org.eclipse.osgi.internal.loader.classpath.ClasspathManager::findClassImpl (343 bytes)
C1 CompilerThread0  6203 6981       3       com.google.common.cache.LocalCache$Segment::getEntry (73 bytes)
C2 CompilerThread1  6203 6797   !   4       org.eclipse.osgi.internal.loader.classpath.ClasspathManager::findLocalClass (210 bytes)
C2 CompilerThread2  6203 6100   !   4       org.eclipse.osgi.internal.loader.BundleLoader::findClass0 (491 bytes)
Total: 4

VM state: not at safepoint (normal execution)

VM Mutex/Monitor currently owned by a thread: None

Heap address: 0x0000000080000000, size: 2048 MB, Compressed Oops mode: 32-bit

CDS archive(s) mapped at: [0x000002d950000000-0x000002d950ba0000-0x000002d950ba0000), size 12189696, SharedBaseAddress: 0x000002d950000000, ArchiveRelocationMode: 1.
Compressed class space mapped at: 0x000002d951000000-0x000002d991000000, reserved size: 1073741824
Narrow klass base: 0x000002d950000000, Narrow klass shift: 0, Narrow klass range: 0x100000000

GC Precious Log:
 CardTable entry size: 512
 CPUs: 12 total, 12 available
 Memory: 16222M
 Large Page Support: Disabled
 NUMA Support: Disabled
 Compressed Oops: Enabled (32-bit)
 Alignments: Space 512K, Generation 512K, Heap 2M
 Heap Min Capacity: 100M
 Heap Initial Capacity: 100M
 Heap Max Capacity: 2G
 Pre-touch: Disabled
 Parallel Workers: 10

Heap:
 PSYoungGen      total 19456K, used 6037K [0x00000000d5580000, 0x00000000d6e80000, 0x0000000100000000)
  eden space 18432K, 27% used [0x00000000d5580000,0x00000000d5a6d478,0x00000000d6780000)
  from space 1024K, 96% used [0x00000000d6a80000,0x00000000d6b78010,0x00000000d6b80000)
  to   space 3072K, 0% used [0x00000000d6780000,0x00000000d6780000,0x00000000d6a80000)
 ParOldGen       total 68608K, used 43534K [0x0000000080000000, 0x0000000084300000, 0x00000000d5580000)
  object space 68608K, 63% used [0x0000000080000000,0x0000000082a83960,0x0000000084300000)
 Metaspace       used 49399K, committed 50688K, reserved 1114112K
  class space    used 5385K, committed 5952K, reserved 1048576K

Card table byte_map: [0x000002d938430000,0x000002d938840000] _byte_map_base: 0x000002d938030000

Marking Bits: (ParMarkBitMap*) 0x00007ffe16b7a340
 Begin Bits: [0x000002d94af30000, 0x000002d94cf30000)
 End Bits:   [0x000002d94cf30000, 0x000002d94ef30000)

Polling page: 0x000002d936880000

Metaspace:

Usage:
  Non-class:     42.98 MB used.
      Class:      5.26 MB used.
       Both:     48.24 MB used.

Virtual space:
  Non-class space:       64.00 MB reserved,      43.69 MB ( 68%) committed,  1 nodes.
      Class space:        1.00 GB reserved,       5.81 MB ( <1%) committed,  1 nodes.
             Both:        1.06 GB reserved,      49.50 MB (  5%) committed. 

Chunk freelists:
   Non-Class:  4.12 MB
       Class:  10.14 MB
        Both:  14.27 MB

MaxMetaspaceSize: unlimited
CompressedClassSpaceSize: 1.00 GB
Initial GC threshold: 21.00 MB
Current GC threshold: 58.38 MB
CDS: on
 - commit_granule_bytes: 65536.
 - commit_granule_words: 8192.
 - virtual_space_node_default_size: 8388608.
 - enlarge_chunks_in_place: 1.
 - use_allocation_guard: 0.


Internal statistics:

num_allocs_failed_limit: 6.
num_arena_births: 990.
num_arena_deaths: 14.
num_vsnodes_births: 2.
num_vsnodes_deaths: 0.
num_space_committed: 792.
num_space_uncommitted: 0.
num_chunks_returned_to_freelist: 20.
num_chunks_taken_from_freelist: 3302.
num_chunk_merges: 7.
num_chunk_splits: 2022.
num_chunks_enlarged: 1085.
num_inconsistent_stats: 0.

CodeHeap 'non-profiled nmethods': size=120000Kb used=2847Kb max_used=2847Kb free=117152Kb
 bounds [0x000002d943750000, 0x000002d943a20000, 0x000002d94ac80000]
CodeHeap 'profiled nmethods': size=120000Kb used=12405Kb max_used=12405Kb free=107594Kb
 bounds [0x000002d93bc80000, 0x000002d93c8a0000, 0x000002d9431b0000]
CodeHeap 'non-nmethods': size=5760Kb used=1382Kb max_used=1445Kb free=4377Kb
 bounds [0x000002d9431b0000, 0x000002d943420000, 0x000002d943750000]
CodeCache: size=245760Kb, used=16634Kb, max_used=16697Kb, free=229123Kb
 total_blobs=6995, nmethods=6314, adapters=587, full_count=0
Compilation: enabled, stopped_count=0, restarted_count=0

Compilation events (20 events):
Event: 6.142 Thread 0x000002d991791fb0 6962       2       com.google.inject.internal.Annotations::isBindingAnnotation (8 bytes)
Event: 6.143 Thread 0x000002d991791fb0 nmethod 6962 0x000002d93c892d10 code [0x000002d93c892ee0, 0x000002d93c8931c0]
Event: 6.143 Thread 0x000002d991791fb0 6960       2       java.lang.ClassValue::makeEntry (10 bytes)
Event: 6.143 Thread 0x000002d991791fb0 nmethod 6960 0x000002d93c893410 code [0x000002d93c8935c0, 0x000002d93c893778]
Event: 6.143 Thread 0x000002d991791fb0 6964       2       org.eclipse.sisu.inject.RankedSequence$Itr::hasNext (113 bytes)
Event: 6.144 Thread 0x000002d991791fb0 nmethod 6964 0x000002d93c893890 code [0x000002d93c893a60, 0x000002d93c893ce8]
Event: 6.144 Thread 0x000002d991791fb0 6965       2       java.util.IdentityHashMap::get (60 bytes)
Event: 6.144 Thread 0x000002d991791fb0 nmethod 6965 0x000002d93c893e90 code [0x000002d93c894040, 0x000002d93c894290]
Event: 6.144 Thread 0x000002d991791fb0 6966       2       org.eclipse.sisu.inject.LocatedBeans$Itr::hasNext (169 bytes)
Event: 6.145 Thread 0x000002d991791fb0 nmethod 6966 0x000002d93c894410 code [0x000002d93c894660, 0x000002d93c894c10]
Event: 6.145 Thread 0x000002d991791fb0 6967   !   2       com.google.inject.internal.InjectorImpl$1::get (54 bytes)
Event: 6.146 Thread 0x000002d991791fb0 nmethod 6967 0x000002d93c894f90 code [0x000002d93c895180, 0x000002d93c895410]
Event: 6.146 Thread 0x000002d991791fb0 6968   !   2       com.google.inject.internal.InternalFactoryToProviderAdapter::get (54 bytes)
Event: 6.146 Thread 0x000002d991791fb0 nmethod 6968 0x000002d93c895690 code [0x000002d93c895860, 0x000002d93c895aa0]
Event: 6.146 Thread 0x000002d991791fb0 6969   !   2       com.google.inject.internal.SingletonScope$1::get (425 bytes)
Event: 6.149 Thread 0x000002d991791fb0 nmethod 6969 0x000002d93c895c90 code [0x000002d93c8960a0, 0x000002d93c897610]
Event: 6.149 Thread 0x000002d991791fb0 6970       2       com.google.inject.internal.SingletonScope::access$100 (4 bytes)
Event: 6.149 Thread 0x000002d991791fb0 nmethod 6970 0x000002d93c898a90 code [0x000002d93c898c20, 0x000002d93c898d10]
Event: 6.160 Thread 0x000002d991791fb0 6971       3       jdk.internal.org.objectweb.asm.SymbolTable::addConstantUtf8Reference (101 bytes)
Event: 6.161 Thread 0x000002d991791fb0 nmethod 6971 0x000002d93c898d90 code [0x000002d93c898fc0, 0x000002d93c8995a0]

GC Heap History (20 events):
Event: 5.039 GC heap before
{Heap before GC invocations=19 (full 2):
 PSYoungGen      total 22528K, used 22079K [0x00000000d5580000, 0x00000000d6f80000, 0x0000000100000000)
  eden space 19968K, 99% used [0x00000000d5580000,0x00000000d68fffd8,0x00000000d6900000)
  from space 2560K, 82% used [0x00000000d6d00000,0x00000000d6f10010,0x00000000d6f80000)
  to   space 2560K, 0% used [0x00000000d6a80000,0x00000000d6a80000,0x00000000d6d00000)
 ParOldGen       total 68608K, used 26617K [0x0000000080000000, 0x0000000084300000, 0x00000000d5580000)
  object space 68608K, 38% used [0x0000000080000000,0x00000000819fe7b0,0x0000000084300000)
 Metaspace       used 39833K, committed 41088K, reserved 1114112K
  class space    used 4207K, committed 4800K, reserved 1048576K
}
Event: 5.041 GC heap after
{Heap after GC invocations=19 (full 2):
 PSYoungGen      total 22528K, used 2321K [0x00000000d5580000, 0x00000000d6e00000, 0x0000000100000000)
  eden space 19968K, 0% used [0x00000000d5580000,0x00000000d5580000,0x00000000d6900000)
  from space 2560K, 90% used [0x00000000d6a80000,0x00000000d6cc4560,0x00000000d6d00000)
  to   space 1024K, 0% used [0x00000000d6d00000,0x00000000d6d00000,0x00000000d6e00000)
 ParOldGen       total 68608K, used 28561K [0x0000000080000000, 0x0000000084300000, 0x00000000d5580000)
  object space 68608K, 41% used [0x0000000080000000,0x0000000081be47c0,0x0000000084300000)
 Metaspace       used 39833K, committed 41088K, reserved 1114112K
  class space    used 4207K, committed 4800K, reserved 1048576K
}
Event: 5.091 GC heap before
{Heap before GC invocations=20 (full 2):
 PSYoungGen      total 22528K, used 22289K [0x00000000d5580000, 0x00000000d6e00000, 0x0000000100000000)
  eden space 19968K, 100% used [0x00000000d5580000,0x00000000d6900000,0x00000000d6900000)
  from space 2560K, 90% used [0x00000000d6a80000,0x00000000d6cc4560,0x00000000d6d00000)
  to   space 1024K, 0% used [0x00000000d6d00000,0x00000000d6d00000,0x00000000d6e00000)
 ParOldGen       total 68608K, used 28561K [0x0000000080000000, 0x0000000084300000, 0x00000000d5580000)
  object space 68608K, 41% used [0x0000000080000000,0x0000000081be47c0,0x0000000084300000)
 Metaspace       used 39989K, committed 41280K, reserved 1114112K
  class space    used 4232K, committed 4800K, reserved 1048576K
}
Event: 5.093 GC heap after
{Heap after GC invocations=20 (full 2):
 PSYoungGen      total 20480K, used 1005K [0x00000000d5580000, 0x00000000d7200000, 0x0000000100000000)
  eden space 19456K, 0% used [0x00000000d5580000,0x00000000d5580000,0x00000000d6880000)
  from space 1024K, 98% used [0x00000000d6d00000,0x00000000d6dfb680,0x00000000d6e00000)
  to   space 4608K, 0% used [0x00000000d6880000,0x00000000d6880000,0x00000000d6d00000)
 ParOldGen       total 68608K, used 31798K [0x0000000080000000, 0x0000000084300000, 0x00000000d5580000)
  object space 68608K, 46% used [0x0000000080000000,0x0000000081f0d8d0,0x0000000084300000)
 Metaspace       used 39989K, committed 41280K, reserved 1114112K
  class space    used 4232K, committed 4800K, reserved 1048576K
}
Event: 5.144 GC heap before
{Heap before GC invocations=21 (full 2):
 PSYoungGen      total 20480K, used 20461K [0x00000000d5580000, 0x00000000d7200000, 0x0000000100000000)
  eden space 19456K, 100% used [0x00000000d5580000,0x00000000d6880000,0x00000000d6880000)
  from space 1024K, 98% used [0x00000000d6d00000,0x00000000d6dfb680,0x00000000d6e00000)
  to   space 4608K, 0% used [0x00000000d6880000,0x00000000d6880000,0x00000000d6d00000)
 ParOldGen       total 68608K, used 31798K [0x0000000080000000, 0x0000000084300000, 0x00000000d5580000)
  object space 68608K, 46% used [0x0000000080000000,0x0000000081f0d8d0,0x0000000084300000)
 Metaspace       used 40214K, committed 41408K, reserved 1114112K
  class space    used 4261K, committed 4800K, reserved 1048576K
}
Event: 5.146 GC heap after
{Heap after GC invocations=21 (full 2):
 PSYoungGen      total 21504K, used 1858K [0x00000000d5580000, 0x00000000d6e80000, 0x0000000100000000)
  eden space 19456K, 0% used [0x00000000d5580000,0x00000000d5580000,0x00000000d6880000)
  from space 2048K, 90% used [0x00000000d6880000,0x00000000d6a50800,0x00000000d6a80000)
  to   space 3072K, 0% used [0x00000000d6b80000,0x00000000d6b80000,0x00000000d6e80000)
 ParOldGen       total 68608K, used 32804K [0x0000000080000000, 0x0000000084300000, 0x00000000d5580000)
  object space 68608K, 47% used [0x0000000080000000,0x00000000820090e8,0x0000000084300000)
 Metaspace       used 40214K, committed 41408K, reserved 1114112K
  class space    used 4261K, committed 4800K, reserved 1048576K
}
Event: 5.190 GC heap before
{Heap before GC invocations=22 (full 2):
 PSYoungGen      total 21504K, used 21314K [0x00000000d5580000, 0x00000000d6e80000, 0x0000000100000000)
  eden space 19456K, 100% used [0x00000000d5580000,0x00000000d6880000,0x00000000d6880000)
  from space 2048K, 90% used [0x00000000d6880000,0x00000000d6a50800,0x00000000d6a80000)
  to   space 3072K, 0% used [0x00000000d6b80000,0x00000000d6b80000,0x00000000d6e80000)
 ParOldGen       total 68608K, used 32804K [0x0000000080000000, 0x0000000084300000, 0x00000000d5580000)
  object space 68608K, 47% used [0x0000000080000000,0x00000000820090e8,0x0000000084300000)
 Metaspace       used 40505K, committed 41856K, reserved 1114112K
  class space    used 4291K, committed 4864K, reserved 1048576K
}
Event: 5.193 GC heap after
{Heap after GC invocations=22 (full 2):
 PSYoungGen      total 21504K, used 2020K [0x00000000d5580000, 0x00000000d6d80000, 0x0000000100000000)
  eden space 19456K, 0% used [0x00000000d5580000,0x00000000d5580000,0x00000000d6880000)
  from space 2048K, 98% used [0x00000000d6b80000,0x00000000d6d79000,0x00000000d6d80000)
  to   space 2560K, 0% used [0x00000000d6880000,0x00000000d6880000,0x00000000d6b00000)
 ParOldGen       total 68608K, used 34466K [0x0000000080000000, 0x0000000084300000, 0x00000000d5580000)
  object space 68608K, 50% used [0x0000000080000000,0x00000000821a8a98,0x0000000084300000)
 Metaspace       used 40505K, committed 41856K, reserved 1114112K
  class space    used 4291K, committed 4864K, reserved 1048576K
}
Event: 5.245 GC heap before
{Heap before GC invocations=23 (full 2):
 PSYoungGen      total 21504K, used 21476K [0x00000000d5580000, 0x00000000d6d80000, 0x0000000100000000)
  eden space 19456K, 100% used [0x00000000d5580000,0x00000000d6880000,0x00000000d6880000)
  from space 2048K, 98% used [0x00000000d6b80000,0x00000000d6d79000,0x00000000d6d80000)
  to   space 2560K, 0% used [0x00000000d6880000,0x00000000d6880000,0x00000000d6b00000)
 ParOldGen       total 68608K, used 34466K [0x0000000080000000, 0x0000000084300000, 0x00000000d5580000)
  object space 68608K, 50% used [0x0000000080000000,0x00000000821a8a98,0x0000000084300000)
 Metaspace       used 40837K, committed 42176K, reserved 1114112K
  class space    used 4338K, committed 4928K, reserved 1048576K
}
Event: 5.247 GC heap after
{Heap after GC invocations=23 (full 2):
 PSYoungGen      total 21504K, used 1936K [0x00000000d5580000, 0x00000000d6c80000, 0x0000000100000000)
  eden space 19456K, 0% used [0x00000000d5580000,0x00000000d5580000,0x00000000d6880000)
  from space 2048K, 94% used [0x00000000d6880000,0x00000000d6a641e0,0x00000000d6a80000)
  to   space 2048K, 0% used [0x00000000d6a80000,0x00000000d6a80000,0x00000000d6c80000)
 ParOldGen       total 68608K, used 36288K [0x0000000080000000, 0x0000000084300000, 0x00000000d5580000)
  object space 68608K, 52% used [0x0000000080000000,0x00000000823700c0,0x0000000084300000)
 Metaspace       used 40837K, committed 42176K, reserved 1114112K
  class space    used 4338K, committed 4928K, reserved 1048576K
}
Event: 5.297 GC heap before
{Heap before GC invocations=24 (full 2):
 PSYoungGen      total 21504K, used 21392K [0x00000000d5580000, 0x00000000d6c80000, 0x0000000100000000)
  eden space 19456K, 100% used [0x00000000d5580000,0x00000000d6880000,0x00000000d6880000)
  from space 2048K, 94% used [0x00000000d6880000,0x00000000d6a641e0,0x00000000d6a80000)
  to   space 2048K, 0% used [0x00000000d6a80000,0x00000000d6a80000,0x00000000d6c80000)
 ParOldGen       total 68608K, used 36288K [0x0000000080000000, 0x0000000084300000, 0x00000000d5580000)
  object space 68608K, 52% used [0x0000000080000000,0x00000000823700c0,0x0000000084300000)
 Metaspace       used 41269K, committed 42496K, reserved 1114112K
  class space    used 4385K, committed 4928K, reserved 1048576K
}
Event: 5.299 GC heap after
{Heap after GC invocations=24 (full 2):
 PSYoungGen      total 21504K, used 1792K [0x00000000d5580000, 0x00000000d6c80000, 0x0000000100000000)
  eden space 19456K, 0% used [0x00000000d5580000,0x00000000d5580000,0x00000000d6880000)
  from space 2048K, 87% used [0x00000000d6a80000,0x00000000d6c40010,0x00000000d6c80000)
  to   space 2048K, 0% used [0x00000000d6880000,0x00000000d6880000,0x00000000d6a80000)
 ParOldGen       total 68608K, used 37904K [0x0000000080000000, 0x0000000084300000, 0x00000000d5580000)
  object space 68608K, 55% used [0x0000000080000000,0x00000000825040c0,0x0000000084300000)
 Metaspace       used 41269K, committed 42496K, reserved 1114112K
  class space    used 4385K, committed 4928K, reserved 1048576K
}
Event: 5.347 GC heap before
{Heap before GC invocations=25 (full 2):
 PSYoungGen      total 21504K, used 21248K [0x00000000d5580000, 0x00000000d6c80000, 0x0000000100000000)
  eden space 19456K, 100% used [0x00000000d5580000,0x00000000d6880000,0x00000000d6880000)
  from space 2048K, 87% used [0x00000000d6a80000,0x00000000d6c40010,0x00000000d6c80000)
  to   space 2048K, 0% used [0x00000000d6880000,0x00000000d6880000,0x00000000d6a80000)
 ParOldGen       total 68608K, used 37904K [0x0000000080000000, 0x0000000084300000, 0x00000000d5580000)
  object space 68608K, 55% used [0x0000000080000000,0x00000000825040c0,0x0000000084300000)
 Metaspace       used 41602K, committed 42880K, reserved 1114112K
  class space    used 4433K, committed 4992K, reserved 1048576K
}
Event: 5.351 GC heap after
{Heap after GC invocations=25 (full 2):
 PSYoungGen      total 21504K, used 1784K [0x00000000d5580000, 0x00000000d6c80000, 0x0000000100000000)
  eden space 19456K, 0% used [0x00000000d5580000,0x00000000d5580000,0x00000000d6880000)
  from space 2048K, 87% used [0x00000000d6880000,0x00000000d6a3e200,0x00000000d6a80000)
  to   space 2048K, 0% used [0x00000000d6a80000,0x00000000d6a80000,0x00000000d6c80000)
 ParOldGen       total 68608K, used 39544K [0x0000000080000000, 0x0000000084300000, 0x00000000d5580000)
  object space 68608K, 57% used [0x0000000080000000,0x000000008269e0d0,0x0000000084300000)
 Metaspace       used 41602K, committed 42880K, reserved 1114112K
  class space    used 4433K, committed 4992K, reserved 1048576K
}
Event: 5.568 GC heap before
{Heap before GC invocations=26 (full 2):
 PSYoungGen      total 21504K, used 21240K [0x00000000d5580000, 0x00000000d6c80000, 0x0000000100000000)
  eden space 19456K, 100% used [0x00000000d5580000,0x00000000d6880000,0x00000000d6880000)
  from space 2048K, 87% used [0x00000000d6880000,0x00000000d6a3e200,0x00000000d6a80000)
  to   space 2048K, 0% used [0x00000000d6a80000,0x00000000d6a80000,0x00000000d6c80000)
 ParOldGen       total 68608K, used 39544K [0x0000000080000000, 0x0000000084300000, 0x00000000d5580000)
  object space 68608K, 57% used [0x0000000080000000,0x000000008269e0d0,0x0000000084300000)
 Metaspace       used 43878K, committed 45184K, reserved 1114112K
  class space    used 4709K, committed 5248K, reserved 1048576K
}
Event: 5.572 GC heap after
{Heap after GC invocations=26 (full 2):
 PSYoungGen      total 20992K, used 1056K [0x00000000d5580000, 0x00000000d6c00000, 0x0000000100000000)
  eden space 19456K, 0% used [0x00000000d5580000,0x00000000d5580000,0x00000000d6880000)
  from space 1536K, 68% used [0x00000000d6a80000,0x00000000d6b88000,0x00000000d6c00000)
  to   space 1536K, 0% used [0x00000000d6900000,0x00000000d6900000,0x00000000d6a80000)
 ParOldGen       total 68608K, used 41157K [0x0000000080000000, 0x0000000084300000, 0x00000000d5580000)
  object space 68608K, 59% used [0x0000000080000000,0x0000000082831628,0x0000000084300000)
 Metaspace       used 43878K, committed 45184K, reserved 1114112K
  class space    used 4709K, committed 5248K, reserved 1048576K
}
Event: 5.918 GC heap before
{Heap before GC invocations=27 (full 2):
 PSYoungGen      total 20992K, used 20512K [0x00000000d5580000, 0x00000000d6c00000, 0x0000000100000000)
  eden space 19456K, 100% used [0x00000000d5580000,0x00000000d6880000,0x00000000d6880000)
  from space 1536K, 68% used [0x00000000d6a80000,0x00000000d6b88000,0x00000000d6c00000)
  to   space 1536K, 0% used [0x00000000d6900000,0x00000000d6900000,0x00000000d6a80000)
 ParOldGen       total 68608K, used 41157K [0x0000000080000000, 0x0000000084300000, 0x00000000d5580000)
  object space 68608K, 59% used [0x0000000080000000,0x0000000082831628,0x0000000084300000)
 Metaspace       used 46260K, committed 47552K, reserved 1114112K
  class space    used 5013K, committed 5568K, reserved 1048576K
}
Event: 5.920 GC heap after
{Heap after GC invocations=27 (full 2):
 PSYoungGen      total 20992K, used 1376K [0x00000000d5580000, 0x00000000d6b80000, 0x0000000100000000)
  eden space 19456K, 0% used [0x00000000d5580000,0x00000000d5580000,0x00000000d6880000)
  from space 1536K, 89% used [0x00000000d6900000,0x00000000d6a58000,0x00000000d6a80000)
  to   space 1024K, 0% used [0x00000000d6a80000,0x00000000d6a80000,0x00000000d6b80000)
 ParOldGen       total 68608K, used 42027K [0x0000000080000000, 0x0000000084300000, 0x00000000d5580000)
  object space 68608K, 61% used [0x0000000080000000,0x000000008290ac30,0x0000000084300000)
 Metaspace       used 46260K, committed 47552K, reserved 1114112K
  class space    used 5013K, committed 5568K, reserved 1048576K
}
Event: 6.163 GC heap before
{Heap before GC invocations=28 (full 2):
 PSYoungGen      total 20992K, used 20832K [0x00000000d5580000, 0x00000000d6b80000, 0x0000000100000000)
  eden space 19456K, 100% used [0x00000000d5580000,0x00000000d6880000,0x00000000d6880000)
  from space 1536K, 89% used [0x00000000d6900000,0x00000000d6a58000,0x00000000d6a80000)
  to   space 1024K, 0% used [0x00000000d6a80000,0x00000000d6a80000,0x00000000d6b80000)
 ParOldGen       total 68608K, used 42027K [0x0000000080000000, 0x0000000084300000, 0x00000000d5580000)
  object space 68608K, 61% used [0x0000000080000000,0x000000008290ac30,0x0000000084300000)
 Metaspace       used 48717K, committed 49984K, reserved 1114112K
  class space    used 5289K, committed 5824K, reserved 1048576K
}
Event: 6.165 GC heap after
{Heap after GC invocations=28 (full 2):
 PSYoungGen      total 19456K, used 992K [0x00000000d5580000, 0x00000000d6e80000, 0x0000000100000000)
  eden space 18432K, 0% used [0x00000000d5580000,0x00000000d5580000,0x00000000d6780000)
  from space 1024K, 96% used [0x00000000d6a80000,0x00000000d6b78010,0x00000000d6b80000)
  to   space 3072K, 0% used [0x00000000d6780000,0x00000000d6780000,0x00000000d6a80000)
 ParOldGen       total 68608K, used 43534K [0x0000000080000000, 0x0000000084300000, 0x00000000d5580000)
  object space 68608K, 63% used [0x0000000080000000,0x0000000082a83960,0x0000000084300000)
 Metaspace       used 48717K, committed 49984K, reserved 1114112K
  class space    used 5289K, committed 5824K, reserved 1048576K
}

Dll operation events (10 events):
Event: 0.011 Loaded shared library c:\Users\maelp\.vscode\extensions\redhat.java-1.45.0-win32-x64\jre\21.0.8-win32-x86_64\bin\java.dll
Event: 0.085 Loaded shared library c:\Users\maelp\.vscode\extensions\redhat.java-1.45.0-win32-x64\jre\21.0.8-win32-x86_64\bin\zip.dll
Event: 0.108 Loaded shared library C:\Users\maelp\.vscode\extensions\redhat.java-1.45.0-win32-x64\jre\21.0.8-win32-x86_64\bin\instrument.dll
Event: 0.112 Loaded shared library C:\Users\maelp\.vscode\extensions\redhat.java-1.45.0-win32-x64\jre\21.0.8-win32-x86_64\bin\net.dll
Event: 0.114 Loaded shared library C:\Users\maelp\.vscode\extensions\redhat.java-1.45.0-win32-x64\jre\21.0.8-win32-x86_64\bin\nio.dll
Event: 0.117 Loaded shared library C:\Users\maelp\.vscode\extensions\redhat.java-1.45.0-win32-x64\jre\21.0.8-win32-x86_64\bin\zip.dll
Event: 0.134 Loaded shared library C:\Users\maelp\.vscode\extensions\redhat.java-1.45.0-win32-x64\jre\21.0.8-win32-x86_64\bin\jimage.dll
Event: 0.213 Loaded shared library c:\Users\maelp\.vscode\extensions\redhat.java-1.45.0-win32-x64\jre\21.0.8-win32-x86_64\bin\verify.dll
Event: 1.427 Loaded shared library C:\Users\maelp\AppData\Roaming\Code\User\globalStorage\redhat.java\1.45.0\config_win\org.eclipse.equinox.launcher\org.eclipse.equinox.launcher.win32.win32.x86_64_1.2.1400.v20250801-0854\eclipse_11916.dll
Event: 2.999 Loaded shared library C:\Users\maelp\AppData\Local\Temp\jna-103654037\jna17485331978066581255.dll

Deoptimization events (20 events):
Event: 6.033 Thread 0x000002d9985f7370 DEOPT PACKING pc=0x000002d93c5da846 sp=0x000000fb144fdd60
Event: 6.033 Thread 0x000002d9985f7370 DEOPT UNPACKING pc=0x000002d943204242 sp=0x000000fb144fd2e0 mode 0
Event: 6.094 Thread 0x000002d9976e1db0 DEOPT PACKING pc=0x000002d93c60139f sp=0x000000fb127fdfc0
Event: 6.094 Thread 0x000002d9976e1db0 DEOPT UNPACKING pc=0x000002d943204242 sp=0x000000fb127fd498 mode 0
Event: 6.106 Thread 0x000002d9976e8020 Uncommon trap: trap_request=0xffffff76 fr.pc=0x000002d943a026d0 relative=0x0000000000000af0
Event: 6.106 Thread 0x000002d9976e8020 Uncommon trap: reason=predicate action=maybe_recompile pc=0x000002d943a026d0 method=java.util.TreeMap.put(Ljava/lang/Object;Ljava/lang/Object;Z)Ljava/lang/Object; @ 123 c2
Event: 6.106 Thread 0x000002d9976e8020 DEOPT PACKING pc=0x000002d943a026d0 sp=0x000000fb12cfb520
Event: 6.106 Thread 0x000002d9976e8020 DEOPT UNPACKING pc=0x000002d943203aa2 sp=0x000000fb12cfb4a8 mode 2
Event: 6.111 Thread 0x000002d9976e1db0 Uncommon trap: trap_request=0xffffff45 fr.pc=0x000002d94396e370 relative=0x0000000000000eb0
Event: 6.111 Thread 0x000002d9976e1db0 Uncommon trap: reason=unstable_if action=reinterpret pc=0x000002d94396e370 method=java.util.Properties$LineReader.readLine()I @ 325 c2
Event: 6.111 Thread 0x000002d9976e1db0 DEOPT PACKING pc=0x000002d94396e370 sp=0x000000fb127fda00
Event: 6.111 Thread 0x000002d9976e1db0 DEOPT UNPACKING pc=0x000002d943203aa2 sp=0x000000fb127fd990 mode 2
Event: 6.124 Thread 0x000002d9985f7370 Uncommon trap: trap_request=0xffffffde fr.pc=0x000002d9438c0308 relative=0x00000000000003a8
Event: 6.124 Thread 0x000002d9985f7370 Uncommon trap: reason=class_check action=maybe_recompile pc=0x000002d9438c0308 method=java.io.InputStream.read([BII)I @ 15 c2
Event: 6.124 Thread 0x000002d9985f7370 DEOPT PACKING pc=0x000002d9438c0308 sp=0x000000fb144fe960
Event: 6.124 Thread 0x000002d9985f7370 DEOPT UNPACKING pc=0x000002d943203aa2 sp=0x000000fb144fe908 mode 2
Event: 6.126 Thread 0x000002d9976e8020 Uncommon trap: trap_request=0xffffff45 fr.pc=0x000002d943913454 relative=0x0000000000001234
Event: 6.126 Thread 0x000002d9976e8020 Uncommon trap: reason=unstable_if action=reinterpret pc=0x000002d943913454 method=jdk.internal.org.objectweb.asm.SymbolTable.put(Ljdk/internal/org/objectweb/asm/SymbolTable$Entry;)Ljdk/internal/org/objectweb/asm/SymbolTable$Entry; @ 13 c2
Event: 6.126 Thread 0x000002d9976e8020 DEOPT PACKING pc=0x000002d943913454 sp=0x000000fb12cf9620
Event: 6.126 Thread 0x000002d9976e8020 DEOPT UNPACKING pc=0x000002d943203aa2 sp=0x000000fb12cf94c8 mode 2

Classes loaded (20 events):
Event: 5.464 Loading class sun/reflect/generics/scope/ConstructorScope
Event: 5.465 Loading class sun/reflect/generics/scope/ConstructorScope done
Event: 5.465 Loading class sun/reflect/generics/tree/VoidDescriptor
Event: 5.465 Loading class sun/reflect/generics/tree/VoidDescriptor done
Event: 5.582 Loading class java/nio/channels/ServerSocketChannel
Event: 5.582 Loading class java/nio/channels/ServerSocketChannel done
Event: 5.702 Loading class java/lang/ExceptionInInitializerError
Event: 5.702 Loading class java/lang/ExceptionInInitializerError done
Event: 5.702 Loading class sun/misc/Unsafe
Event: 5.703 Loading class sun/misc/Unsafe done
Event: 5.734 Loading class jdk/internal/org/objectweb/asm/ClassReader
Event: 5.735 Loading class jdk/internal/org/objectweb/asm/ClassReader done
Event: 5.999 Loading class java/lang/ProcessEnvironment$CheckedKeySet
Event: 5.999 Loading class java/lang/ProcessEnvironment$CheckedKeySet done
Event: 6.079 Loading class java/util/concurrent/CompletableFuture$AltResult
Event: 6.079 Loading class java/util/concurrent/CompletableFuture$AltResult done
Event: 6.079 Loading class java/util/concurrent/CompletableFuture$Completion
Event: 6.079 Loading class java/util/concurrent/CompletableFuture$AsynchronousCompletionTask
Event: 6.079 Loading class java/util/concurrent/CompletableFuture$AsynchronousCompletionTask done
Event: 6.079 Loading class java/util/concurrent/CompletableFuture$Completion done

Classes unloaded (7 events):
Event: 3.539 Thread 0x000002d938b31b50 Unloading class 0x000002d9511a6800 'java/lang/invoke/LambdaForm$MH+0x000002d9511a6800'
Event: 3.539 Thread 0x000002d938b31b50 Unloading class 0x000002d9511a6400 'java/lang/invoke/LambdaForm$MH+0x000002d9511a6400'
Event: 3.539 Thread 0x000002d938b31b50 Unloading class 0x000002d9511a6000 'java/lang/invoke/LambdaForm$MH+0x000002d9511a6000'
Event: 3.539 Thread 0x000002d938b31b50 Unloading class 0x000002d9511a5c00 'java/lang/invoke/LambdaForm$MH+0x000002d9511a5c00'
Event: 3.539 Thread 0x000002d938b31b50 Unloading class 0x000002d9511a5800 'java/lang/invoke/LambdaForm$BMH+0x000002d9511a5800'
Event: 3.539 Thread 0x000002d938b31b50 Unloading class 0x000002d9511a5400 'java/lang/invoke/LambdaForm$DMH+0x000002d9511a5400'
Event: 3.539 Thread 0x000002d938b31b50 Unloading class 0x000002d9511a4000 'java/lang/invoke/LambdaForm$DMH+0x000002d9511a4000'

Classes redefined (0 events):
No events

Internal exceptions (20 events):
Event: 4.655 Thread 0x000002d9976e7300 Exception <a 'java/lang/NoSuchMethodError'{0x00000000d58a5648}: 'java.lang.Object java.lang.invoke.DirectMethodHandle$Holder.newInvokeSpecial(java.lang.Object, java.lang.Object, java.lang.Object, int)'> (0x00000000d58a5648) 
thrown [s\src\hotspot\share\interpreter\linkResolver.cpp, line 773]
Event: 4.656 Thread 0x000002d9976e7300 Exception <a 'java/lang/NoSuchMethodError'{0x00000000d58a9300}: 'java.lang.Object java.lang.invoke.DirectMethodHandle$Holder.invokeSpecial(java.lang.Object, java.lang.Object, java.lang.Object, java.lang.Object, int)'> (0x00000000d58a9300) 
thrown [s\src\hotspot\share\interpreter\linkResolver.cpp, line 773]
Event: 4.657 Thread 0x000002d9976e7300 Exception <a 'java/lang/NoSuchMethodError'{0x00000000d58fef70}: 'java.lang.Object java.lang.invoke.Invokers$Holder.linkToTargetMethod(java.lang.Object, java.lang.Object, int, java.lang.Object)'> (0x00000000d58fef70) 
thrown [s\src\hotspot\share\interpreter\linkResolver.cpp, line 773]
Event: 4.659 Thread 0x000002d9976e7300 Exception <a 'java/lang/NoSuchMethodError'{0x00000000d590adf0}: 'void java.lang.invoke.DirectMethodHandle$Holder.invokeStaticInit(java.lang.Object, java.lang.Object, java.lang.Object)'> (0x00000000d590adf0) 
thrown [s\src\hotspot\share\interpreter\linkResolver.cpp, line 773]
Event: 4.691 Thread 0x000002d9976e8020 Exception <a 'java/lang/NoSuchMethodError'{0x00000000d5d88150}: 'java.lang.Object java.lang.invoke.DirectMethodHandle$Holder.invokeSpecialIFC(java.lang.Object, java.lang.Object, java.lang.Object, java.lang.Object)'> (0x00000000d5d88150) 
thrown [s\src\hotspot\share\interpreter\linkResolver.cpp, line 773]
Event: 4.771 Thread 0x000002d938a90b70 Exception <a 'java/lang/NoSuchMethodError'{0x00000000d57c6010}: 'void java.lang.invoke.DirectMethodHandle$Holder.invokeSpecial(java.lang.Object, java.lang.Object, java.lang.Object, java.lang.Object, java.lang.Object, java.lang.Object)'> (0x00000000d57c6010) 
thrown [s\src\hotspot\share\interpreter\linkResolver.cpp, line 773]
Event: 4.771 Thread 0x000002d938a90b70 Exception <a 'java/lang/IncompatibleClassChangeError'{0x00000000d57ffc00}: Found class java.lang.Object, but interface was expected> (0x00000000d57ffc00) 
thrown [s\src\hotspot\share\interpreter\linkResolver.cpp, line 840]
Event: 4.772 Thread 0x000002d938a90b70 Exception <a 'java/lang/IncompatibleClassChangeError'{0x00000000d5801b00}: Found class java.lang.Object, but interface was expected> (0x00000000d5801b00) 
thrown [s\src\hotspot\share\interpreter\linkResolver.cpp, line 840]
Event: 4.952 Thread 0x000002d9985f7370 Exception <a 'java/io/FileNotFoundException'{0x00000000d6735090}> (0x00000000d6735090) 
thrown [s\src\hotspot\share\prims\jni.cpp, line 520]
Event: 4.988 Thread 0x000002d9985f7370 Exception <a 'java/lang/NoSuchMethodError'{0x00000000d5f7b4a0}: 'java.lang.Object java.lang.invoke.DirectMethodHandle$Holder.invokeStatic(java.lang.Object, int, java.lang.Object, java.lang.Object)'> (0x00000000d5f7b4a0) 
thrown [s\src\hotspot\share\interpreter\linkResolver.cpp, line 773]
Event: 4.988 Thread 0x000002d9985f7370 Exception <a 'java/lang/NoSuchMethodError'{0x00000000d5fbe4e8}: 'java.lang.Object java.lang.invoke.DelegatingMethodHandle$Holder.delegate(java.lang.Object, int, java.lang.Object, java.lang.Object)'> (0x00000000d5fbe4e8) 
thrown [s\src\hotspot\share\interpreter\linkResolver.cpp, line 773]
Event: 4.991 Thread 0x000002d9985f7370 Exception <a 'java/lang/NoSuchMethodError'{0x00000000d601d9d0}: 'int java.lang.invoke.Invokers$Holder.linkToTargetMethod(java.lang.Object, java.lang.Object, java.lang.Object)'> (0x00000000d601d9d0) 
thrown [s\src\hotspot\share\interpreter\linkResolver.cpp, line 773]
Event: 5.020 Thread 0x000002d9976e8020 Exception <a 'java/lang/NoClassDefFoundError'{0x00000000d6518e80}: javax/enterprise/inject/Typed> (0x00000000d6518e80) 
thrown [s\src\hotspot\share\classfile\systemDictionary.cpp, line 301]
Event: 5.060 Thread 0x000002d938a90b70 Implicit null exception at 0x000002d94393a13a to 0x000002d94393a174
Event: 5.704 Thread 0x000002d9976e8020 Exception <a 'java/lang/ExceptionInInitializerError'{0x00000000d5e27ec0}> (0x00000000d5e27ec0) 
thrown [s\src\hotspot\share\oops\instanceKlass.cpp, line 1220]
Event: 5.736 Thread 0x000002d9976e8020 Implicit null exception at 0x000002d94389b500 to 0x000002d94389b784
Event: 5.736 Thread 0x000002d9976e8020 Implicit null exception at 0x000002d943800120 to 0x000002d943801090
Event: 5.738 Thread 0x000002d9976e8020 Exception <a 'java/lang/NoSuchMethodError'{0x00000000d5fdabd0}: 'java.lang.Object java.lang.invoke.Invokers$Holder.invokeExact_MT(java.lang.Object, int, java.lang.Object)'> (0x00000000d5fdabd0) 
thrown [s\src\hotspot\share\interpreter\linkResolver.cpp, line 773]
Event: 5.989 Thread 0x000002d9976e8020 Exception <a 'java/lang/NoClassDefFoundError'{0x00000000d597ee90}: com/google/inject/servlet/ServletModuleTargetVisitor> (0x00000000d597ee90) 
thrown [s\src\hotspot\share\classfile\systemDictionary.cpp, line 301]
Event: 6.124 Thread 0x000002d9985f7370 Exception <a 'java/lang/IncompatibleClassChangeError'{0x00000000d63e97d0}: Found class java.lang.Object, but interface was expected> (0x00000000d63e97d0) 
thrown [s\src\hotspot\share\interpreter\linkResolver.cpp, line 840]

ZGC Phase Switch (0 events):
No events

VM Operations (20 events):
Event: 5.190 Executing VM operation: ParallelGCFailedAllocation (Allocation Failure)
Event: 5.193 Executing VM operation: ParallelGCFailedAllocation (Allocation Failure) done
Event: 5.244 Executing VM operation: ParallelGCFailedAllocation (Allocation Failure)
Event: 5.247 Executing VM operation: ParallelGCFailedAllocation (Allocation Failure) done
Event: 5.297 Executing VM operation: ParallelGCFailedAllocation (Allocation Failure)
Event: 5.299 Executing VM operation: ParallelGCFailedAllocation (Allocation Failure) done
Event: 5.347 Executing VM operation: ParallelGCFailedAllocation (Allocation Failure)
Event: 5.351 Executing VM operation: ParallelGCFailedAllocation (Allocation Failure) done
Event: 5.405 Executing VM operation: HandshakeAllThreads (Deoptimize)
Event: 5.405 Executing VM operation: HandshakeAllThreads (Deoptimize) done
Event: 5.431 Executing VM operation: HandshakeAllThreads (Deoptimize)
Event: 5.432 Executing VM operation: HandshakeAllThreads (Deoptimize) done
Event: 5.568 Executing VM operation: ParallelGCFailedAllocation (Allocation Failure)
Event: 5.572 Executing VM operation: ParallelGCFailedAllocation (Allocation Failure) done
Event: 5.767 Executing VM operation: HandshakeAllThreads (Deoptimize)
Event: 5.767 Executing VM operation: HandshakeAllThreads (Deoptimize) done
Event: 5.918 Executing VM operation: ParallelGCFailedAllocation (Allocation Failure)
Event: 5.920 Executing VM operation: ParallelGCFailedAllocation (Allocation Failure) done
Event: 6.162 Executing VM operation: ParallelGCFailedAllocation (Allocation Failure)
Event: 6.165 Executing VM operation: ParallelGCFailedAllocation (Allocation Failure) done

Memory protections (0 events):
No events

Nmethod flushes (20 events):
Event: 4.616 Thread 0x000002d938b31b50 flushing  nmethod 0x000002d93c31bf90
Event: 4.616 Thread 0x000002d938b31b50 flushing  nmethod 0x000002d93c31c890
Event: 4.616 Thread 0x000002d938b31b50 flushing  nmethod 0x000002d93c31da90
Event: 4.616 Thread 0x000002d938b31b50 flushing  nmethod 0x000002d93c31e290
Event: 4.616 Thread 0x000002d938b31b50 flushing  nmethod 0x000002d93c31ea10
Event: 4.616 Thread 0x000002d938b31b50 flushing  nmethod 0x000002d93c320b10
Event: 4.616 Thread 0x000002d938b31b50 flushing  nmethod 0x000002d93c321410
Event: 4.616 Thread 0x000002d938b31b50 flushing  nmethod 0x000002d93c322510
Event: 4.616 Thread 0x000002d938b31b50 flushing  nmethod 0x000002d93c32c190
Event: 4.616 Thread 0x000002d938b31b50 flushing  nmethod 0x000002d93c32c690
Event: 4.616 Thread 0x000002d938b31b50 flushing  nmethod 0x000002d93c32da90
Event: 4.616 Thread 0x000002d938b31b50 flushing  nmethod 0x000002d93c33f990
Event: 4.616 Thread 0x000002d938b31b50 flushing  nmethod 0x000002d93c348610
Event: 4.616 Thread 0x000002d938b31b50 flushing  nmethod 0x000002d93c352990
Event: 4.616 Thread 0x000002d938b31b50 flushing  nmethod 0x000002d93c354190
Event: 4.616 Thread 0x000002d938b31b50 flushing  nmethod 0x000002d93c35db90
Event: 4.616 Thread 0x000002d938b31b50 flushing  nmethod 0x000002d93c3b1510
Event: 4.616 Thread 0x000002d938b31b50 flushing  nmethod 0x000002d93c3dc990
Event: 4.616 Thread 0x000002d938b31b50 flushing  nmethod 0x000002d93c407990
Event: 4.616 Thread 0x000002d938b31b50 flushing  nmethod 0x000002d93c407e10

Events (20 events):
Event: 4.503 Thread 0x000002d938a90b70 Thread added: 0x000002d9976e65e0
Event: 4.503 Thread 0x000002d938a90b70 Thread added: 0x000002d9976e3160
Event: 4.503 Thread 0x000002d938a90b70 Thread added: 0x000002d9976e4510
Event: 4.503 Thread 0x000002d938a90b70 Thread added: 0x000002d9976e4ba0
Event: 4.503 Thread 0x000002d938a90b70 Thread added: 0x000002d9985fc230
Event: 4.503 Thread 0x000002d938a90b70 Thread added: 0x000002d9985f8db0
Event: 4.503 Thread 0x000002d938a90b70 Thread added: 0x000002d9985f9440
Event: 4.503 Thread 0x000002d938a90b70 Thread added: 0x000002d9985fc8c0
Event: 4.535 Thread 0x000002d938a90b70 Thread added: 0x000002d9985f5fc0
Event: 4.707 Thread 0x000002d9976e7300 Thread added: 0x000002d9985f9ad0
Event: 4.708 Thread 0x000002d9985f9ad0 Thread added: 0x000002d9985f7a00
Event: 4.708 Thread 0x000002d9985f7a00 Thread added: 0x000002d9985fa160
Event: 4.708 Thread 0x000002d9985fa160 Thread added: 0x000002d9985fae80
Event: 4.708 Thread 0x000002d9985fae80 Thread added: 0x000002d9985f6650
Event: 4.709 Thread 0x000002d9985f6650 Thread added: 0x000002d9985fbba0
Event: 4.710 Thread 0x000002d9985fbba0 Thread added: 0x000002d9985f8720
Event: 4.710 Thread 0x000002d9985f8720 Thread added: 0x000002d9985f6ce0
Event: 4.711 Thread 0x000002d9985f6ce0 Thread added: 0x000002d9985fb510
Event: 4.801 Thread 0x000002d938a90b70 Thread added: 0x000002d9985fa7f0
Event: 4.801 Thread 0x000002d938a90b70 Thread added: 0x000002d9985f7370


Dynamic libraries:
0x00007ff702e80000 - 0x00007ff702e8e000 	c:\Users\maelp\.vscode\extensions\redhat.java-1.45.0-win32-x64\jre\21.0.8-win32-x86_64\bin\java.exe
0x00007fff10d70000 - 0x00007fff10f87000 	C:\WINDOWS\SYSTEM32\ntdll.dll
0x00007fff102b0000 - 0x00007fff10374000 	C:\WINDOWS\System32\KERNEL32.DLL
0x00007fff0e4b0000 - 0x00007fff0e880000 	C:\WINDOWS\System32\KERNELBASE.dll
0x00007fff0de70000 - 0x00007fff0df81000 	C:\WINDOWS\System32\ucrtbase.dll
0x00007ffed04c0000 - 0x00007ffed04d8000 	c:\Users\maelp\.vscode\extensions\redhat.java-1.45.0-win32-x64\jre\21.0.8-win32-x86_64\bin\jli.dll
0x00007ffedb770000 - 0x00007ffedb78e000 	c:\Users\maelp\.vscode\extensions\redhat.java-1.45.0-win32-x64\jre\21.0.8-win32-x86_64\bin\VCRUNTIME140.dll
0x00007fff10720000 - 0x00007fff108d1000 	C:\WINDOWS\System32\USER32.dll
0x00007fff0e880000 - 0x00007fff0e8a6000 	C:\WINDOWS\System32\win32u.dll
0x00007ffee9720000 - 0x00007ffee99bc000 	C:\WINDOWS\WinSxS\amd64_microsoft.windows.common-controls_6595b64144ccf1df_6.0.22621.5840_none_2710ea077384a4fe\COMCTL32.dll
0x00007fff0eac0000 - 0x00007fff0eae9000 	C:\WINDOWS\System32\GDI32.dll
0x00007fff10640000 - 0x00007fff106e7000 	C:\WINDOWS\System32\msvcrt.dll
0x00007fff0e180000 - 0x00007fff0e2a3000 	C:\WINDOWS\System32\gdi32full.dll
0x00007fff0e8b0000 - 0x00007fff0e94a000 	C:\WINDOWS\System32\msvcp_win.dll
0x00007fff10cf0000 - 0x00007fff10d21000 	C:\WINDOWS\System32\IMM32.DLL
0x00007ffef4630000 - 0x00007ffef463c000 	c:\Users\maelp\.vscode\extensions\redhat.java-1.45.0-win32-x64\jre\21.0.8-win32-x86_64\bin\vcruntime140_1.dll
0x00007ffea3ab0000 - 0x00007ffea3b3d000 	c:\Users\maelp\.vscode\extensions\redhat.java-1.45.0-win32-x64\jre\21.0.8-win32-x86_64\bin\msvcp140.dll
0x00007ffe15ec0000 - 0x00007ffe16c57000 	c:\Users\maelp\.vscode\extensions\redhat.java-1.45.0-win32-x64\jre\21.0.8-win32-x86_64\bin\server\jvm.dll
0x00007fff0ea00000 - 0x00007fff0eab1000 	C:\WINDOWS\System32\ADVAPI32.dll
0x00007fff10ae0000 - 0x00007fff10b88000 	C:\WINDOWS\System32\sechost.dll
0x00007fff0e950000 - 0x00007fff0e978000 	C:\WINDOWS\System32\bcrypt.dll
0x00007fff108e0000 - 0x00007fff109f8000 	C:\WINDOWS\System32\RPCRT4.dll
0x00007fff10510000 - 0x00007fff10581000 	C:\WINDOWS\System32\WS2_32.dll
0x00007fff0d6e0000 - 0x00007fff0d72d000 	C:\WINDOWS\SYSTEM32\POWRPROF.dll
0x00007fff02e00000 - 0x00007fff02e34000 	C:\WINDOWS\SYSTEM32\WINMM.dll
0x00007fff02160000 - 0x00007fff0216a000 	C:\WINDOWS\SYSTEM32\VERSION.dll
0x00007fff0d6c0000 - 0x00007fff0d6d3000 	C:\WINDOWS\SYSTEM32\UMPDC.dll
0x00007fff0ce40000 - 0x00007fff0ce58000 	C:\WINDOWS\SYSTEM32\kernel.appcore.dll
0x00007ffedd810000 - 0x00007ffedd81a000 	c:\Users\maelp\.vscode\extensions\redhat.java-1.45.0-win32-x64\jre\21.0.8-win32-x86_64\bin\jimage.dll
0x00007fff0b1f0000 - 0x00007fff0b423000 	C:\WINDOWS\SYSTEM32\DBGHELP.DLL
0x00007fff0f290000 - 0x00007fff0f621000 	C:\WINDOWS\System32\combase.dll
0x00007fff10a00000 - 0x00007fff10ad8000 	C:\WINDOWS\System32\OLEAUT32.dll
0x00007ffefcce0000 - 0x00007ffefcd12000 	C:\WINDOWS\SYSTEM32\dbgcore.DLL
0x00007fff0e980000 - 0x00007fff0e9fb000 	C:\WINDOWS\System32\bcryptPrimitives.dll
0x00007ffedcb10000 - 0x00007ffedcb1f000 	c:\Users\maelp\.vscode\extensions\redhat.java-1.45.0-win32-x64\jre\21.0.8-win32-x86_64\bin\instrument.dll
0x00007ffecb220000 - 0x00007ffecb23f000 	c:\Users\maelp\.vscode\extensions\redhat.java-1.45.0-win32-x64\jre\21.0.8-win32-x86_64\bin\java.dll
0x00007fff0f8e0000 - 0x00007fff10181000 	C:\WINDOWS\System32\SHELL32.dll
0x00007fff0e370000 - 0x00007fff0e4af000 	C:\WINDOWS\System32\wintypes.dll
0x00007fff0bd40000 - 0x00007fff0c65a000 	C:\WINDOWS\SYSTEM32\windows.storage.dll
0x00007fff10190000 - 0x00007fff1029a000 	C:\WINDOWS\System32\SHCORE.dll
0x00007fff0ebe0000 - 0x00007fff0ec49000 	C:\WINDOWS\System32\shlwapi.dll
0x00007fff0dda0000 - 0x00007fff0ddc5000 	C:\WINDOWS\SYSTEM32\profapi.dll
0x00007fff0a6a0000 - 0x00007fff0a6b8000 	c:\Users\maelp\.vscode\extensions\redhat.java-1.45.0-win32-x64\jre\21.0.8-win32-x86_64\bin\zip.dll
0x00007fff06180000 - 0x00007fff06190000 	C:\Users\maelp\.vscode\extensions\redhat.java-1.45.0-win32-x64\jre\21.0.8-win32-x86_64\bin\net.dll
0x00007fff01f50000 - 0x00007fff0207c000 	C:\WINDOWS\SYSTEM32\WINHTTP.dll
0x00007fff0d390000 - 0x00007fff0d3f9000 	C:\WINDOWS\system32\mswsock.dll
0x00007ffefb8c0000 - 0x00007ffefb8d6000 	C:\Users\maelp\.vscode\extensions\redhat.java-1.45.0-win32-x64\jre\21.0.8-win32-x86_64\bin\nio.dll
0x00007ffefc560000 - 0x00007ffefc570000 	c:\Users\maelp\.vscode\extensions\redhat.java-1.45.0-win32-x64\jre\21.0.8-win32-x86_64\bin\verify.dll
0x00007ffefb590000 - 0x00007ffefb5d4000 	C:\Users\maelp\AppData\Roaming\Code\User\globalStorage\redhat.java\1.45.0\config_win\org.eclipse.equinox.launcher\org.eclipse.equinox.launcher.win32.win32.x86_64_1.2.1400.v20250801-0854\eclipse_11916.dll
0x00007fff0ec70000 - 0x00007fff0ee10000 	C:\WINDOWS\System32\ole32.dll
0x00007fff0d5f0000 - 0x00007fff0d60b000 	C:\WINDOWS\SYSTEM32\CRYPTSP.dll
0x00007fff0cda0000 - 0x00007fff0cdd7000 	C:\WINDOWS\system32\rsaenh.dll
0x00007fff0d480000 - 0x00007fff0d4a8000 	C:\WINDOWS\SYSTEM32\USERENV.dll
0x00007fff0d610000 - 0x00007fff0d61c000 	C:\WINDOWS\SYSTEM32\CRYPTBASE.dll
0x00007fff0c8c0000 - 0x00007fff0c8ed000 	C:\WINDOWS\SYSTEM32\IPHLPAPI.DLL
0x00007fff10500000 - 0x00007fff10509000 	C:\WINDOWS\System32\NSI.dll
0x00007ffedb7e0000 - 0x00007ffedb829000 	C:\Users\maelp\AppData\Local\Temp\jna-103654037\jna17485331978066581255.dll
0x00007fff102a0000 - 0x00007fff102a8000 	C:\WINDOWS\System32\PSAPI.DLL
0x00007fff016f0000 - 0x00007fff01709000 	C:\WINDOWS\SYSTEM32\dhcpcsvc6.DLL
0x00007fff01680000 - 0x00007fff0169f000 	C:\WINDOWS\SYSTEM32\dhcpcsvc.DLL

JVMTI agents:
c:\Users\maelp\.vscode\extensions\redhat.java-1.45.0-win32-x64\lombok\lombok-1.18.39-4050.jar path:c:\Users\maelp\.vscode\extensions\redhat.java-1.45.0-win32-x64\jre\21.0.8-win32-x86_64\bin\instrument.dll, loaded, initialized, instrumentlib options:none

dbghelp: loaded successfully - version: 4.0.5 - missing functions: none
symbol engine: initialized successfully - sym options: 0x614 - pdb path: .;c:\Users\maelp\.vscode\extensions\redhat.java-1.45.0-win32-x64\jre\21.0.8-win32-x86_64\bin;C:\WINDOWS\SYSTEM32;C:\WINDOWS\WinSxS\amd64_microsoft.windows.common-controls_6595b64144ccf1df_6.0.22621.5840_none_2710ea077384a4fe;c:\Users\maelp\.vscode\extensions\redhat.java-1.45.0-win32-x64\jre\21.0.8-win32-x86_64\bin\server;C:\Users\maelp\AppData\Roaming\Code\User\globalStorage\redhat.java\1.45.0\config_win\org.eclipse.equinox.launcher\org.eclipse.equinox.launcher.win32.win32.x86_64_1.2.1400.v20250801-0854;C:\Users\maelp\AppData\Local\Temp\jna-103654037

VM Arguments:
jvm_args: --add-modules=ALL-SYSTEM --add-opens=java.base/java.util=ALL-UNNAMED --add-opens=java.base/java.lang=ALL-UNNAMED --add-opens=java.base/sun.nio.fs=ALL-UNNAMED -Declipse.application=org.eclipse.jdt.ls.core.id1 -Dosgi.bundles.defaultStartLevel=4 -Declipse.product=org.eclipse.jdt.ls.core.product -Djava.import.generatesMetadataFilesAtProjectRoot=false -DDetectVMInstallationsJob.disabled=true -Dfile.encoding=utf8 -XX:+UseParallelGC -XX:GCTimeRatio=4 -XX:AdaptiveSizePolicyWeight=90 -Dsun.zip.disableMemoryMapping=true -Xmx2G -Xms100m -Xlog:disable -javaagent:c:\Users\maelp\.vscode\extensions\redhat.java-1.45.0-win32-x64\lombok\lombok-1.18.39-4050.jar -XX:+HeapDumpOnOutOfMemoryError -XX:HeapDumpPath=c:\Users\maelp\AppData\Roaming\Code\User\workspaceStorage\67cc0a9cd1d299d073085c9cd47edfa7\redhat.java -Daether.dependencyCollector.impl=bf 
java_command: c:\Users\maelp\.vscode\extensions\redhat.java-1.45.0-win32-x64\server\plugins\org.eclipse.equinox.launcher_1.7.0.v20250519-0528.jar -configuration c:\Users\maelp\AppData\Roaming\Code\User\globalStorage\redhat.java\1.45.0\config_win -data c:\Users\maelp\AppData\Roaming\Code\User\workspaceStorage\67cc0a9cd1d299d073085c9cd47edfa7\redhat.java\jdt_ws --pipe=\\.\pipe\lsp-ed8ea50d0885e7163befcc86a175e6df-sock
java_class_path (initial): c:\Users\maelp\.vscode\extensions\redhat.java-1.45.0-win32-x64\server\plugins\org.eclipse.equinox.launcher_1.7.0.v20250519-0528.jar
Launcher Type: SUN_STANDARD

[Global flags]
    uintx AdaptiveSizePolicyWeight                 = 90                                        {product} {command line}
     intx CICompilerCount                          = 4                                         {product} {ergonomic}
    uintx GCTimeRatio                              = 4                                         {product} {command line}
     bool HeapDumpOnOutOfMemoryError               = true                                   {manageable} {command line}
    ccstr HeapDumpPath                             = c:\Users\maelp\AppData\Roaming\Code\User\workspaceStorage\67cc0a9cd1d299d073085c9cd47edfa7\redhat.java         {manageable} {command line}
   size_t InitialHeapSize                          = 104857600                                 {product} {command line}
   size_t MaxHeapSize                              = 2147483648                                {product} {command line}
   size_t MaxNewSize                               = 715653120                                 {product} {ergonomic}
   size_t MinHeapDeltaBytes                        = 524288                                    {product} {ergonomic}
   size_t MinHeapSize                              = 104857600                                 {product} {command line}
   size_t NewSize                                  = 34603008                                  {product} {ergonomic}
    uintx NonNMethodCodeHeapSize                   = 5839372                                {pd product} {ergonomic}
    uintx NonProfiledCodeHeapSize                  = 122909434                              {pd product} {ergonomic}
   size_t OldSize                                  = 70254592                                  {product} {ergonomic}
    uintx ProfiledCodeHeapSize                     = 122909434                              {pd product} {ergonomic}
    uintx ReservedCodeCacheSize                    = 251658240                              {pd product} {ergonomic}
     bool SegmentedCodeCache                       = true                                      {product} {ergonomic}
   size_t SoftMaxHeapSize                          = 2147483648                             {manageable} {ergonomic}
     bool UseCompressedOops                        = true                           {product lp64_product} {ergonomic}
     bool UseLargePagesIndividualAllocation        = false                                  {pd product} {ergonomic}
     bool UseParallelGC                            = true                                      {product} {command line}

Logging:
Log output configuration:
 #0: stdout all=off uptime,level,tags foldmultilines=false
 #1: stderr all=off uptime,level,tags foldmultilines=false

Environment Variables:
JAVA_HOME=C:\Program Files\BellSoft\LibericaJDK-22-Full\
PATH=C:\Program Files\BellSoft\LibericaJDK-22-Full\bin\;C:\Program Files\BellSoft\LibericaJDK-22\bin\;C:\Program Files\Common Files\Oracle\Java\javapath;C:\Program Files (x86)\Common Files\Oracle\Java\java8path;C:\Program Files (x86)\Common Files\Oracle\Java\javapath;C:\Program Files\Eclipse Adoptium\jdk-17.0.5.8-hotspot\bin;C:\Program Files (x86)\Common Files\Intel\Shared Libraries\redist\intel64\compiler;C:\Program Files\Oculus\Support\oculus-runtime;C:\windows\system32;C:\windows;C:\windows\System32\Wbem;C:\windows\System32\WindowsPowerShell\v1.0\;C:\windows\System32\OpenSSH\;C:\Program Files (x86)\NVIDIA Corporation\PhysX\Common;C:\WINDOWS\system32;C:\WINDOWS;C:\WINDOWS\System32\Wbem;C:\WINDOWS\System32\WindowsPowerShell\v1.0\;C:\WINDOWS\System32\OpenSSH\;C:\Program Files\dotnet\;C:\WINDOWS\system32;C:\WINDOWS;C:\WINDOWS\System32\Wbem;C:\WINDOWS\System32\WindowsPowerShell\v1.0\;C:\WINDOWS\System32\OpenSSH\;C:\Program Files\Git\cmd;C:\Users\maelp\Documents\Jugger\FFMPEG_FOR_REAL\bin;C:\Program Files\nodejs\;C:\Program Files\NVIDIA Corporation\NVIDIA App\NvDLISR;C:\Users\maelp\AppData\Local\Microsoft\WindowsApps;C:\Users\maelp\AppData\Local\Programs\Microsoft VS Code\bin;C:\Users\maelp\AppData\Local\Microsoft\WinGet\Links;C:\Users\maelp\Downloads\cmake-3.29.0-rc2-windows-x86_64\cmake-3.29.0-rc2-windows-x86_64\bin;C:\Users\maelp\AppData\Local\GitHubDesktop\bin;C:\Users\maelp\AppData\Local\Programs\MiKTeX\miktex\bin\x64\;C:\Users\maelp\.dotnet\tools;C:\Users\maelp\AppData\Roaming\npm;C:\Maven\apache-maven-3.9.11-bin\apache-maven-3.9.11\bin;
USERNAME=maelp
OS=Windows_NT
PROCESSOR_IDENTIFIER=Intel64 Family 6 Model 165 Stepping 2, GenuineIntel
TMP=C:\Users\maelp\AppData\Local\Temp
TEMP=C:\Users\maelp\AppData\Local\Temp




Periodic native trim disabled

---------------  S Y S T E M  ---------------

OS:
 Windows 11 , 64 bit Build 22621 (10.0.22621.5415)
OS uptime: 0 days 8:21 hours

CPU: total 12 (initial active 12) (6 cores per cpu, 2 threads per core) family 6 model 165 stepping 2 microcode 0xf0, cx8, cmov, fxsr, ht, mmx, 3dnowpref, sse, sse2, sse3, ssse3, sse4.1, sse4.2, popcnt, lzcnt, tsc, tscinvbit, avx, avx2, aes, erms, clmul, bmi1, bmi2, adx, fma, vzeroupper, clflush, clflushopt, rdtscp, f16c, pku
Processor Information for the first 12 processors :
  Max Mhz: 2592, Current Mhz: 2592, Mhz Limit: 2592

Memory: 4k page, system-wide physical 16222M (1007M free)
TotalPageFile size 65374M (AvailPageFile size 5M)
current process WorkingSet (physical memory assigned to process): 257M, peak: 260M
current process commit charge ("private bytes"): 368M, peak: 369M

vm_info: OpenJDK 64-Bit Server VM (21.0.8+9-LTS) for windows-amd64 JRE (21.0.8+9-LTS), built on 2025-07-15T00:00:00Z by "admin" with MS VC++ 17.7 (VS2022)

END.
