#
# There is insufficient memory for the Java Runtime Environment to continue.
# Native memory allocation (malloc) failed to allocate 1048576 bytes. Error detail: AllocateHeap
# Possible reasons:
#   The system is out of physical RAM or swap space
#   This process is running with CompressedOops enabled, and the Java Heap may be blocking the growth of the native heap
# Possible solutions:
#   Reduce memory load on the system
#   Increase physical memory or swap space
#   Check if swap backing store is full
#   Decrease Java heap size (-Xmx/-Xms)
#   Decrease number of Java threads
#   Decrease Java thread stack sizes (-Xss)
#   Set larger code cache with -XX:ReservedCodeCacheSize=
#   JVM is running with Unscaled Compressed Oops mode in which the Java heap is
#     placed in the first 4GB address space. The Java Heap base address is the
#     maximum limit for the native heap growth. Please use -XX:HeapBaseMinAddress
#     to set the Java Heap base and to place the Java Heap above 4GB virtual address.
# This output file may be truncated or incomplete.
#
#  Out of Memory Error (allocation.cpp:44), pid=25236, tid=7852
#
# JRE version: OpenJDK Runtime Environment Temurin-21.0.8+9 (21.0.8+9) (build 21.0.8+9-LTS)
# Java VM: OpenJDK 64-Bit Server VM Temurin-21.0.8+9 (21.0.8+9-LTS, mixed mode, sharing, tiered, compressed oops, compressed class ptrs, parallel gc, windows-amd64)
# No core dump will be written. Minidumps are not enabled by default on client versions of Windows
#

---------------  S U M M A R Y ------------

Command Line: --add-modules=ALL-SYSTEM --add-opens=java.base/java.util=ALL-UNNAMED --add-opens=java.base/java.lang=ALL-UNNAMED --add-opens=java.base/sun.nio.fs=ALL-UNNAMED -Declipse.application=org.eclipse.jdt.ls.core.id1 -Dosgi.bundles.defaultStartLevel=4 -Declipse.product=org.eclipse.jdt.ls.core.product -Djava.import.generatesMetadataFilesAtProjectRoot=false -DDetectVMInstallationsJob.disabled=true -Dfile.encoding=utf8 -XX:+UseParallelGC -XX:GCTimeRatio=4 -XX:AdaptiveSizePolicyWeight=90 -Dsun.zip.disableMemoryMapping=true -Xmx2G -Xms100m -Xlog:disable -javaagent:c:\Users\maelp\.vscode\extensions\redhat.java-1.45.0-win32-x64\lombok\lombok-1.18.39-4050.jar -XX:+HeapDumpOnOutOfMemoryError -XX:HeapDumpPath=c:\Users\maelp\AppData\Roaming\Code\User\workspaceStorage\67cc0a9cd1d299d073085c9cd47edfa7\redhat.java -Daether.dependencyCollector.impl=bf c:\Users\maelp\.vscode\extensions\redhat.java-1.45.0-win32-x64\server\plugins\org.eclipse.equinox.launcher_1.7.0.v20250519-0528.jar -configuration c:\Users\maelp\AppData\Roaming\Code\User\globalStorage\redhat.java\1.45.0\config_win -data c:\Users\maelp\AppData\Roaming\Code\User\workspaceStorage\67cc0a9cd1d299d073085c9cd47edfa7\redhat.java\jdt_ws --pipe=\\.\pipe\lsp-c23cdbd7f1836d3616277c0a5d2fe2c9-sock

Host: Intel(R) Core(TM) i7-10750H CPU @ 2.60GHz, 12 cores, 15G,  Windows 11 , 64 bit Build 22621 (10.0.22621.5415)
Time: Wed Sep 24 01:46:09 2025 Mitteleuropäische Sommerzeit elapsed time: 28248.410798 seconds (0d 7h 50m 48s)

---------------  T H R E A D  ---------------

Current thread (0x000002b367e03e00):  JavaThread "Attach Listener" daemon [_thread_in_vm, id=7852, stack(0x000000e43de00000,0x000000e43df00000) (1024K)]

Stack: [0x000000e43de00000,0x000000e43df00000]
Native frames: (J=compiled Java code, j=interpreted, Vv=VM code, C=native code)
V  [jvm.dll+0x6d2449]
V  [jvm.dll+0x8ae341]
V  [jvm.dll+0x8b08be]
V  [jvm.dll+0x8b0fa3]
V  [jvm.dll+0x280c96]
V  [jvm.dll+0xc0347]
V  [jvm.dll+0x6d2cf9]
V  [jvm.dll+0x131116]
V  [jvm.dll+0x3f2d16]
V  [jvm.dll+0x857e6b]
V  [jvm.dll+0x6d0b0d]
C  [ucrtbase.dll+0x29333]
C  [KERNEL32.DLL+0x1259d]
C  [ntdll.dll+0x5af78]


---------------  P R O C E S S  ---------------

Threads class SMR info:
_java_thread_list=0x000002b3470fbb50, length=44, elements={
0x000002b367d656a0, 0x000002b367e003c0, 0x000002b367e01e00, 0x000002b367e02e00,
0x000002b367e03e00, 0x000002b367e06bd0, 0x000002b367e07820, 0x000002b367e0a5b0,
0x000002b37fb94170, 0x000002b37fc3ff40, 0x000002b37fe4ef90, 0x000002b3460c7e60,
0x000002b346096a60, 0x000002b3467eb1d0, 0x000002b3469ab280, 0x000002b346880a60,
0x000002b346cc86a0, 0x000002b34638a600, 0x000002b34638ac90, 0x000002b346388530,
0x000002b34960c2e0, 0x000002b34960e3b0, 0x000002b34960c970, 0x000002b349610480,
0x000002b34960d000, 0x000002b349610b10, 0x000002b34960f0d0, 0x000002b34960af30,
0x000002b3496111a0, 0x000002b34960dd20, 0x000002b34960a210, 0x000002b34960ea40,
0x000002b34960bc50, 0x000002b34960f760, 0x000002b349611830, 0x000002b34960a8a0,
0x000002b34a14e840, 0x000002b3491a0770, 0x000002b34919f3c0, 0x000002b354787750,
0x000002b34960d690, 0x000002b354789190, 0x000002b3491a2ed0, 0x000002b34aaa4d90
}

Java Threads: ( => current thread )
  0x000002b367d656a0 JavaThread "main"                              [_thread_blocked, id=12192, stack(0x000000e43d700000,0x000000e43d800000) (1024K)]
  0x000002b367e003c0 JavaThread "Reference Handler"          daemon [_thread_blocked, id=22352, stack(0x000000e43db00000,0x000000e43dc00000) (1024K)]
  0x000002b367e01e00 JavaThread "Finalizer"                  daemon [_thread_blocked, id=16432, stack(0x000000e43dc00000,0x000000e43dd00000) (1024K)]
  0x000002b367e02e00 JavaThread "Signal Dispatcher"          daemon [_thread_blocked, id=26308, stack(0x000000e43dd00000,0x000000e43de00000) (1024K)]
=>0x000002b367e03e00 JavaThread "Attach Listener"            daemon [_thread_in_vm, id=7852, stack(0x000000e43de00000,0x000000e43df00000) (1024K)]
  0x000002b367e06bd0 JavaThread "Service Thread"             daemon [_thread_blocked, id=11640, stack(0x000000e43df00000,0x000000e43e000000) (1024K)]
  0x000002b367e07820 JavaThread "Monitor Deflation Thread"   daemon [_thread_blocked, id=28168, stack(0x000000e43e000000,0x000000e43e100000) (1024K)]
  0x000002b367e0a5b0 JavaThread "C2 CompilerThread0"         daemon [_thread_blocked, id=2620, stack(0x000000e43e100000,0x000000e43e200000) (1024K)]
  0x000002b37fb94170 JavaThread "C1 CompilerThread0"         daemon [_thread_blocked, id=25940, stack(0x000000e43e200000,0x000000e43e300000) (1024K)]
  0x000002b37fc3ff40 JavaThread "Common-Cleaner"             daemon [_thread_blocked, id=26780, stack(0x000000e43e300000,0x000000e43e400000) (1024K)]
  0x000002b37fe4ef90 JavaThread "Notification Thread"        daemon [_thread_blocked, id=23148, stack(0x000000e43e500000,0x000000e43e600000) (1024K)]
  0x000002b3460c7e60 JavaThread "Active Thread: Equinox Container: 07898a49-2707-4328-92df-98bf3c4b2521"        [_thread_blocked, id=23360, stack(0x000000e43e600000,0x000000e43e700000) (1024K)]
  0x000002b346096a60 JavaThread "Refresh Thread: Equinox Container: 07898a49-2707-4328-92df-98bf3c4b2521" daemon [_thread_blocked, id=17492, stack(0x000000e43e400000,0x000000e43e500000) (1024K)]
  0x000002b3467eb1d0 JavaThread "Framework Event Dispatcher: Equinox Container: 07898a49-2707-4328-92df-98bf3c4b2521" daemon [_thread_blocked, id=20680, stack(0x000000e43ee00000,0x000000e43ef00000) (1024K)]
  0x000002b3469ab280 JavaThread "Start Level: Equinox Container: 07898a49-2707-4328-92df-98bf3c4b2521" daemon [_thread_blocked, id=11492, stack(0x000000e43ef00000,0x000000e43f000000) (1024K)]
  0x000002b346880a60 JavaThread "Bundle File Closer"         daemon [_thread_blocked, id=16240, stack(0x000000e43f300000,0x000000e43f400000) (1024K)]
  0x000002b346cc86a0 JavaThread "SCR Component Actor"        daemon [_thread_blocked, id=23368, stack(0x000000e43f000000,0x000000e43f100000) (1024K)]
  0x000002b34638a600 JavaThread "Worker-JM"                         [_thread_blocked, id=25116, stack(0x000000e43f500000,0x000000e43f600000) (1024K)]
  0x000002b34638ac90 JavaThread "JNA Cleaner"                daemon [_thread_blocked, id=25660, stack(0x000000e43d400000,0x000000e43d500000) (1024K)]
  0x000002b346388530 JavaThread "Java indexing"              daemon [_thread_blocked, id=7784, stack(0x000000e43fb00000,0x000000e43fc00000) (1024K)]
  0x000002b34960c2e0 JavaThread "Thread-3"                   daemon [_thread_in_native, id=23676, stack(0x000000e43fd00000,0x000000e43fe00000) (1024K)]
  0x000002b34960e3b0 JavaThread "Thread-4"                   daemon [_thread_in_native, id=25916, stack(0x000000e43fe00000,0x000000e43ff00000) (1024K)]
  0x000002b34960c970 JavaThread "Thread-5"                   daemon [_thread_in_native, id=20224, stack(0x000000e43ff00000,0x000000e440000000) (1024K)]
  0x000002b349610480 JavaThread "Thread-6"                   daemon [_thread_in_native, id=6232, stack(0x000000e440000000,0x000000e440100000) (1024K)]
  0x000002b34960d000 JavaThread "Thread-7"                   daemon [_thread_in_native, id=27912, stack(0x000000e440100000,0x000000e440200000) (1024K)]
  0x000002b349610b10 JavaThread "Thread-8"                   daemon [_thread_in_native, id=16480, stack(0x000000e440200000,0x000000e440300000) (1024K)]
  0x000002b34960f0d0 JavaThread "Thread-9"                   daemon [_thread_in_native, id=13952, stack(0x000000e440300000,0x000000e440400000) (1024K)]
  0x000002b34960af30 JavaThread "Thread-10"                  daemon [_thread_in_native, id=10584, stack(0x000000e440400000,0x000000e440500000) (1024K)]
  0x000002b3496111a0 JavaThread "Thread-11"                  daemon [_thread_in_native, id=19656, stack(0x000000e440500000,0x000000e440600000) (1024K)]
  0x000002b34960dd20 JavaThread "Thread-12"                  daemon [_thread_in_native, id=18352, stack(0x000000e440600000,0x000000e440700000) (1024K)]
  0x000002b34960a210 JavaThread "Thread-13"                  daemon [_thread_in_native, id=28068, stack(0x000000e440700000,0x000000e440800000) (1024K)]
  0x000002b34960ea40 JavaThread "Thread-14"                  daemon [_thread_in_native, id=17472, stack(0x000000e440800000,0x000000e440900000) (1024K)]
  0x000002b34960bc50 JavaThread "Thread-15"                  daemon [_thread_in_native, id=1700, stack(0x000000e440900000,0x000000e440a00000) (1024K)]
  0x000002b34960f760 JavaThread "pool-2-thread-1"                   [_thread_blocked, id=11716, stack(0x000000e440a00000,0x000000e440b00000) (1024K)]
  0x000002b349611830 JavaThread "WorkspaceEventsHandler"            [_thread_blocked, id=3676, stack(0x000000e440c00000,0x000000e440d00000) (1024K)]
  0x000002b34960a8a0 JavaThread "pool-1-thread-1"                   [_thread_blocked, id=28280, stack(0x000000e440d00000,0x000000e440e00000) (1024K)]
  0x000002b34a14e840 JavaThread "Cleaner-0"                  daemon [_thread_blocked, id=24988, stack(0x000000e442200000,0x000000e442300000) (1024K)]
  0x000002b3491a0770 JavaThread "Java Debug Server"          daemon [_thread_in_native, id=29960, stack(0x000000e43f600000,0x000000e43f700000) (1024K)]
  0x000002b34919f3c0 JavaThread "RxSchedulerPurge-1"         daemon [_thread_blocked, id=13784, stack(0x000000e43f400000,0x000000e43f500000) (1024K)]
  0x000002b354787750 JavaThread "RxCachedWorkerPoolEvictor-1" daemon [_thread_blocked, id=20588, stack(0x000000e441100000,0x000000e441200000) (1024K)]
  0x000002b34960d690 JavaThread "Worker-8"                          [_thread_blocked, id=30896, stack(0x000000e440f00000,0x000000e441000000) (1024K)]
  0x000002b354789190 JavaThread "Worker-10"                         [_thread_blocked, id=29520, stack(0x000000e43f700000,0x000000e43f800000) (1024K)]
  0x000002b3491a2ed0 JavaThread "ForkJoinPool.commonPool-worker-167" daemon [_thread_blocked, id=8544, stack(0x000000e43d600000,0x000000e43d700000) (1024K)]
  0x000002b34aaa4d90 JavaThread "ForkJoinPool.commonPool-worker-177" daemon [_thread_blocked, id=3296, stack(0x000000e440e00000,0x000000e440f00000) (1024K)]
Total: 44

Other Threads:
  0x000002b37fb40d70 VMThread "VM Thread"                           [id=8936, stack(0x000000e43da00000,0x000000e43db00000) (1024K)]
  0x000002b367dd0970 WatcherThread "VM Periodic Task Thread"        [id=28084, stack(0x000000e43d900000,0x000000e43da00000) (1024K)]
  0x000002b367d83d50 WorkerThread "GC Thread#0"                     [id=17652, stack(0x000000e43d800000,0x000000e43d900000) (1024K)]
  0x000002b34669b990 WorkerThread "GC Thread#1"                     [id=27764, stack(0x000000e43e700000,0x000000e43e800000) (1024K)]
  0x000002b34698fe20 WorkerThread "GC Thread#2"                     [id=1812, stack(0x000000e43e800000,0x000000e43e900000) (1024K)]
  0x000002b3469901c0 WorkerThread "GC Thread#3"                     [id=17488, stack(0x000000e43e900000,0x000000e43ea00000) (1024K)]
  0x000002b346990560 WorkerThread "GC Thread#4"                     [id=15096, stack(0x000000e43ea00000,0x000000e43eb00000) (1024K)]
  0x000002b346990900 WorkerThread "GC Thread#5"                     [id=17856, stack(0x000000e43eb00000,0x000000e43ec00000) (1024K)]
  0x000002b346395640 WorkerThread "GC Thread#6"                     [id=19860, stack(0x000000e43ec00000,0x000000e43ed00000) (1024K)]
  0x000002b3469e91a0 WorkerThread "GC Thread#7"                     [id=19660, stack(0x000000e43ed00000,0x000000e43ee00000) (1024K)]
  0x000002b3467ea7d0 WorkerThread "GC Thread#8"                     [id=25728, stack(0x000000e43f100000,0x000000e43f200000) (1024K)]
  0x000002b3467ea090 WorkerThread "GC Thread#9"                     [id=14444, stack(0x000000e43f200000,0x000000e43f300000) (1024K)]
Total: 12

Threads with active compile tasks:
Total: 0

VM state: not at safepoint (normal execution)

VM Mutex/Monitor currently owned by a thread: None

Heap address: 0x0000000080000000, size: 2048 MB, Compressed Oops mode: 32-bit

CDS archive(s) mapped at: [0x000002b300000000-0x000002b300ba0000-0x000002b300ba0000), size 12189696, SharedBaseAddress: 0x000002b300000000, ArchiveRelocationMode: 1.
Compressed class space mapped at: 0x000002b301000000-0x000002b341000000, reserved size: 1073741824
Narrow klass base: 0x000002b300000000, Narrow klass shift: 0, Narrow klass range: 0x100000000

GC Precious Log:
 CardTable entry size: 512
 CPUs: 12 total, 12 available
 Memory: 16222M
 Large Page Support: Disabled
 NUMA Support: Disabled
 Compressed Oops: Enabled (32-bit)
 Alignments: Space 512K, Generation 512K, Heap 2M
 Heap Min Capacity: 100M
 Heap Initial Capacity: 100M
 Heap Max Capacity: 2G
 Pre-touch: Disabled
 Parallel Workers: 10

Heap:
 PSYoungGen      total 15360K, used 10168K [0x00000000d5580000, 0x00000000d6a00000, 0x0000000100000000)
  eden space 13824K, 62% used [0x00000000d5580000,0x00000000d5df6070,0x00000000d6300000)
  from space 1536K, 97% used [0x00000000d6700000,0x00000000d6878230,0x00000000d6880000)
  to   space 1536K, 0% used [0x00000000d6880000,0x00000000d6880000,0x00000000d6a00000)
 ParOldGen       total 1292288K, used 171096K [0x0000000080000000, 0x00000000cee00000, 0x00000000d5580000)
  object space 1292288K, 13% used [0x0000000080000000,0x000000008a716108,0x00000000cee00000)
 Metaspace       used 93920K, committed 95488K, reserved 1179648K
  class space    used 9443K, committed 10240K, reserved 1048576K

Card table byte_map: [0x000002b367710000,0x000002b367b20000] _byte_map_base: 0x000002b367310000

Marking Bits: (ParMarkBitMap*) 0x00007ffe16b7a340
 Begin Bits: [0x000002b37a200000, 0x000002b37c200000)
 End Bits:   [0x000002b37c200000, 0x000002b37e200000)

Polling page: 0x000002b3659d0000

Metaspace:

Usage:
  Non-class:     82.50 MB used.
      Class:      9.22 MB used.
       Both:     91.72 MB used.

Virtual space:
  Non-class space:      128.00 MB reserved,      83.25 MB ( 65%) committed,  2 nodes.
      Class space:        1.00 GB reserved,      10.00 MB ( <1%) committed,  1 nodes.
             Both:        1.12 GB reserved,      93.25 MB (  8%) committed. 

Chunk freelists:
   Non-Class:  11.96 MB
       Class:  6.03 MB
        Both:  17.99 MB

MaxMetaspaceSize: unlimited
CompressedClassSpaceSize: 1.00 GB
Initial GC threshold: 21.00 MB
Current GC threshold: 155.12 MB
CDS: on
 - commit_granule_bytes: 65536.
 - commit_granule_words: 8192.
 - virtual_space_node_default_size: 8388608.
 - enlarge_chunks_in_place: 1.
 - use_allocation_guard: 0.


Internal statistics:

num_allocs_failed_limit: 9.
num_arena_births: 2044.
num_arena_deaths: 666.
num_vsnodes_births: 3.
num_vsnodes_deaths: 0.
num_space_committed: 1492.
num_space_uncommitted: 0.
num_chunks_returned_to_freelist: 815.
num_chunks_taken_from_freelist: 7077.
num_chunk_merges: 223.
num_chunk_splits: 3958.
num_chunks_enlarged: 2132.
num_inconsistent_stats: 0.

CodeHeap 'non-profiled nmethods': size=120000Kb used=24839Kb max_used=28109Kb free=95160Kb
 bounds [0x000002b372a20000, 0x000002b3745a0000, 0x000002b379f50000]
CodeHeap 'profiled nmethods': size=120000Kb used=46195Kb max_used=55202Kb free=73804Kb
 bounds [0x000002b36af50000, 0x000002b36e540000, 0x000002b372480000]
CodeHeap 'non-nmethods': size=5760Kb used=1536Kb max_used=1624Kb free=4223Kb
 bounds [0x000002b372480000, 0x000002b3726f0000, 0x000002b372a20000]
CodeCache: size=245760Kb, used=72570Kb, max_used=84935Kb, free=173187Kb
 total_blobs=20881, nmethods=20022, adapters=759, full_count=0
Compilation: enabled, stopped_count=0, restarted_count=0

Compilation events (20 events):
Event: 27588.073 Thread 0x000002b367e0a5b0 27076       4       com.google.gson.internal.bind.TypeAdapterRuntimeTypeWrapper::read (9 bytes)
Event: 27588.082 Thread 0x000002b367e0a5b0 nmethod 27076 0x000002b3738b2110 code [0x000002b3738b2420, 0x000002b3738b2ed8]
Event: 27588.236 Thread 0x000002b37fb94170 27086       3       java.security.AccessController::doPrivileged (17 bytes)
Event: 27588.239 Thread 0x000002b37fb94170 nmethod 27086 0x000002b36b9a4910 code [0x000002b36b9a4b00, 0x000002b36b9a4ed0]
Event: 27588.239 Thread 0x000002b367e0a5b0 27087       4       org.eclipse.jdt.core.search.SearchPattern::<init> (64 bytes)
Event: 27588.240 Thread 0x000002b367e0a5b0 nmethod 27087 0x000002b373bfc290 code [0x000002b373bfc420, 0x000002b373bfc520]
Event: 27588.288 Thread 0x000002b367e0a5b0 27088       4       org.eclipse.jdt.internal.codeassist.impl.AssistParser::recoveryExitFromVariable (59 bytes)
Event: 27588.292 Thread 0x000002b367e0a5b0 nmethod 27088 0x000002b372a55210 code [0x000002b372a553e0, 0x000002b372a555f8]
Event: 27588.293 Thread 0x000002b367e0a5b0 27089       4       org.eclipse.jdt.internal.compiler.lookup.PolyParameterizedGenericMethodBinding::hashCode (8 bytes)
Event: 27588.294 Thread 0x000002b367e0a5b0 nmethod 27089 0x000002b373c3c390 code [0x000002b373c3c520, 0x000002b373c3c640]
Event: 27588.324 Thread 0x000002b367e0a5b0 27090       4       org.eclipse.jdt.internal.core.search.matching.JavaSearchPattern::<init> (76 bytes)
Event: 27588.325 Thread 0x000002b367e0a5b0 nmethod 27090 0x000002b372f5c590 code [0x000002b372f5c720, 0x000002b372f5c8a8]
Event: 27588.368 Thread 0x000002b367e0a5b0 27091       4       java.util.stream.ReferencePipeline$StatelessOp::<init> (29 bytes)
Event: 27588.369 Thread 0x000002b367e0a5b0 nmethod 27091 0x000002b373382110 code [0x000002b3733822a0, 0x000002b373382400]
Event: 27633.908 Thread 0x000002b37fb94170 27092       3       java.lang.StackStreamFactory$AbstractStackWalker::checkState (159 bytes)
Event: 27633.909 Thread 0x000002b37fb94170 nmethod 27092 0x000002b36b948f10 code [0x000002b36b9491e0, 0x000002b36b949d88]
Event: 27770.268 Thread 0x000002b367e0a5b0 27093       4       jdk.internal.misc.Unsafe::freeMemoryChecks (7 bytes)
Event: 27770.269 Thread 0x000002b367e0a5b0 nmethod 27093 0x000002b372c42910 code [0x000002b372c42aa0, 0x000002b372c42b28]
Event: 27770.269 Thread 0x000002b367e0a5b0 27094       4       jdk.internal.misc.Unsafe::freeMemory (18 bytes)
Event: 27770.270 Thread 0x000002b367e0a5b0 nmethod 27094 0x000002b373c79910 code [0x000002b373c79aa0, 0x000002b373c79b80]

GC Heap History (20 events):
Event: 27414.699 GC heap before
{Heap before GC invocations=3780 (full 6):
 PSYoungGen      total 14336K, used 14336K [0x00000000d5580000, 0x00000000d6700000, 0x0000000100000000)
  eden space 13824K, 100% used [0x00000000d5580000,0x00000000d6300000,0x00000000d6300000)
  from space 512K, 100% used [0x00000000d6580000,0x00000000d6600000,0x00000000d6600000)
  to   space 1024K, 0% used [0x00000000d6600000,0x00000000d6600000,0x00000000d6700000)
 ParOldGen       total 1292288K, used 161446K [0x0000000080000000, 0x00000000cee00000, 0x00000000d5580000)
  object space 1292288K, 12% used [0x0000000080000000,0x0000000089da9990,0x00000000cee00000)
 Metaspace       used 93899K, committed 95424K, reserved 1179648K
  class space    used 9443K, committed 10240K, reserved 1048576K
}
Event: 27414.702 GC heap after
{Heap after GC invocations=3780 (full 6):
 PSYoungGen      total 14848K, used 914K [0x00000000d5580000, 0x00000000d6700000, 0x0000000100000000)
  eden space 13824K, 0% used [0x00000000d5580000,0x00000000d5580000,0x00000000d6300000)
  from space 1024K, 89% used [0x00000000d6600000,0x00000000d66e4bf8,0x00000000d6700000)
  to   space 1536K, 0% used [0x00000000d6400000,0x00000000d6400000,0x00000000d6580000)
 ParOldGen       total 1292288K, used 161999K [0x0000000080000000, 0x00000000cee00000, 0x00000000d5580000)
  object space 1292288K, 12% used [0x0000000080000000,0x0000000089e33d90,0x00000000cee00000)
 Metaspace       used 93899K, committed 95424K, reserved 1179648K
  class space    used 9443K, committed 10240K, reserved 1048576K
}
Event: 27418.955 GC heap before
{Heap before GC invocations=3781 (full 6):
 PSYoungGen      total 14848K, used 14738K [0x00000000d5580000, 0x00000000d6700000, 0x0000000100000000)
  eden space 13824K, 100% used [0x00000000d5580000,0x00000000d6300000,0x00000000d6300000)
  from space 1024K, 89% used [0x00000000d6600000,0x00000000d66e4bf8,0x00000000d6700000)
  to   space 1536K, 0% used [0x00000000d6400000,0x00000000d6400000,0x00000000d6580000)
 ParOldGen       total 1292288K, used 161999K [0x0000000080000000, 0x00000000cee00000, 0x00000000d5580000)
  object space 1292288K, 12% used [0x0000000080000000,0x0000000089e33d90,0x00000000cee00000)
 Metaspace       used 93899K, committed 95424K, reserved 1179648K
  class space    used 9443K, committed 10240K, reserved 1048576K
}
Event: 27418.958 GC heap after
{Heap after GC invocations=3781 (full 6):
 PSYoungGen      total 15360K, used 672K [0x00000000d5580000, 0x00000000d6680000, 0x0000000100000000)
  eden space 13824K, 0% used [0x00000000d5580000,0x00000000d5580000,0x00000000d6300000)
  from space 1536K, 43% used [0x00000000d6400000,0x00000000d64a8000,0x00000000d6580000)
  to   space 1024K, 0% used [0x00000000d6580000,0x00000000d6580000,0x00000000d6680000)
 ParOldGen       total 1292288K, used 162838K [0x0000000080000000, 0x00000000cee00000, 0x00000000d5580000)
  object space 1292288K, 12% used [0x0000000080000000,0x0000000089f059b8,0x00000000cee00000)
 Metaspace       used 93899K, committed 95424K, reserved 1179648K
  class space    used 9443K, committed 10240K, reserved 1048576K
}
Event: 27419.224 GC heap before
{Heap before GC invocations=3782 (full 6):
 PSYoungGen      total 15360K, used 14496K [0x00000000d5580000, 0x00000000d6680000, 0x0000000100000000)
  eden space 13824K, 100% used [0x00000000d5580000,0x00000000d6300000,0x00000000d6300000)
  from space 1536K, 43% used [0x00000000d6400000,0x00000000d64a8000,0x00000000d6580000)
  to   space 1024K, 0% used [0x00000000d6580000,0x00000000d6580000,0x00000000d6680000)
 ParOldGen       total 1292288K, used 162838K [0x0000000080000000, 0x00000000cee00000, 0x00000000d5580000)
  object space 1292288K, 12% used [0x0000000080000000,0x0000000089f059b8,0x00000000cee00000)
 Metaspace       used 93899K, committed 95424K, reserved 1179648K
  class space    used 9443K, committed 10240K, reserved 1048576K
}
Event: 27419.226 GC heap after
{Heap after GC invocations=3782 (full 6):
 PSYoungGen      total 14848K, used 1024K [0x00000000d5580000, 0x00000000d6700000, 0x0000000100000000)
  eden space 13824K, 0% used [0x00000000d5580000,0x00000000d5580000,0x00000000d6300000)
  from space 1024K, 100% used [0x00000000d6580000,0x00000000d6680000,0x00000000d6680000)
  to   space 2048K, 0% used [0x00000000d6300000,0x00000000d6300000,0x00000000d6500000)
 ParOldGen       total 1292288K, used 163222K [0x0000000080000000, 0x00000000cee00000, 0x00000000d5580000)
  object space 1292288K, 12% used [0x0000000080000000,0x0000000089f659d8,0x00000000cee00000)
 Metaspace       used 93899K, committed 95424K, reserved 1179648K
  class space    used 9443K, committed 10240K, reserved 1048576K
}
Event: 27419.262 GC heap before
{Heap before GC invocations=3783 (full 6):
 PSYoungGen      total 14848K, used 14848K [0x00000000d5580000, 0x00000000d6700000, 0x0000000100000000)
  eden space 13824K, 100% used [0x00000000d5580000,0x00000000d6300000,0x00000000d6300000)
  from space 1024K, 100% used [0x00000000d6580000,0x00000000d6680000,0x00000000d6680000)
  to   space 2048K, 0% used [0x00000000d6300000,0x00000000d6300000,0x00000000d6500000)
 ParOldGen       total 1292288K, used 163222K [0x0000000080000000, 0x00000000cee00000, 0x00000000d5580000)
  object space 1292288K, 12% used [0x0000000080000000,0x0000000089f659d8,0x00000000cee00000)
 Metaspace       used 93899K, committed 95424K, reserved 1179648K
  class space    used 9443K, committed 10240K, reserved 1048576K
}
Event: 27419.273 GC heap after
{Heap after GC invocations=3783 (full 6):
 PSYoungGen      total 15872K, used 2027K [0x00000000d5580000, 0x00000000d7100000, 0x0000000100000000)
  eden space 13824K, 0% used [0x00000000d5580000,0x00000000d5580000,0x00000000d6300000)
  from space 2048K, 99% used [0x00000000d6300000,0x00000000d64fafb0,0x00000000d6500000)
  to   space 7168K, 0% used [0x00000000d6a00000,0x00000000d6a00000,0x00000000d7100000)
 ParOldGen       total 1292288K, used 167151K [0x0000000080000000, 0x00000000cee00000, 0x00000000d5580000)
  object space 1292288K, 12% used [0x0000000080000000,0x000000008a33be28,0x00000000cee00000)
 Metaspace       used 93899K, committed 95424K, reserved 1179648K
  class space    used 9443K, committed 10240K, reserved 1048576K
}
Event: 27441.755 GC heap before
{Heap before GC invocations=3784 (full 6):
 PSYoungGen      total 15872K, used 15851K [0x00000000d5580000, 0x00000000d7100000, 0x0000000100000000)
  eden space 13824K, 100% used [0x00000000d5580000,0x00000000d6300000,0x00000000d6300000)
  from space 2048K, 99% used [0x00000000d6300000,0x00000000d64fafb0,0x00000000d6500000)
  to   space 7168K, 0% used [0x00000000d6a00000,0x00000000d6a00000,0x00000000d7100000)
 ParOldGen       total 1292288K, used 167151K [0x0000000080000000, 0x00000000cee00000, 0x00000000d5580000)
  object space 1292288K, 12% used [0x0000000080000000,0x000000008a33be28,0x00000000cee00000)
 Metaspace       used 93900K, committed 95424K, reserved 1179648K
  class space    used 9443K, committed 10240K, reserved 1048576K
}
Event: 27441.762 GC heap after
{Heap after GC invocations=3784 (full 6):
 PSYoungGen      total 14336K, used 192K [0x00000000d5580000, 0x00000000d6a80000, 0x0000000100000000)
  eden space 13824K, 0% used [0x00000000d5580000,0x00000000d5580000,0x00000000d6300000)
  from space 512K, 37% used [0x00000000d6a00000,0x00000000d6a30000,0x00000000d6a80000)
  to   space 2560K, 0% used [0x00000000d6580000,0x00000000d6580000,0x00000000d6800000)
 ParOldGen       total 1292288K, used 169224K [0x0000000080000000, 0x00000000cee00000, 0x00000000d5580000)
  object space 1292288K, 13% used [0x0000000080000000,0x000000008a5420b8,0x00000000cee00000)
 Metaspace       used 93900K, committed 95424K, reserved 1179648K
  class space    used 9443K, committed 10240K, reserved 1048576K
}
Event: 27445.325 GC heap before
{Heap before GC invocations=3785 (full 6):
 PSYoungGen      total 14336K, used 14016K [0x00000000d5580000, 0x00000000d6a80000, 0x0000000100000000)
  eden space 13824K, 100% used [0x00000000d5580000,0x00000000d6300000,0x00000000d6300000)
  from space 512K, 37% used [0x00000000d6a00000,0x00000000d6a30000,0x00000000d6a80000)
  to   space 2560K, 0% used [0x00000000d6580000,0x00000000d6580000,0x00000000d6800000)
 ParOldGen       total 1292288K, used 169224K [0x0000000080000000, 0x00000000cee00000, 0x00000000d5580000)
  object space 1292288K, 13% used [0x0000000080000000,0x000000008a5420b8,0x00000000cee00000)
 Metaspace       used 93904K, committed 95424K, reserved 1179648K
  class space    used 9443K, committed 10240K, reserved 1048576K
}
Event: 27445.326 GC heap after
{Heap after GC invocations=3785 (full 6):
 PSYoungGen      total 16384K, used 384K [0x00000000d5580000, 0x00000000d6a80000, 0x0000000100000000)
  eden space 13824K, 0% used [0x00000000d5580000,0x00000000d5580000,0x00000000d6300000)
  from space 2560K, 15% used [0x00000000d6580000,0x00000000d65e0000,0x00000000d6800000)
  to   space 1024K, 0% used [0x00000000d6980000,0x00000000d6980000,0x00000000d6a80000)
 ParOldGen       total 1292288K, used 169288K [0x0000000080000000, 0x00000000cee00000, 0x00000000d5580000)
  object space 1292288K, 13% used [0x0000000080000000,0x000000008a5520b8,0x00000000cee00000)
 Metaspace       used 93904K, committed 95424K, reserved 1179648K
  class space    used 9443K, committed 10240K, reserved 1048576K
}
Event: 27574.335 GC heap before
{Heap before GC invocations=3786 (full 6):
 PSYoungGen      total 16384K, used 14208K [0x00000000d5580000, 0x00000000d6a80000, 0x0000000100000000)
  eden space 13824K, 100% used [0x00000000d5580000,0x00000000d6300000,0x00000000d6300000)
  from space 2560K, 15% used [0x00000000d6580000,0x00000000d65e0000,0x00000000d6800000)
  to   space 1024K, 0% used [0x00000000d6980000,0x00000000d6980000,0x00000000d6a80000)
 ParOldGen       total 1292288K, used 169288K [0x0000000080000000, 0x00000000cee00000, 0x00000000d5580000)
  object space 1292288K, 13% used [0x0000000080000000,0x000000008a5520b8,0x00000000cee00000)
 Metaspace       used 93906K, committed 95488K, reserved 1179648K
  class space    used 9443K, committed 10240K, reserved 1048576K
}
Event: 27574.336 GC heap after
{Heap after GC invocations=3786 (full 6):
 PSYoungGen      total 14336K, used 384K [0x00000000d5580000, 0x00000000d6a00000, 0x0000000100000000)
  eden space 13824K, 0% used [0x00000000d5580000,0x00000000d5580000,0x00000000d6300000)
  from space 512K, 75% used [0x00000000d6980000,0x00000000d69e0020,0x00000000d6a00000)
  to   space 512K, 0% used [0x00000000d6900000,0x00000000d6900000,0x00000000d6980000)
 ParOldGen       total 1292288K, used 169336K [0x0000000080000000, 0x00000000cee00000, 0x00000000d5580000)
  object space 1292288K, 13% used [0x0000000080000000,0x000000008a55e0b8,0x00000000cee00000)
 Metaspace       used 93906K, committed 95488K, reserved 1179648K
  class space    used 9443K, committed 10240K, reserved 1048576K
}
Event: 27581.799 GC heap before
{Heap before GC invocations=3787 (full 6):
 PSYoungGen      total 14336K, used 14208K [0x00000000d5580000, 0x00000000d6a00000, 0x0000000100000000)
  eden space 13824K, 100% used [0x00000000d5580000,0x00000000d6300000,0x00000000d6300000)
  from space 512K, 75% used [0x00000000d6980000,0x00000000d69e0020,0x00000000d6a00000)
  to   space 512K, 0% used [0x00000000d6900000,0x00000000d6900000,0x00000000d6980000)
 ParOldGen       total 1292288K, used 169336K [0x0000000080000000, 0x00000000cee00000, 0x00000000d5580000)
  object space 1292288K, 13% used [0x0000000080000000,0x000000008a55e0b8,0x00000000cee00000)
 Metaspace       used 93906K, committed 95488K, reserved 1179648K
  class space    used 9443K, committed 10240K, reserved 1048576K
}
Event: 27581.801 GC heap after
{Heap after GC invocations=3787 (full 6):
 PSYoungGen      total 14336K, used 256K [0x00000000d5580000, 0x00000000d6a00000, 0x0000000100000000)
  eden space 13824K, 0% used [0x00000000d5580000,0x00000000d5580000,0x00000000d6300000)
  from space 512K, 50% used [0x00000000d6900000,0x00000000d6940000,0x00000000d6980000)
  to   space 512K, 0% used [0x00000000d6980000,0x00000000d6980000,0x00000000d6a00000)
 ParOldGen       total 1292288K, used 169472K [0x0000000080000000, 0x00000000cee00000, 0x00000000d5580000)
  object space 1292288K, 13% used [0x0000000080000000,0x000000008a5800d8,0x00000000cee00000)
 Metaspace       used 93906K, committed 95488K, reserved 1179648K
  class space    used 9443K, committed 10240K, reserved 1048576K
}
Event: 27588.237 GC heap before
{Heap before GC invocations=3788 (full 6):
 PSYoungGen      total 14336K, used 14080K [0x00000000d5580000, 0x00000000d6a00000, 0x0000000100000000)
  eden space 13824K, 100% used [0x00000000d5580000,0x00000000d6300000,0x00000000d6300000)
  from space 512K, 50% used [0x00000000d6900000,0x00000000d6940000,0x00000000d6980000)
  to   space 512K, 0% used [0x00000000d6980000,0x00000000d6980000,0x00000000d6a00000)
 ParOldGen       total 1292288K, used 169472K [0x0000000080000000, 0x00000000cee00000, 0x00000000d5580000)
  object space 1292288K, 13% used [0x0000000080000000,0x000000008a5800d8,0x00000000cee00000)
 Metaspace       used 93919K, committed 95488K, reserved 1179648K
  class space    used 9443K, committed 10240K, reserved 1048576K
}
Event: 27588.239 GC heap after
{Heap after GC invocations=3788 (full 6):
 PSYoungGen      total 14336K, used 496K [0x00000000d5580000, 0x00000000d6a00000, 0x0000000100000000)
  eden space 13824K, 0% used [0x00000000d5580000,0x00000000d5580000,0x00000000d6300000)
  from space 512K, 96% used [0x00000000d6980000,0x00000000d69fc030,0x00000000d6a00000)
  to   space 1536K, 0% used [0x00000000d6700000,0x00000000d6700000,0x00000000d6880000)
 ParOldGen       total 1292288K, used 170000K [0x0000000080000000, 0x00000000cee00000, 0x00000000d5580000)
  object space 1292288K, 13% used [0x0000000080000000,0x000000008a6040d8,0x00000000cee00000)
 Metaspace       used 93919K, committed 95488K, reserved 1179648K
  class space    used 9443K, committed 10240K, reserved 1048576K
}
Event: 27588.295 GC heap before
{Heap before GC invocations=3789 (full 6):
 PSYoungGen      total 14336K, used 14320K [0x00000000d5580000, 0x00000000d6a00000, 0x0000000100000000)
  eden space 13824K, 100% used [0x00000000d5580000,0x00000000d6300000,0x00000000d6300000)
  from space 512K, 96% used [0x00000000d6980000,0x00000000d69fc030,0x00000000d6a00000)
  to   space 1536K, 0% used [0x00000000d6700000,0x00000000d6700000,0x00000000d6880000)
 ParOldGen       total 1292288K, used 170000K [0x0000000080000000, 0x00000000cee00000, 0x00000000d5580000)
  object space 1292288K, 13% used [0x0000000080000000,0x000000008a6040d8,0x00000000cee00000)
 Metaspace       used 93919K, committed 95488K, reserved 1179648K
  class space    used 9443K, committed 10240K, reserved 1048576K
}
Event: 27588.299 GC heap after
{Heap after GC invocations=3789 (full 6):
 PSYoungGen      total 15360K, used 1504K [0x00000000d5580000, 0x00000000d6a00000, 0x0000000100000000)
  eden space 13824K, 0% used [0x00000000d5580000,0x00000000d5580000,0x00000000d6300000)
  from space 1536K, 97% used [0x00000000d6700000,0x00000000d6878230,0x00000000d6880000)
  to   space 1536K, 0% used [0x00000000d6880000,0x00000000d6880000,0x00000000d6a00000)
 ParOldGen       total 1292288K, used 171096K [0x0000000080000000, 0x00000000cee00000, 0x00000000d5580000)
  object space 1292288K, 13% used [0x0000000080000000,0x000000008a716108,0x00000000cee00000)
 Metaspace       used 93919K, committed 95488K, reserved 1179648K
  class space    used 9443K, committed 10240K, reserved 1048576K
}

Dll operation events (12 events):
Event: 0.012 Loaded shared library c:\Users\maelp\.vscode\extensions\redhat.java-1.45.0-win32-x64\jre\21.0.8-win32-x86_64\bin\java.dll
Event: 0.132 Loaded shared library c:\Users\maelp\.vscode\extensions\redhat.java-1.45.0-win32-x64\jre\21.0.8-win32-x86_64\bin\zip.dll
Event: 0.175 Loaded shared library C:\Users\maelp\.vscode\extensions\redhat.java-1.45.0-win32-x64\jre\21.0.8-win32-x86_64\bin\instrument.dll
Event: 0.187 Loaded shared library C:\Users\maelp\.vscode\extensions\redhat.java-1.45.0-win32-x64\jre\21.0.8-win32-x86_64\bin\net.dll
Event: 0.192 Loaded shared library C:\Users\maelp\.vscode\extensions\redhat.java-1.45.0-win32-x64\jre\21.0.8-win32-x86_64\bin\nio.dll
Event: 0.198 Loaded shared library C:\Users\maelp\.vscode\extensions\redhat.java-1.45.0-win32-x64\jre\21.0.8-win32-x86_64\bin\zip.dll
Event: 0.228 Loaded shared library C:\Users\maelp\.vscode\extensions\redhat.java-1.45.0-win32-x64\jre\21.0.8-win32-x86_64\bin\jimage.dll
Event: 0.376 Loaded shared library c:\Users\maelp\.vscode\extensions\redhat.java-1.45.0-win32-x64\jre\21.0.8-win32-x86_64\bin\verify.dll
Event: 9.003 Loaded shared library C:\Users\maelp\AppData\Roaming\Code\User\globalStorage\redhat.java\1.45.0\config_win\org.eclipse.equinox.launcher\org.eclipse.equinox.launcher.win32.win32.x86_64_1.2.1400.v20250801-0854\eclipse_11916.dll
Event: 30.280 Loaded shared library C:\Users\maelp\AppData\Local\Temp\jna-103654037\jna5407005569508582968.dll
Event: 6664.578 Loaded shared library C:\Users\maelp\.vscode\extensions\redhat.java-1.45.0-win32-x64\jre\21.0.8-win32-x86_64\bin\sunmscapi.dll
Event: 6664.970 Loaded shared library C:\Users\maelp\.vscode\extensions\redhat.java-1.45.0-win32-x64\jre\21.0.8-win32-x86_64\bin\extnet.dll

Deoptimization events (20 events):
Event: 27413.062 Thread 0x000002b3491a00e0 Uncommon trap: trap_request=0xffffffde fr.pc=0x000002b37337de10 relative=0x0000000000001050
Event: 27413.062 Thread 0x000002b3491a00e0 Uncommon trap: reason=class_check action=maybe_recompile pc=0x000002b37337de10 method=org.eclipse.jdt.internal.compiler.parser.Parser.consumeToken(Lorg/eclipse/jdt/internal/compiler/parser/TerminalToken;)V @ 1413 c2
Event: 27413.062 Thread 0x000002b3491a00e0 DEOPT PACKING pc=0x000002b37337de10 sp=0x000000e43f8fe590
Event: 27413.062 Thread 0x000002b3491a00e0 DEOPT UNPACKING pc=0x000002b3724d3aa2 sp=0x000000e43f8fe510 mode 2
Event: 27587.908 Thread 0x000002b34a14ce00 Uncommon trap: trap_request=0xffffffde fr.pc=0x000002b37352c72c relative=0x000000000000074c
Event: 27587.908 Thread 0x000002b34a14ce00 Uncommon trap: reason=class_check action=maybe_recompile pc=0x000002b37352c72c method=java.util.stream.ReduceOps.makeRef(Ljava/util/stream/Collector;)Ljava/util/stream/TerminalOp; @ 4 c2
Event: 27587.909 Thread 0x000002b34a14ce00 DEOPT PACKING pc=0x000002b37352c72c sp=0x000000e43fafe7a0
Event: 27587.909 Thread 0x000002b34a14ce00 DEOPT UNPACKING pc=0x000002b3724d3aa2 sp=0x000000e43fafe700 mode 2
Event: 27587.909 Thread 0x000002b34a14ce00 Uncommon trap: trap_request=0xffffffde fr.pc=0x000002b3734d7e1c relative=0x00000000000000dc
Event: 27587.909 Thread 0x000002b34a14ce00 Uncommon trap: reason=class_check action=maybe_recompile pc=0x000002b3734d7e1c method=java.util.stream.ReduceOps$3.getOpFlags()I @ 4 c2
Event: 27587.909 Thread 0x000002b34a14ce00 DEOPT PACKING pc=0x000002b3734d7e1c sp=0x000000e43fafe710
Event: 27587.909 Thread 0x000002b34a14ce00 DEOPT UNPACKING pc=0x000002b3724d3aa2 sp=0x000000e43fafe698 mode 2
Event: 27587.909 Thread 0x000002b34a14ce00 Uncommon trap: trap_request=0xffffffde fr.pc=0x000002b37352c72c relative=0x000000000000074c
Event: 27587.909 Thread 0x000002b34a14ce00 Uncommon trap: reason=class_check action=maybe_recompile pc=0x000002b37352c72c method=java.util.stream.ReduceOps.makeRef(Ljava/util/stream/Collector;)Ljava/util/stream/TerminalOp; @ 4 c2
Event: 27587.909 Thread 0x000002b34a14ce00 DEOPT PACKING pc=0x000002b37352c72c sp=0x000000e43fafe7a0
Event: 27587.909 Thread 0x000002b34a14ce00 DEOPT UNPACKING pc=0x000002b3724d3aa2 sp=0x000000e43fafe700 mode 2
Event: 27587.909 Thread 0x000002b34a14ce00 Uncommon trap: trap_request=0xffffffde fr.pc=0x000002b3734d7e1c relative=0x00000000000000dc
Event: 27587.909 Thread 0x000002b34a14ce00 Uncommon trap: reason=class_check action=maybe_recompile pc=0x000002b3734d7e1c method=java.util.stream.ReduceOps$3.getOpFlags()I @ 4 c2
Event: 27587.909 Thread 0x000002b34a14ce00 DEOPT PACKING pc=0x000002b3734d7e1c sp=0x000000e43fafe710
Event: 27587.909 Thread 0x000002b34a14ce00 DEOPT UNPACKING pc=0x000002b3724d3aa2 sp=0x000000e43fafe698 mode 2

Classes loaded (20 events):
Event: 21020.884 Loading class java/util/stream/SliceOps
Event: 21020.885 Loading class java/util/stream/SliceOps done
Event: 21020.885 Loading class java/util/stream/SliceOps$1
Event: 21020.885 Loading class java/util/stream/SliceOps$1 done
Event: 21020.889 Loading class java/util/stream/SliceOps$1$1
Event: 21020.889 Loading class java/util/stream/SliceOps$1$1 done
Event: 21020.903 Loading class java/util/concurrent/CompletableFuture$UniWhenComplete
Event: 21020.903 Loading class java/util/concurrent/CompletableFuture$UniWhenComplete done
Event: 21020.903 Loading class java/util/concurrent/CompletableFuture$UniCompose
Event: 21020.904 Loading class java/util/concurrent/CompletableFuture$UniCompose done
Event: 21020.904 Loading class java/util/concurrent/CompletableFuture$UniRelay
Event: 21020.904 Loading class java/util/concurrent/CompletableFuture$UniRelay done
Event: 21021.710 Loading class java/util/concurrent/ScheduledThreadPoolExecutor$DelayedWorkQueue$Itr
Event: 21021.710 Loading class java/util/concurrent/ScheduledThreadPoolExecutor$DelayedWorkQueue$Itr done
Event: 21025.775 Loading class java/lang/ProcessHandleImpl$ExitCompletion
Event: 21025.775 Loading class java/lang/ProcessHandleImpl$ExitCompletion done
Event: 21025.775 Loading class java/lang/ProcessHandleImpl$1
Event: 21025.775 Loading class java/lang/ProcessHandleImpl$1 done
Event: 21025.776 Loading class java/util/concurrent/CompletableFuture$UniHandle
Event: 21025.776 Loading class java/util/concurrent/CompletableFuture$UniHandle done

Classes unloaded (20 events):
Event: 25836.614 Thread 0x000002b37fb40d70 Unloading class 0x000002b301930c00 'java/lang/invoke/LambdaForm$MH+0x000002b301930c00'
Event: 25836.614 Thread 0x000002b37fb40d70 Unloading class 0x000002b30192a400 'java/lang/invoke/LambdaForm$MH+0x000002b30192a400'
Event: 25836.614 Thread 0x000002b37fb40d70 Unloading class 0x000002b30192a000 'java/lang/invoke/LambdaForm$MH+0x000002b30192a000'
Event: 25836.614 Thread 0x000002b37fb40d70 Unloading class 0x000002b301929800 'java/lang/invoke/LambdaForm$MH+0x000002b301929800'
Event: 25836.614 Thread 0x000002b37fb40d70 Unloading class 0x000002b30190bc00 'java/lang/invoke/LambdaForm$BMH+0x000002b30190bc00'
Event: 25836.614 Thread 0x000002b37fb40d70 Unloading class 0x000002b301892800 'java/lang/invoke/LambdaForm$MH+0x000002b301892800'
Event: 25836.614 Thread 0x000002b37fb40d70 Unloading class 0x000002b301892400 'java/lang/invoke/LambdaForm$MH+0x000002b301892400'
Event: 25836.614 Thread 0x000002b37fb40d70 Unloading class 0x000002b301892000 'java/lang/invoke/LambdaForm$MH+0x000002b301892000'
Event: 25836.614 Thread 0x000002b37fb40d70 Unloading class 0x000002b301891400 'java/lang/invoke/LambdaForm$MH+0x000002b301891400'
Event: 25836.614 Thread 0x000002b37fb40d70 Unloading class 0x000002b301890400 'java/lang/invoke/LambdaForm$MH+0x000002b301890400'
Event: 25836.614 Thread 0x000002b37fb40d70 Unloading class 0x000002b3016fc400 'java/lang/invoke/LambdaForm$MH+0x000002b3016fc400'
Event: 25836.614 Thread 0x000002b37fb40d70 Unloading class 0x000002b301702000 'java/lang/invoke/LambdaForm$MH+0x000002b301702000'
Event: 25836.614 Thread 0x000002b37fb40d70 Unloading class 0x000002b301720000 'java/lang/invoke/LambdaForm$MH+0x000002b301720000'
Event: 25836.614 Thread 0x000002b37fb40d70 Unloading class 0x000002b301720c00 'java/lang/invoke/LambdaForm$MH+0x000002b301720c00'
Event: 25836.614 Thread 0x000002b37fb40d70 Unloading class 0x000002b301177800 'java/lang/invoke/LambdaForm$MH+0x000002b301177800'
Event: 25836.614 Thread 0x000002b37fb40d70 Unloading class 0x000002b30101f800 'java/lang/invoke/LambdaForm$MH+0x000002b30101f800'
Event: 25836.614 Thread 0x000002b37fb40d70 Unloading class 0x000002b30101e800 'java/lang/invoke/LambdaForm$MH+0x000002b30101e800'
Event: 25836.614 Thread 0x000002b37fb40d70 Unloading class 0x000002b30101e400 'java/lang/invoke/LambdaForm$MH+0x000002b30101e400'
Event: 25836.614 Thread 0x000002b37fb40d70 Unloading class 0x000002b30101dc00 'java/lang/invoke/LambdaForm$MH+0x000002b30101dc00'
Event: 25836.614 Thread 0x000002b37fb40d70 Unloading class 0x000002b30101d400 'java/lang/invoke/LambdaForm$MH+0x000002b30101d400'

Classes redefined (0 events):
No events

Internal exceptions (20 events):
Event: 27172.732 Thread 0x000002b3491a1490 Exception <a 'java/lang/ClassNotFoundException'{0x00000000d618b0c0}: sun/net/www/protocol/jdt/Handler> (0x00000000d618b0c0) 
thrown [s\src\hotspot\share\classfile\systemDictionary.cpp, line 312]
Event: 27172.732 Thread 0x000002b3491a1490 Exception <a 'java/lang/ClassNotFoundException'{0x00000000d618d978}: sun/net/www/protocol/jdt/Handler> (0x00000000d618d978) 
thrown [s\src\hotspot\share\classfile\systemDictionary.cpp, line 312]
Event: 27172.732 Thread 0x000002b3491a1490 Exception <a 'java/lang/ClassNotFoundException'{0x00000000d6190278}: sun/net/www/protocol/jdt/Handler> (0x00000000d6190278) 
thrown [s\src\hotspot\share\classfile\systemDictionary.cpp, line 312]
Event: 27172.732 Thread 0x000002b3491a1490 Exception <a 'java/lang/ClassNotFoundException'{0x00000000d6192b30}: sun/net/www/protocol/jdt/Handler> (0x00000000d6192b30) 
thrown [s\src\hotspot\share\classfile\systemDictionary.cpp, line 312]
Event: 27172.732 Thread 0x000002b3491a1490 Exception <a 'java/lang/ClassNotFoundException'{0x00000000d61953e8}: sun/net/www/protocol/jdt/Handler> (0x00000000d61953e8) 
thrown [s\src\hotspot\share\classfile\systemDictionary.cpp, line 312]
Event: 27175.554 Thread 0x000002b34960d690 Exception <a 'sun/nio/fs/WindowsException'{0x00000000d62733e0}> (0x00000000d62733e0) 
thrown [s\src\hotspot\share\prims\jni.cpp, line 520]
Event: 27175.555 Thread 0x000002b34960d690 Exception <a 'sun/nio/fs/WindowsException'{0x00000000d6273d88}> (0x00000000d6273d88) 
thrown [s\src\hotspot\share\prims\jni.cpp, line 520]
Event: 27413.051 Thread 0x000002b3491a00e0 Exception <a 'java/lang/ClassNotFoundException'{0x00000000d5e603c0}: sun/net/www/protocol/jdt/Handler> (0x00000000d5e603c0) 
thrown [s\src\hotspot\share\classfile\systemDictionary.cpp, line 312]
Event: 27483.549 Thread 0x000002b354789190 Exception <a 'sun/nio/fs/WindowsException'{0x00000000d588aec0}> (0x00000000d588aec0) 
thrown [s\src\hotspot\share\prims\jni.cpp, line 520]
Event: 27483.549 Thread 0x000002b354789190 Exception <a 'sun/nio/fs/WindowsException'{0x00000000d588b868}> (0x00000000d588b868) 
thrown [s\src\hotspot\share\prims\jni.cpp, line 520]
Event: 27587.604 Thread 0x000002b34a1492f0 Exception <a 'sun/nio/fs/WindowsException'{0x00000000d5796270}> (0x00000000d5796270) 
thrown [s\src\hotspot\share\prims\jni.cpp, line 520]
Event: 27587.605 Thread 0x000002b34a1492f0 Exception <a 'sun/nio/fs/WindowsException'{0x00000000d5796c38}> (0x00000000d5796c38) 
thrown [s\src\hotspot\share\prims\jni.cpp, line 520]
Event: 27587.605 Thread 0x000002b34a1492f0 Exception <a 'sun/nio/fs/WindowsException'{0x00000000d5797be0}> (0x00000000d5797be0) 
thrown [s\src\hotspot\share\prims\jni.cpp, line 520]
Event: 27587.605 Thread 0x000002b34a1492f0 Exception <a 'sun/nio/fs/WindowsException'{0x00000000d5798588}> (0x00000000d5798588) 
thrown [s\src\hotspot\share\prims\jni.cpp, line 520]
Event: 27587.605 Thread 0x000002b34a1492f0 Exception <a 'sun/nio/fs/WindowsException'{0x00000000d5799f60}> (0x00000000d5799f60) 
thrown [s\src\hotspot\share\prims\jni.cpp, line 520]
Event: 27587.605 Thread 0x000002b34a1492f0 Exception <a 'sun/nio/fs/WindowsException'{0x00000000d579a658}> (0x00000000d579a658) 
thrown [s\src\hotspot\share\prims\jni.cpp, line 520]
Event: 27587.609 Thread 0x000002b34a1492f0 Exception <a 'sun/nio/fs/WindowsException'{0x00000000d57b5ad0}> (0x00000000d57b5ad0) 
thrown [s\src\hotspot\share\prims\jni.cpp, line 520]
Event: 27587.609 Thread 0x000002b34a1492f0 Exception <a 'sun/nio/fs/WindowsException'{0x00000000d57b6478}> (0x00000000d57b6478) 
thrown [s\src\hotspot\share\prims\jni.cpp, line 520]
Event: 27587.907 Thread 0x000002b34a14ce00 Exception <a 'sun/nio/fs/WindowsException'{0x00000000d5f54320}> (0x00000000d5f54320) 
thrown [s\src\hotspot\share\prims\jni.cpp, line 520]
Event: 27587.907 Thread 0x000002b34a14ce00 Exception <a 'sun/nio/fs/WindowsException'{0x00000000d5f54990}> (0x00000000d5f54990) 
thrown [s\src\hotspot\share\prims\jni.cpp, line 520]

ZGC Phase Switch (0 events):
No events

VM Operations (20 events):
Event: 27961.332 Executing VM operation: HandshakeAllThreads (HandshakeForDeflation)
Event: 27961.332 Executing VM operation: HandshakeAllThreads (HandshakeForDeflation) done
Event: 27961.332 Executing VM operation: RendezvousGCThreads
Event: 27961.332 Executing VM operation: RendezvousGCThreads done
Event: 28021.523 Executing VM operation: HandshakeAllThreads (HandshakeForDeflation)
Event: 28021.524 Executing VM operation: HandshakeAllThreads (HandshakeForDeflation) done
Event: 28021.524 Executing VM operation: RendezvousGCThreads
Event: 28021.524 Executing VM operation: RendezvousGCThreads done
Event: 28081.703 Executing VM operation: HandshakeAllThreads (HandshakeForDeflation)
Event: 28081.703 Executing VM operation: HandshakeAllThreads (HandshakeForDeflation) done
Event: 28081.703 Executing VM operation: RendezvousGCThreads
Event: 28081.703 Executing VM operation: RendezvousGCThreads done
Event: 28141.776 Executing VM operation: HandshakeAllThreads (HandshakeForDeflation)
Event: 28141.776 Executing VM operation: HandshakeAllThreads (HandshakeForDeflation) done
Event: 28141.776 Executing VM operation: RendezvousGCThreads
Event: 28141.776 Executing VM operation: RendezvousGCThreads done
Event: 28201.945 Executing VM operation: HandshakeAllThreads (HandshakeForDeflation)
Event: 28201.946 Executing VM operation: HandshakeAllThreads (HandshakeForDeflation) done
Event: 28201.946 Executing VM operation: RendezvousGCThreads
Event: 28201.946 Executing VM operation: RendezvousGCThreads done

Memory protections (0 events):
No events

Nmethod flushes (20 events):
Event: 25836.818 Thread 0x000002b37fb40d70 flushing  nmethod 0x000002b36dd73590
Event: 25836.818 Thread 0x000002b37fb40d70 flushing  nmethod 0x000002b36ddb5710
Event: 25836.818 Thread 0x000002b37fb40d70 flushing  nmethod 0x000002b36ddbb510
Event: 25836.818 Thread 0x000002b37fb40d70 flushing  nmethod 0x000002b36ddc1110
Event: 25836.818 Thread 0x000002b37fb40d70 flushing  nmethod 0x000002b36ddc8710
Event: 25836.818 Thread 0x000002b37fb40d70 flushing  nmethod 0x000002b36ddd6b10
Event: 25836.818 Thread 0x000002b37fb40d70 flushing  nmethod 0x000002b36de28f90
Event: 25836.818 Thread 0x000002b37fb40d70 flushing  nmethod 0x000002b36de3e310
Event: 25836.818 Thread 0x000002b37fb40d70 flushing  nmethod 0x000002b36de4cd10
Event: 25836.818 Thread 0x000002b37fb40d70 flushing  nmethod 0x000002b36de54390
Event: 25836.818 Thread 0x000002b37fb40d70 flushing  nmethod 0x000002b36de5a890
Event: 25836.818 Thread 0x000002b37fb40d70 flushing  nmethod 0x000002b36de5b390
Event: 25836.818 Thread 0x000002b37fb40d70 flushing  nmethod 0x000002b36de65610
Event: 25836.818 Thread 0x000002b37fb40d70 flushing  nmethod 0x000002b36de9c010
Event: 25836.818 Thread 0x000002b37fb40d70 flushing osr nmethod 0x000002b36debf190
Event: 25836.818 Thread 0x000002b37fb40d70 flushing  nmethod 0x000002b36dfc9c10
Event: 25836.818 Thread 0x000002b37fb40d70 flushing  nmethod 0x000002b36dfe1890
Event: 25836.818 Thread 0x000002b37fb40d70 flushing  nmethod 0x000002b36dff5f10
Event: 25836.818 Thread 0x000002b37fb40d70 flushing  nmethod 0x000002b36e025a10
Event: 25836.818 Thread 0x000002b37fb40d70 flushing  nmethod 0x000002b36e02ef90

Events (20 events):
Event: 27588.236 Thread 0x000002b34aaa4d90 Thread added: 0x000002b34aaa3350
Event: 27588.236 Thread 0x000002b34aaa2cc0 Thread added: 0x000002b3491a00e0
Event: 27588.236 Thread 0x000002b34aaa3350 Thread added: 0x000002b34919d2f0
Event: 27588.236 Thread 0x000002b3491a00e0 Thread added: 0x000002b3491a1490
Event: 27588.239 Thread 0x000002b3491a1490 Thread added: 0x000002b3491a0e00
Event: 27588.240 Thread 0x000002b34919d2f0 Thread added: 0x000002b354787de0
Event: 27588.543 Thread 0x000002b34aaa2630 Thread added: 0x000002b354788470
Event: 27588.543 Thread 0x000002b34aaa2630 Thread exited: 0x000002b34aaa2630
Event: 27633.908 Thread 0x000002b34a14ce00 Thread exited: 0x000002b34a14ce00
Event: 27663.924 Thread 0x000002b34a14b3c0 Thread exited: 0x000002b34a14b3c0
Event: 27693.912 Thread 0x000002b354788470 Thread exited: 0x000002b354788470
Event: 27710.252 Thread 0x000002b3491a00e0 Thread exited: 0x000002b3491a00e0
Event: 27770.268 Thread 0x000002b34a1492f0 Thread exited: 0x000002b34a1492f0
Event: 27830.276 Thread 0x000002b34a149980 Thread exited: 0x000002b34a149980
Event: 27890.288 Thread 0x000002b34aaa3350 Thread exited: 0x000002b34aaa3350
Event: 27950.294 Thread 0x000002b34aaa2cc0 Thread exited: 0x000002b34aaa2cc0
Event: 28010.302 Thread 0x000002b34919d2f0 Thread exited: 0x000002b34919d2f0
Event: 28070.311 Thread 0x000002b3491a1490 Thread exited: 0x000002b3491a1490
Event: 28130.325 Thread 0x000002b3491a0e00 Thread exited: 0x000002b3491a0e00
Event: 28190.340 Thread 0x000002b354787de0 Thread exited: 0x000002b354787de0


Dynamic libraries:
0x00007ff702e80000 - 0x00007ff702e8e000 	c:\Users\maelp\.vscode\extensions\redhat.java-1.45.0-win32-x64\jre\21.0.8-win32-x86_64\bin\java.exe
0x00007fff10d70000 - 0x00007fff10f87000 	C:\WINDOWS\SYSTEM32\ntdll.dll
0x00007fff102b0000 - 0x00007fff10374000 	C:\WINDOWS\System32\KERNEL32.DLL
0x00007fff0e4b0000 - 0x00007fff0e880000 	C:\WINDOWS\System32\KERNELBASE.dll
0x00007fff0de70000 - 0x00007fff0df81000 	C:\WINDOWS\System32\ucrtbase.dll
0x00007ffedb770000 - 0x00007ffedb78e000 	c:\Users\maelp\.vscode\extensions\redhat.java-1.45.0-win32-x64\jre\21.0.8-win32-x86_64\bin\VCRUNTIME140.dll
0x00007ffed04c0000 - 0x00007ffed04d8000 	c:\Users\maelp\.vscode\extensions\redhat.java-1.45.0-win32-x64\jre\21.0.8-win32-x86_64\bin\jli.dll
0x00007fff10720000 - 0x00007fff108d1000 	C:\WINDOWS\System32\USER32.dll
0x00007ffee9720000 - 0x00007ffee99bc000 	C:\WINDOWS\WinSxS\amd64_microsoft.windows.common-controls_6595b64144ccf1df_6.0.22621.5840_none_2710ea077384a4fe\COMCTL32.dll
0x00007fff10640000 - 0x00007fff106e7000 	C:\WINDOWS\System32\msvcrt.dll
0x00007fff0eac0000 - 0x00007fff0eae9000 	C:\WINDOWS\System32\GDI32.dll
0x00007fff0e880000 - 0x00007fff0e8a6000 	C:\WINDOWS\System32\win32u.dll
0x00007fff0e180000 - 0x00007fff0e2a3000 	C:\WINDOWS\System32\gdi32full.dll
0x00007fff0e8b0000 - 0x00007fff0e94a000 	C:\WINDOWS\System32\msvcp_win.dll
0x00007fff10cf0000 - 0x00007fff10d21000 	C:\WINDOWS\System32\IMM32.DLL
0x00007ffef4630000 - 0x00007ffef463c000 	c:\Users\maelp\.vscode\extensions\redhat.java-1.45.0-win32-x64\jre\21.0.8-win32-x86_64\bin\vcruntime140_1.dll
0x00007ffea3ab0000 - 0x00007ffea3b3d000 	c:\Users\maelp\.vscode\extensions\redhat.java-1.45.0-win32-x64\jre\21.0.8-win32-x86_64\bin\msvcp140.dll
0x00007ffe15ec0000 - 0x00007ffe16c57000 	c:\Users\maelp\.vscode\extensions\redhat.java-1.45.0-win32-x64\jre\21.0.8-win32-x86_64\bin\server\jvm.dll
0x00007fff0ea00000 - 0x00007fff0eab1000 	C:\WINDOWS\System32\ADVAPI32.dll
0x00007fff10ae0000 - 0x00007fff10b88000 	C:\WINDOWS\System32\sechost.dll
0x00007fff0e950000 - 0x00007fff0e978000 	C:\WINDOWS\System32\bcrypt.dll
0x00007fff108e0000 - 0x00007fff109f8000 	C:\WINDOWS\System32\RPCRT4.dll
0x00007fff10510000 - 0x00007fff10581000 	C:\WINDOWS\System32\WS2_32.dll
0x00007fff0d6e0000 - 0x00007fff0d72d000 	C:\WINDOWS\SYSTEM32\POWRPROF.dll
0x00007fff02160000 - 0x00007fff0216a000 	C:\WINDOWS\SYSTEM32\VERSION.dll
0x00007fff02e00000 - 0x00007fff02e34000 	C:\WINDOWS\SYSTEM32\WINMM.dll
0x00007fff0d6c0000 - 0x00007fff0d6d3000 	C:\WINDOWS\SYSTEM32\UMPDC.dll
0x00007fff0ce40000 - 0x00007fff0ce58000 	C:\WINDOWS\SYSTEM32\kernel.appcore.dll
0x00007ffedd810000 - 0x00007ffedd81a000 	c:\Users\maelp\.vscode\extensions\redhat.java-1.45.0-win32-x64\jre\21.0.8-win32-x86_64\bin\jimage.dll
0x00007fff0b1f0000 - 0x00007fff0b423000 	C:\WINDOWS\SYSTEM32\DBGHELP.DLL
0x00007fff0f290000 - 0x00007fff0f621000 	C:\WINDOWS\System32\combase.dll
0x00007fff10a00000 - 0x00007fff10ad8000 	C:\WINDOWS\System32\OLEAUT32.dll
0x00007ffefcce0000 - 0x00007ffefcd12000 	C:\WINDOWS\SYSTEM32\dbgcore.DLL
0x00007fff0e980000 - 0x00007fff0e9fb000 	C:\WINDOWS\System32\bcryptPrimitives.dll
0x00007ffedcb10000 - 0x00007ffedcb1f000 	c:\Users\maelp\.vscode\extensions\redhat.java-1.45.0-win32-x64\jre\21.0.8-win32-x86_64\bin\instrument.dll
0x00007ffecb220000 - 0x00007ffecb23f000 	c:\Users\maelp\.vscode\extensions\redhat.java-1.45.0-win32-x64\jre\21.0.8-win32-x86_64\bin\java.dll
0x00007fff0f8e0000 - 0x00007fff10181000 	C:\WINDOWS\System32\SHELL32.dll
0x00007fff0e370000 - 0x00007fff0e4af000 	C:\WINDOWS\System32\wintypes.dll
0x00007fff0bd40000 - 0x00007fff0c65a000 	C:\WINDOWS\SYSTEM32\windows.storage.dll
0x00007fff10190000 - 0x00007fff1029a000 	C:\WINDOWS\System32\SHCORE.dll
0x00007fff0ebe0000 - 0x00007fff0ec49000 	C:\WINDOWS\System32\shlwapi.dll
0x00007fff0dda0000 - 0x00007fff0ddc5000 	C:\WINDOWS\SYSTEM32\profapi.dll
0x00007ffecafe0000 - 0x00007ffecaff8000 	c:\Users\maelp\.vscode\extensions\redhat.java-1.45.0-win32-x64\jre\21.0.8-win32-x86_64\bin\zip.dll
0x00007ffed3400000 - 0x00007ffed3410000 	C:\Users\maelp\.vscode\extensions\redhat.java-1.45.0-win32-x64\jre\21.0.8-win32-x86_64\bin\net.dll
0x00007fff01f50000 - 0x00007fff0207c000 	C:\WINDOWS\SYSTEM32\WINHTTP.dll
0x00007fff0d390000 - 0x00007fff0d3f9000 	C:\WINDOWS\system32\mswsock.dll
0x00007ffecafc0000 - 0x00007ffecafd6000 	C:\Users\maelp\.vscode\extensions\redhat.java-1.45.0-win32-x64\jre\21.0.8-win32-x86_64\bin\nio.dll
0x00007ffed2c00000 - 0x00007ffed2c10000 	c:\Users\maelp\.vscode\extensions\redhat.java-1.45.0-win32-x64\jre\21.0.8-win32-x86_64\bin\verify.dll
0x00007ffeca2a0000 - 0x00007ffeca2e4000 	C:\Users\maelp\AppData\Roaming\Code\User\globalStorage\redhat.java\1.45.0\config_win\org.eclipse.equinox.launcher\org.eclipse.equinox.launcher.win32.win32.x86_64_1.2.1400.v20250801-0854\eclipse_11916.dll
0x00007fff0ec70000 - 0x00007fff0ee10000 	C:\WINDOWS\System32\ole32.dll
0x00007fff0d5f0000 - 0x00007fff0d60b000 	C:\WINDOWS\SYSTEM32\CRYPTSP.dll
0x00007fff0cda0000 - 0x00007fff0cdd7000 	C:\WINDOWS\system32\rsaenh.dll
0x00007fff0d480000 - 0x00007fff0d4a8000 	C:\WINDOWS\SYSTEM32\USERENV.dll
0x00007fff0d610000 - 0x00007fff0d61c000 	C:\WINDOWS\SYSTEM32\CRYPTBASE.dll
0x00007fff0c8c0000 - 0x00007fff0c8ed000 	C:\WINDOWS\SYSTEM32\IPHLPAPI.DLL
0x00007fff10500000 - 0x00007fff10509000 	C:\WINDOWS\System32\NSI.dll
0x00007ffecf650000 - 0x00007ffecf699000 	C:\Users\maelp\AppData\Local\Temp\jna-103654037\jna5407005569508582968.dll
0x00007fff102a0000 - 0x00007fff102a8000 	C:\WINDOWS\System32\PSAPI.DLL
0x00007fff016f0000 - 0x00007fff01709000 	C:\WINDOWS\SYSTEM32\dhcpcsvc6.DLL
0x00007fff01680000 - 0x00007fff0169f000 	C:\WINDOWS\SYSTEM32\dhcpcsvc.DLL
0x00007fff0cf50000 - 0x00007fff0cf84000 	C:\WINDOWS\SYSTEM32\ntmarta.dll
0x00007ffefbdb0000 - 0x00007ffefbdbe000 	C:\Users\maelp\.vscode\extensions\redhat.java-1.45.0-win32-x64\jre\21.0.8-win32-x86_64\bin\sunmscapi.dll
0x00007fff0e010000 - 0x00007fff0e178000 	C:\WINDOWS\System32\CRYPT32.dll
0x00007fff0d820000 - 0x00007fff0d84d000 	C:\WINDOWS\SYSTEM32\ncrypt.dll
0x00007fff0d7e0000 - 0x00007fff0d817000 	C:\WINDOWS\SYSTEM32\NTASN1.dll
0x00007fff0c930000 - 0x00007fff0ca28000 	C:\WINDOWS\SYSTEM32\DNSAPI.dll
0x00007fff01350000 - 0x00007fff0135a000 	C:\Windows\System32\rasadhlp.dll
0x00007fff00d00000 - 0x00007fff00d84000 	C:\WINDOWS\System32\fwpuclnt.dll
0x00007ffefb990000 - 0x00007ffefb999000 	C:\Users\maelp\.vscode\extensions\redhat.java-1.45.0-win32-x64\jre\21.0.8-win32-x86_64\bin\extnet.dll

JVMTI agents:
c:\Users\maelp\.vscode\extensions\redhat.java-1.45.0-win32-x64\lombok\lombok-1.18.39-4050.jar path:c:\Users\maelp\.vscode\extensions\redhat.java-1.45.0-win32-x64\jre\21.0.8-win32-x86_64\bin\instrument.dll, loaded, initialized, instrumentlib options:none

dbghelp: loaded successfully - version: 4.0.5 - missing functions: none
symbol engine: initialized successfully - sym options: 0x614 - pdb path: .;c:\Users\maelp\.vscode\extensions\redhat.java-1.45.0-win32-x64\jre\21.0.8-win32-x86_64\bin;C:\WINDOWS\SYSTEM32;C:\WINDOWS\WinSxS\amd64_microsoft.windows.common-controls_6595b64144ccf1df_6.0.22621.5840_none_2710ea077384a4fe;c:\Users\maelp\.vscode\extensions\redhat.java-1.45.0-win32-x64\jre\21.0.8-win32-x86_64\bin\server;C:\Users\maelp\AppData\Roaming\Code\User\globalStorage\redhat.java\1.45.0\config_win\org.eclipse.equinox.launcher\org.eclipse.equinox.launcher.win32.win32.x86_64_1.2.1400.v20250801-0854;C:\Users\maelp\AppData\Local\Temp\jna-103654037

VM Arguments:
jvm_args: --add-modules=ALL-SYSTEM --add-opens=java.base/java.util=ALL-UNNAMED --add-opens=java.base/java.lang=ALL-UNNAMED --add-opens=java.base/sun.nio.fs=ALL-UNNAMED -Declipse.application=org.eclipse.jdt.ls.core.id1 -Dosgi.bundles.defaultStartLevel=4 -Declipse.product=org.eclipse.jdt.ls.core.product -Djava.import.generatesMetadataFilesAtProjectRoot=false -DDetectVMInstallationsJob.disabled=true -Dfile.encoding=utf8 -XX:+UseParallelGC -XX:GCTimeRatio=4 -XX:AdaptiveSizePolicyWeight=90 -Dsun.zip.disableMemoryMapping=true -Xmx2G -Xms100m -Xlog:disable -javaagent:c:\Users\maelp\.vscode\extensions\redhat.java-1.45.0-win32-x64\lombok\lombok-1.18.39-4050.jar -XX:+HeapDumpOnOutOfMemoryError -XX:HeapDumpPath=c:\Users\maelp\AppData\Roaming\Code\User\workspaceStorage\67cc0a9cd1d299d073085c9cd47edfa7\redhat.java -Daether.dependencyCollector.impl=bf 
java_command: c:\Users\maelp\.vscode\extensions\redhat.java-1.45.0-win32-x64\server\plugins\org.eclipse.equinox.launcher_1.7.0.v20250519-0528.jar -configuration c:\Users\maelp\AppData\Roaming\Code\User\globalStorage\redhat.java\1.45.0\config_win -data c:\Users\maelp\AppData\Roaming\Code\User\workspaceStorage\67cc0a9cd1d299d073085c9cd47edfa7\redhat.java\jdt_ws --pipe=\\.\pipe\lsp-c23cdbd7f1836d3616277c0a5d2fe2c9-sock
java_class_path (initial): c:\Users\maelp\.vscode\extensions\redhat.java-1.45.0-win32-x64\server\plugins\org.eclipse.equinox.launcher_1.7.0.v20250519-0528.jar
Launcher Type: SUN_STANDARD

[Global flags]
    uintx AdaptiveSizePolicyWeight                 = 90                                        {product} {command line}
     intx CICompilerCount                          = 4                                         {product} {ergonomic}
    uintx GCTimeRatio                              = 4                                         {product} {command line}
     bool HeapDumpOnOutOfMemoryError               = true                                   {manageable} {command line}
    ccstr HeapDumpPath                             = c:\Users\maelp\AppData\Roaming\Code\User\workspaceStorage\67cc0a9cd1d299d073085c9cd47edfa7\redhat.java         {manageable} {command line}
   size_t InitialHeapSize                          = 104857600                                 {product} {command line}
   size_t MaxHeapSize                              = 2147483648                                {product} {command line}
   size_t MaxNewSize                               = 715653120                                 {product} {ergonomic}
   size_t MinHeapDeltaBytes                        = 524288                                    {product} {ergonomic}
   size_t MinHeapSize                              = 104857600                                 {product} {command line}
   size_t NewSize                                  = 34603008                                  {product} {ergonomic}
    uintx NonNMethodCodeHeapSize                   = 5839372                                {pd product} {ergonomic}
    uintx NonProfiledCodeHeapSize                  = 122909434                              {pd product} {ergonomic}
   size_t OldSize                                  = 70254592                                  {product} {ergonomic}
    uintx ProfiledCodeHeapSize                     = 122909434                              {pd product} {ergonomic}
    uintx ReservedCodeCacheSize                    = 251658240                              {pd product} {ergonomic}
     bool SegmentedCodeCache                       = true                                      {product} {ergonomic}
   size_t SoftMaxHeapSize                          = 2147483648                             {manageable} {ergonomic}
     bool UseCompressedOops                        = true                           {product lp64_product} {ergonomic}
     bool UseLargePagesIndividualAllocation        = false                                  {pd product} {ergonomic}
     bool UseParallelGC                            = true                                      {product} {command line}

Logging:
Log output configuration:
 #0: stdout all=off uptime,level,tags foldmultilines=false
 #1: stderr all=off uptime,level,tags foldmultilines=false

Environment Variables:
JAVA_HOME=C:\Program Files\BellSoft\LibericaJDK-22-Full\
PATH=C:\Program Files\BellSoft\LibericaJDK-22-Full\bin\;C:\Program Files\BellSoft\LibericaJDK-22\bin\;C:\Program Files\Common Files\Oracle\Java\javapath;C:\Program Files (x86)\Common Files\Oracle\Java\java8path;C:\Program Files (x86)\Common Files\Oracle\Java\javapath;C:\Program Files\Eclipse Adoptium\jdk-17.0.5.8-hotspot\bin;C:\Program Files (x86)\Common Files\Intel\Shared Libraries\redist\intel64\compiler;C:\Program Files\Oculus\Support\oculus-runtime;C:\windows\system32;C:\windows;C:\windows\System32\Wbem;C:\windows\System32\WindowsPowerShell\v1.0\;C:\windows\System32\OpenSSH\;C:\Program Files (x86)\NVIDIA Corporation\PhysX\Common;C:\WINDOWS\system32;C:\WINDOWS;C:\WINDOWS\System32\Wbem;C:\WINDOWS\System32\WindowsPowerShell\v1.0\;C:\WINDOWS\System32\OpenSSH\;C:\Program Files\dotnet\;C:\WINDOWS\system32;C:\WINDOWS;C:\WINDOWS\System32\Wbem;C:\WINDOWS\System32\WindowsPowerShell\v1.0\;C:\WINDOWS\System32\OpenSSH\;C:\Program Files\Git\cmd;C:\Users\maelp\Documents\Jugger\FFMPEG_FOR_REAL\bin;C:\Program Files\nodejs\;C:\Program Files\NVIDIA Corporation\NVIDIA App\NvDLISR;C:\Users\maelp\AppData\Local\Microsoft\WindowsApps;C:\Users\maelp\AppData\Local\Programs\Microsoft VS Code\bin;C:\Users\maelp\AppData\Local\Microsoft\WinGet\Links;C:\Users\maelp\Downloads\cmake-3.29.0-rc2-windows-x86_64\cmake-3.29.0-rc2-windows-x86_64\bin;C:\Users\maelp\AppData\Local\GitHubDesktop\bin;C:\Users\maelp\AppData\Local\Programs\MiKTeX\miktex\bin\x64\;C:\Users\maelp\.dotnet\tools;C:\Users\maelp\AppData\Roaming\npm;C:\Maven\apache-maven-3.9.11-bin\apache-maven-3.9.11\bin;
USERNAME=maelp
OS=Windows_NT
PROCESSOR_IDENTIFIER=Intel64 Family 6 Model 165 Stepping 2, GenuineIntel
TMP=C:\Users\maelp\AppData\Local\Temp
TEMP=C:\Users\maelp\AppData\Local\Temp




Periodic native trim disabled

---------------  S Y S T E M  ---------------

OS:
 Windows 11 , 64 bit Build 22621 (10.0.22621.5415)
OS uptime: 0 days 8:01 hours

CPU: total 12 (initial active 12) (6 cores per cpu, 2 threads per core) family 6 model 165 stepping 2 microcode 0xf0, cx8, cmov, fxsr, ht, mmx, 3dnowpref, sse, sse2, sse3, ssse3, sse4.1, sse4.2, popcnt, lzcnt, tsc, tscinvbit, avx, avx2, aes, erms, clmul, bmi1, bmi2, adx, fma, vzeroupper, clflush, clflushopt, rdtscp, f16c, pku
Processor Information for the first 12 processors :
  Max Mhz: 2592, Current Mhz: 2592, Mhz Limit: 2592

Memory: 4k page, system-wide physical 16222M (481M free)
TotalPageFile size 65374M (AvailPageFile size 5M)
current process WorkingSet (physical memory assigned to process): 406M, peak: 980M
current process commit charge ("private bytes"): 1684M, peak: 1691M

vm_info: OpenJDK 64-Bit Server VM (21.0.8+9-LTS) for windows-amd64 JRE (21.0.8+9-LTS), built on 2025-07-15T00:00:00Z by "admin" with MS VC++ 17.7 (VS2022)

END.
